<?xml version="1.0" encoding="utf-8"?>
<!DOCTYPE coverage SYSTEM "http://cobertura.sourceforge.net/xml/coverage-04.dtd">
<coverage line-rate="0.48164627363737483" branch-rate="0.23313782991202345" lines-covered="866" lines-valid="1798" branches-covered="159" branches-valid="682" complexity="838" version="0" timestamp="1641863912">
  <sources>
    <source>C:\Users\carmelo.daniele\</source>
  </sources>
  <packages>
    <package name="HelperAndToolsForTest" line-rate="0.33125" branch-rate="0.2192429022082019" complexity="740">
      <classes>
        <class name="HelperAndToolsForTest.Helper.Extensions.IOExtensions.StringPathExtensions" filename="C:\Users\carmelo.daniele\source\repos\HelperAndToolsForUT\HelperAndToolsForTest\IO\PathStringExtensions.cs" line-rate="0" branch-rate="0" complexity="2">
          <methods>
            <method name="CleanForUsePathWindows" signature="(...)" line-rate="0" branch-rate="0" complexity="2">
              <lines>
                <line number="22" hits="0" branch="false" />
                <line number="23" hits="0" branch="false" />
                <line number="24" hits="0" branch="false" />
                <line number="28" hits="0" branch="false" />
                <line number="30" hits="0" branch="false" />
                <line number="33" hits="0" branch="false" />
                <line number="35" hits="0" branch="false" />
                <line number="41" hits="0" branch="false" />
                <line number="43" hits="0" branch="false" />
                <line number="46" hits="0" branch="false" />
                <line number="48" hits="0" branch="false" />
                <line number="50" hits="0" branch="false" />
                <line number="52" hits="0" branch="false" />
                <line number="53" hits="0" branch="false" />
                <line number="57" hits="0" branch="false" />
                <line number="59" hits="0" branch="false" />
                <line number="63" hits="0" branch="false" />
                <line number="67" hits="0" branch="false" />
                <line number="69" hits="0" branch="true" condition-coverage="0% (0/2)" />
                <line number="70" hits="0" branch="false" />
                <line number="73" hits="0" branch="false" />
                <line number="74" hits="0" branch="false" />
                <line number="75" hits="0" branch="false" />
                <line number="76" hits="0" branch="false" />
                <line number="77" hits="0" branch="false" />
                <line number="79" hits="0" branch="false" />
                <line number="80" hits="0" branch="false" />
              </lines>
            </method>
          </methods>
          <lines>
            <line number="22" hits="0" branch="false" />
            <line number="23" hits="0" branch="false" />
            <line number="24" hits="0" branch="false" />
            <line number="28" hits="0" branch="false" />
            <line number="30" hits="0" branch="false" />
            <line number="33" hits="0" branch="false" />
            <line number="35" hits="0" branch="false" />
            <line number="41" hits="0" branch="false" />
            <line number="43" hits="0" branch="false" />
            <line number="46" hits="0" branch="false" />
            <line number="48" hits="0" branch="false" />
            <line number="50" hits="0" branch="false" />
            <line number="52" hits="0" branch="false" />
            <line number="53" hits="0" branch="false" />
            <line number="57" hits="0" branch="false" />
            <line number="59" hits="0" branch="false" />
            <line number="63" hits="0" branch="false" />
            <line number="67" hits="0" branch="false" />
            <line number="69" hits="0" branch="true" condition-coverage="0% (0/2)" />
            <line number="70" hits="0" branch="false" />
            <line number="73" hits="0" branch="false" />
            <line number="74" hits="0" branch="false" />
            <line number="75" hits="0" branch="false" />
            <line number="76" hits="0" branch="false" />
            <line number="77" hits="0" branch="false" />
            <line number="79" hits="0" branch="false" />
            <line number="80" hits="0" branch="false" />
          </lines>
        </class>
        <class name="HelperAndToolsForTest.IO.HostTypeConvention" filename="C:\Users\carmelo.daniele\source\repos\HelperAndToolsForUT\HelperAndToolsForTest\IO\HostTypeConvention.cs" line-rate="0.665158371040724" branch-rate="0.35714285714285715" complexity="123">
          <methods>
            <method name="get_HostValidation" signature="()" line-rate="1" branch-rate="1" complexity="1">
              <lines>
                <line number="130" hits="10" branch="false" />
              </lines>
            </method>
            <method name="get_HostFound" signature="()" line-rate="1" branch-rate="1" complexity="1">
              <lines>
                <line number="135" hits="12" branch="false" />
              </lines>
            </method>
            <method name="get_ConventionType" signature="()" line-rate="1" branch-rate="1" complexity="1">
              <lines>
                <line number="140" hits="57" branch="false" />
              </lines>
            </method>
            <method name="get_ReservedNamesForRoot" signature="()" line-rate="1" branch-rate="1" complexity="1">
              <lines>
                <line number="145" hits="28" branch="false" />
              </lines>
            </method>
            <method name="get_ReservedNamesForFileName" signature="()" line-rate="1" branch-rate="1" complexity="1">
              <lines>
                <line number="150" hits="29" branch="false" />
              </lines>
            </method>
            <method name="get_ListOfInvalidCharsForPath" signature="()" line-rate="1" branch-rate="1" complexity="1">
              <lines>
                <line number="155" hits="27" branch="false" />
              </lines>
            </method>
            <method name="get_Options" signature="()" line-rate="1" branch-rate="1" complexity="1">
              <lines>
                <line number="160" hits="9" branch="false" />
              </lines>
            </method>
            <method name="ApplyPolicyConventions" signature="()" line-rate="0.7391304347826086" branch-rate="0.6666666666666666" complexity="18">
              <lines>
                <line number="319" hits="9" branch="false" />
                <line number="324" hits="9" branch="true" condition-coverage="100% (2/2)" />
                <line number="326" hits="8" branch="false" />
                <line number="327" hits="1" branch="true" condition-coverage="50% (1/2)" />
                <line number="329" hits="1" branch="false" />
                <line number="332" hits="0" branch="false" />
                <line number="335" hits="9" branch="true" condition-coverage="50% (1/2)" />
                <line number="336" hits="0" branch="false" />
                <line number="343" hits="9" branch="true" condition-coverage="100% (2/2)" />
                <line number="345" hits="8" branch="false" />
                <line number="346" hits="1" branch="true" condition-coverage="50% (1/2)" />
                <line number="348" hits="1" branch="false" />
                <line number="351" hits="0" branch="false" />
                <line number="354" hits="9" branch="true" condition-coverage="50% (1/2)" />
                <line number="355" hits="0" branch="false" />
                <line number="362" hits="9" branch="true" condition-coverage="100% (2/2)" />
                <line number="364" hits="8" branch="false" />
                <line number="365" hits="1" branch="true" condition-coverage="50% (1/2)" />
                <line number="367" hits="1" branch="false" />
                <line number="370" hits="0" branch="false" />
                <line number="373" hits="9" branch="true" condition-coverage="50% (1/2)" />
                <line number="374" hits="0" branch="false" />
                <line number="377" hits="9" branch="false" />
              </lines>
            </method>
            <method name="GetTypeHostValidation" signature="(...)" line-rate="0.8695652173913043" branch-rate="0.5714285714285714" complexity="14">
              <lines>
                <line number="393" hits="18" branch="false" />
                <line number="396" hits="18" branch="true" condition-coverage="100% (2/2)" />
                <line number="397" hits="16" branch="false" />
                <line number="398" hits="16" branch="false" />
                <line number="399" hits="16" branch="true" condition-coverage="50% (1/2)" />
                <line number="400" hits="16" branch="true" condition-coverage="50% (1/2)" />
                <line number="401" hits="16" branch="true" condition-coverage="50% (1/2)" />
                <line number="402" hits="16" branch="true" condition-coverage="50% (1/2)" />
                <line number="403" hits="16" branch="true" condition-coverage="50% (1/2)" />
                <line number="404" hits="16" branch="false" />
                <line number="405" hits="16" branch="false" />
                <line number="406" hits="16" branch="false" />
                <line number="409" hits="16" branch="false" />
                <line number="410" hits="16" branch="false" />
                <line number="413" hits="2" branch="false" />
                <line number="414" hits="2" branch="true" condition-coverage="50% (1/2)" />
                <line number="416" hits="0" branch="false" />
                <line number="417" hits="0" branch="false" />
                <line number="418" hits="0" branch="false" />
                <line number="421" hits="2" branch="false" />
                <line number="423" hits="2" branch="false" />
                <line number="424" hits="2" branch="false" />
                <line number="427" hits="18" branch="false" />
              </lines>
            </method>
            <method name="setRuntimePlusExtraDefaultsListOfInvalidCharsForPath" signature="()" line-rate="0.4166666666666667" branch-rate="0.125" complexity="8">
              <lines>
                <line number="435" hits="8" branch="false" />
                <line number="437" hits="8" branch="false" />
                <line number="440" hits="8" branch="true" condition-coverage="50% (1/2)" />
                <line number="441" hits="8" branch="false" />
                <line number="442" hits="0" branch="true" condition-coverage="0% (0/2)" />
                <line number="443" hits="0" branch="false" />
                <line number="444" hits="0" branch="true" condition-coverage="0% (0/2)" />
                <line number="445" hits="0" branch="false" />
                <line number="447" hits="0" branch="true" condition-coverage="0% (0/2)" />
                <line number="448" hits="0" branch="false" />
                <line number="451" hits="0" branch="false" />
                <line number="452" hits="8" branch="false" />
              </lines>
            </method>
            <method name="setPickedPlusExtraDefaultsListOfInvalidCharsForPath" signature="(...)" line-rate="0.46153846153846156" branch-rate="0.3" complexity="10">
              <lines>
                <line number="456" hits="9" branch="false" />
                <line number="457" hits="9" branch="true" condition-coverage="100% (2/2)" />
                <line number="458" hits="1" branch="false" />
                <line number="461" hits="9" branch="true" condition-coverage="50% (1/2)" />
                <line number="462" hits="9" branch="false" />
                <line number="463" hits="0" branch="true" condition-coverage="0% (0/2)" />
                <line number="464" hits="0" branch="false" />
                <line number="465" hits="0" branch="true" condition-coverage="0% (0/2)" />
                <line number="466" hits="0" branch="false" />
                <line number="467" hits="0" branch="true" condition-coverage="0% (0/2)" />
                <line number="468" hits="0" branch="false" />
                <line number="470" hits="0" branch="false" />
                <line number="471" hits="9" branch="false" />
              </lines>
            </method>
            <method name="setRuntimePlusExtraDefaultsRestrictedNameOnRootForPath" signature="()" line-rate="0.36363636363636365" branch-rate="0.125" complexity="8">
              <lines>
                <line number="477" hits="8" branch="false" />
                <line number="480" hits="8" branch="true" condition-coverage="50% (1/2)" />
                <line number="481" hits="8" branch="false" />
                <line number="482" hits="0" branch="true" condition-coverage="0% (0/2)" />
                <line number="483" hits="0" branch="false" />
                <line number="484" hits="0" branch="true" condition-coverage="0% (0/2)" />
                <line number="485" hits="0" branch="false" />
                <line number="487" hits="0" branch="true" condition-coverage="0% (0/2)" />
                <line number="488" hits="0" branch="false" />
                <line number="491" hits="0" branch="false" />
                <line number="492" hits="8" branch="false" />
              </lines>
            </method>
            <method name="setPickedPlusExtraDefaultsRestrictedNameOnRootForPath" signature="(...)" line-rate="0.46153846153846156" branch-rate="0.3" complexity="10">
              <lines>
                <line number="496" hits="9" branch="false" />
                <line number="497" hits="9" branch="true" condition-coverage="100% (2/2)" />
                <line number="498" hits="9" branch="false" />
                <line number="501" hits="9" branch="true" condition-coverage="50% (1/2)" />
                <line number="502" hits="9" branch="false" />
                <line number="503" hits="0" branch="true" condition-coverage="0% (0/2)" />
                <line number="504" hits="0" branch="false" />
                <line number="505" hits="0" branch="true" condition-coverage="0% (0/2)" />
                <line number="506" hits="0" branch="false" />
                <line number="507" hits="0" branch="true" condition-coverage="0% (0/2)" />
                <line number="508" hits="0" branch="false" />
                <line number="510" hits="0" branch="false" />
                <line number="511" hits="9" branch="false" />
              </lines>
            </method>
            <method name="setRuntimePlusExtraDefaultsRestrictedNamedForFileInPath" signature="()" line-rate="0.36363636363636365" branch-rate="0.125" complexity="8">
              <lines>
                <line number="517" hits="8" branch="false" />
                <line number="520" hits="8" branch="true" condition-coverage="50% (1/2)" />
                <line number="521" hits="8" branch="false" />
                <line number="522" hits="0" branch="true" condition-coverage="0% (0/2)" />
                <line number="523" hits="0" branch="false" />
                <line number="524" hits="0" branch="true" condition-coverage="0% (0/2)" />
                <line number="525" hits="0" branch="false" />
                <line number="527" hits="0" branch="true" condition-coverage="0% (0/2)" />
                <line number="528" hits="0" branch="false" />
                <line number="531" hits="0" branch="false" />
                <line number="532" hits="8" branch="false" />
              </lines>
            </method>
            <method name="setPickedPlusExtraDefaultsRestrictedNamedForFileInPath" signature="(...)" line-rate="0.46153846153846156" branch-rate="0.3" complexity="10">
              <lines>
                <line number="536" hits="9" branch="false" />
                <line number="537" hits="9" branch="true" condition-coverage="100% (2/2)" />
                <line number="538" hits="9" branch="false" />
                <line number="541" hits="9" branch="true" condition-coverage="50% (1/2)" />
                <line number="542" hits="9" branch="false" />
                <line number="543" hits="0" branch="true" condition-coverage="0% (0/2)" />
                <line number="544" hits="0" branch="false" />
                <line number="545" hits="0" branch="true" condition-coverage="0% (0/2)" />
                <line number="546" hits="0" branch="false" />
                <line number="547" hits="0" branch="true" condition-coverage="0% (0/2)" />
                <line number="548" hits="0" branch="false" />
                <line number="550" hits="0" branch="false" />
                <line number="551" hits="9" branch="false" />
              </lines>
            </method>
            <method name=".ctor" signature="(...)" line-rate="1" branch-rate="1" complexity="1">
              <lines>
                <line number="178" hits="8" branch="false" />
                <line number="179" hits="8" branch="false" />
                <line number="180" hits="8" branch="false" />
                <line number="181" hits="8" branch="false" />
                <line number="182" hits="8" branch="false" />
                <line number="183" hits="24" branch="false" />
              </lines>
            </method>
            <method name=".ctor" signature="(...)" line-rate="1" branch-rate="1" complexity="1">
              <lines>
                <line number="199" hits="1" branch="false" />
                <line number="200" hits="1" branch="false" />
                <line number="201" hits="1" branch="false" />
                <line number="202" hits="1" branch="false" />
                <line number="203" hits="1" branch="false" />
                <line number="204" hits="1" branch="false" />
                <line number="205" hits="2" branch="false" />
              </lines>
            </method>
            <method name=".ctor" signature="(...)" line-rate="0" branch-rate="1" complexity="1">
              <lines>
                <line number="221" hits="0" branch="false" />
                <line number="222" hits="0" branch="false" />
                <line number="223" hits="0" branch="false" />
                <line number="224" hits="0" branch="false" />
                <line number="225" hits="0" branch="false" />
                <line number="226" hits="0" branch="false" />
              </lines>
            </method>
            <method name=".ctor" signature="(...)" line-rate="0.7745098039215687" branch-rate="0.3076923076923077" complexity="26">
              <lines>
                <line number="56" hits="9" branch="false" />
                <line number="57" hits="9" branch="false" />
                <line number="58" hits="9" branch="false" />
                <line number="59" hits="9" branch="false" />
                <line number="65" hits="1" branch="false" />
                <line number="67" hits="1" branch="false" />
                <line number="69" hits="1" branch="false" />
                <line number="71" hits="1" branch="false" />
                <line number="73" hits="1" branch="false" />
                <line number="80" hits="1" branch="false" />
                <line number="83" hits="1" branch="false" />
                <line number="84" hits="1" branch="false" />
                <line number="85" hits="1" branch="false" />
                <line number="86" hits="1" branch="false" />
                <line number="87" hits="1" branch="false" />
                <line number="90" hits="1" branch="false" />
                <line number="93" hits="1" branch="false" />
                <line number="96" hits="1" branch="false" />
                <line number="103" hits="1" branch="false" />
                <line number="106" hits="1" branch="false" />
                <line number="107" hits="1" branch="false" />
                <line number="108" hits="1" branch="false" />
                <line number="109" hits="1" branch="false" />
                <line number="110" hits="1" branch="false" />
                <line number="113" hits="1" branch="false" />
                <line number="116" hits="1" branch="false" />
                <line number="119" hits="1" branch="false" />
                <line number="130" hits="10" branch="false" />
                <line number="135" hits="12" branch="false" />
                <line number="140" hits="57" branch="false" />
                <line number="145" hits="28" branch="false" />
                <line number="150" hits="29" branch="false" />
                <line number="155" hits="27" branch="false" />
                <line number="160" hits="9" branch="false" />
                <line number="178" hits="8" branch="false" />
                <line number="179" hits="8" branch="false" />
                <line number="180" hits="8" branch="false" />
                <line number="181" hits="8" branch="false" />
                <line number="182" hits="8" branch="false" />
                <line number="183" hits="24" branch="false" />
                <line number="199" hits="1" branch="false" />
                <line number="200" hits="1" branch="false" />
                <line number="201" hits="1" branch="false" />
                <line number="202" hits="1" branch="false" />
                <line number="203" hits="1" branch="false" />
                <line number="204" hits="1" branch="false" />
                <line number="205" hits="2" branch="false" />
                <line number="221" hits="0" branch="false" />
                <line number="222" hits="0" branch="false" />
                <line number="223" hits="0" branch="false" />
                <line number="224" hits="0" branch="false" />
                <line number="225" hits="0" branch="false" />
                <line number="226" hits="0" branch="false" />
                <line number="242" hits="9" branch="false" />
                <line number="243" hits="9" branch="false" />
                <line number="244" hits="9" branch="false" />
                <line number="245" hits="9" branch="false" />
                <line number="246" hits="9" branch="false" />
                <line number="247" hits="9" branch="false" />
                <line number="248" hits="9" branch="false" />
                <line number="249" hits="9" branch="false" />
                <line number="250" hits="18" branch="false" />
                <line number="252" hits="9" branch="false" />
                <line number="253" hits="9" branch="true" condition-coverage="50% (3/6)" />
                <line number="254" hits="18" branch="false" />
                <line number="255" hits="9" branch="true" condition-coverage="50% (1/2)" />
                <line number="256" hits="9" branch="false" />
                <line number="258" hits="0" branch="false" />
                <line number="259" hits="9" branch="false" />
                <line number="260" hits="0" branch="false" />
                <line number="261" hits="0" branch="true" condition-coverage="0% (0/2)" />
                <line number="262" hits="0" branch="false" />
                <line number="264" hits="0" branch="false" />
                <line number="265" hits="0" branch="false" />
                <line number="268" hits="9" branch="false" />
                <line number="269" hits="9" branch="false" />
                <line number="272" hits="18" branch="true" condition-coverage="50% (1/2)" />
                <line number="273" hits="17" branch="true" condition-coverage="100% (2/2)" />
                <line number="274" hits="2" branch="true" condition-coverage="50% (1/2)" />
                <line number="275" hits="0" branch="false" />
                <line number="276" hits="9" branch="false" />
                <line number="277" hits="0" branch="true" condition-coverage="0% (0/4)" />
                <line number="278" hits="0" branch="false" />
                <line number="279" hits="0" branch="true" condition-coverage="0% (0/4)" />
                <line number="280" hits="0" branch="true" condition-coverage="0% (0/2)" />
                <line number="282" hits="0" branch="false" />
                <line number="284" hits="0" branch="false" />
                <line number="285" hits="0" branch="false" />
                <line number="286" hits="0" branch="false" />
                <line number="287" hits="0" branch="false" />
                <line number="288" hits="0" branch="false" />
                <line number="291" hits="9" branch="false" />
                <line number="292" hits="9" branch="false" />
                <line number="293" hits="9" branch="false" />
                <line number="294" hits="9" branch="false" />
                <line number="297" hits="9" branch="false" />
                <line number="300" hits="9" branch="false" />
                <line number="301" hits="9" branch="false" />
                <line number="302" hits="9" branch="false" />
                <line number="303" hits="9" branch="false" />
                <line number="306" hits="9" branch="false" />
                <line number="307" hits="9" branch="false" />
              </lines>
            </method>
            <method name=".cctor" signature="()" line-rate="1" branch-rate="1" complexity="1">
              <lines>
                <line number="65" hits="1" branch="false" />
                <line number="67" hits="1" branch="false" />
                <line number="69" hits="1" branch="false" />
                <line number="71" hits="1" branch="false" />
                <line number="73" hits="1" branch="false" />
                <line number="80" hits="1" branch="false" />
                <line number="83" hits="1" branch="false" />
                <line number="84" hits="1" branch="false" />
                <line number="85" hits="1" branch="false" />
                <line number="86" hits="1" branch="false" />
                <line number="87" hits="1" branch="false" />
                <line number="90" hits="1" branch="false" />
                <line number="93" hits="1" branch="false" />
                <line number="96" hits="1" branch="false" />
                <line number="103" hits="1" branch="false" />
                <line number="106" hits="1" branch="false" />
                <line number="107" hits="1" branch="false" />
                <line number="108" hits="1" branch="false" />
                <line number="109" hits="1" branch="false" />
                <line number="110" hits="1" branch="false" />
                <line number="113" hits="1" branch="false" />
                <line number="116" hits="1" branch="false" />
                <line number="119" hits="1" branch="false" />
              </lines>
            </method>
          </methods>
          <lines>
            <line number="56" hits="9" branch="false" />
            <line number="57" hits="9" branch="false" />
            <line number="58" hits="9" branch="false" />
            <line number="59" hits="9" branch="false" />
            <line number="65" hits="1" branch="false" />
            <line number="67" hits="1" branch="false" />
            <line number="69" hits="1" branch="false" />
            <line number="71" hits="1" branch="false" />
            <line number="73" hits="1" branch="false" />
            <line number="80" hits="1" branch="false" />
            <line number="83" hits="1" branch="false" />
            <line number="84" hits="1" branch="false" />
            <line number="85" hits="1" branch="false" />
            <line number="86" hits="1" branch="false" />
            <line number="87" hits="1" branch="false" />
            <line number="90" hits="1" branch="false" />
            <line number="93" hits="1" branch="false" />
            <line number="96" hits="1" branch="false" />
            <line number="103" hits="1" branch="false" />
            <line number="106" hits="1" branch="false" />
            <line number="107" hits="1" branch="false" />
            <line number="108" hits="1" branch="false" />
            <line number="109" hits="1" branch="false" />
            <line number="110" hits="1" branch="false" />
            <line number="113" hits="1" branch="false" />
            <line number="116" hits="1" branch="false" />
            <line number="119" hits="1" branch="false" />
            <line number="130" hits="10" branch="false" />
            <line number="135" hits="12" branch="false" />
            <line number="140" hits="57" branch="false" />
            <line number="145" hits="28" branch="false" />
            <line number="150" hits="29" branch="false" />
            <line number="155" hits="27" branch="false" />
            <line number="160" hits="9" branch="false" />
            <line number="178" hits="8" branch="false" />
            <line number="179" hits="8" branch="false" />
            <line number="180" hits="8" branch="false" />
            <line number="181" hits="8" branch="false" />
            <line number="182" hits="8" branch="false" />
            <line number="183" hits="24" branch="false" />
            <line number="199" hits="1" branch="false" />
            <line number="200" hits="1" branch="false" />
            <line number="201" hits="1" branch="false" />
            <line number="202" hits="1" branch="false" />
            <line number="203" hits="1" branch="false" />
            <line number="204" hits="1" branch="false" />
            <line number="205" hits="2" branch="false" />
            <line number="221" hits="0" branch="false" />
            <line number="222" hits="0" branch="false" />
            <line number="223" hits="0" branch="false" />
            <line number="224" hits="0" branch="false" />
            <line number="225" hits="0" branch="false" />
            <line number="226" hits="0" branch="false" />
            <line number="242" hits="9" branch="false" />
            <line number="243" hits="9" branch="false" />
            <line number="244" hits="9" branch="false" />
            <line number="245" hits="9" branch="false" />
            <line number="246" hits="9" branch="false" />
            <line number="247" hits="9" branch="false" />
            <line number="248" hits="9" branch="false" />
            <line number="249" hits="9" branch="false" />
            <line number="250" hits="18" branch="false" />
            <line number="252" hits="9" branch="false" />
            <line number="253" hits="9" branch="true" condition-coverage="50% (3/6)" />
            <line number="254" hits="18" branch="false" />
            <line number="255" hits="9" branch="true" condition-coverage="50% (1/2)" />
            <line number="256" hits="9" branch="false" />
            <line number="258" hits="0" branch="false" />
            <line number="259" hits="9" branch="false" />
            <line number="260" hits="0" branch="false" />
            <line number="261" hits="0" branch="true" condition-coverage="0% (0/2)" />
            <line number="262" hits="0" branch="false" />
            <line number="264" hits="0" branch="false" />
            <line number="265" hits="0" branch="false" />
            <line number="268" hits="9" branch="false" />
            <line number="269" hits="9" branch="false" />
            <line number="272" hits="18" branch="true" condition-coverage="50% (1/2)" />
            <line number="273" hits="17" branch="true" condition-coverage="100% (2/2)" />
            <line number="274" hits="2" branch="true" condition-coverage="50% (1/2)" />
            <line number="275" hits="0" branch="false" />
            <line number="276" hits="9" branch="false" />
            <line number="277" hits="0" branch="true" condition-coverage="0% (0/4)" />
            <line number="278" hits="0" branch="false" />
            <line number="279" hits="0" branch="true" condition-coverage="0% (0/4)" />
            <line number="280" hits="0" branch="true" condition-coverage="0% (0/2)" />
            <line number="282" hits="0" branch="false" />
            <line number="284" hits="0" branch="false" />
            <line number="285" hits="0" branch="false" />
            <line number="286" hits="0" branch="false" />
            <line number="287" hits="0" branch="false" />
            <line number="288" hits="0" branch="false" />
            <line number="291" hits="9" branch="false" />
            <line number="292" hits="9" branch="false" />
            <line number="293" hits="9" branch="false" />
            <line number="294" hits="9" branch="false" />
            <line number="297" hits="9" branch="false" />
            <line number="300" hits="9" branch="false" />
            <line number="301" hits="9" branch="false" />
            <line number="302" hits="9" branch="false" />
            <line number="303" hits="9" branch="false" />
            <line number="306" hits="9" branch="false" />
            <line number="307" hits="9" branch="false" />
            <line number="319" hits="9" branch="false" />
            <line number="324" hits="9" branch="true" condition-coverage="100% (2/2)" />
            <line number="326" hits="8" branch="false" />
            <line number="327" hits="1" branch="true" condition-coverage="50% (1/2)" />
            <line number="329" hits="1" branch="false" />
            <line number="332" hits="0" branch="false" />
            <line number="335" hits="9" branch="true" condition-coverage="50% (1/2)" />
            <line number="336" hits="0" branch="false" />
            <line number="343" hits="9" branch="true" condition-coverage="100% (2/2)" />
            <line number="345" hits="8" branch="false" />
            <line number="346" hits="1" branch="true" condition-coverage="50% (1/2)" />
            <line number="348" hits="1" branch="false" />
            <line number="351" hits="0" branch="false" />
            <line number="354" hits="9" branch="true" condition-coverage="50% (1/2)" />
            <line number="355" hits="0" branch="false" />
            <line number="362" hits="9" branch="true" condition-coverage="100% (2/2)" />
            <line number="364" hits="8" branch="false" />
            <line number="365" hits="1" branch="true" condition-coverage="50% (1/2)" />
            <line number="367" hits="1" branch="false" />
            <line number="370" hits="0" branch="false" />
            <line number="373" hits="9" branch="true" condition-coverage="50% (1/2)" />
            <line number="374" hits="0" branch="false" />
            <line number="377" hits="9" branch="false" />
            <line number="393" hits="18" branch="false" />
            <line number="396" hits="18" branch="true" condition-coverage="100% (2/2)" />
            <line number="397" hits="16" branch="false" />
            <line number="398" hits="16" branch="false" />
            <line number="399" hits="16" branch="true" condition-coverage="50% (1/2)" />
            <line number="400" hits="16" branch="true" condition-coverage="50% (1/2)" />
            <line number="401" hits="16" branch="true" condition-coverage="50% (1/2)" />
            <line number="402" hits="16" branch="true" condition-coverage="50% (1/2)" />
            <line number="403" hits="16" branch="true" condition-coverage="50% (1/2)" />
            <line number="404" hits="16" branch="false" />
            <line number="405" hits="16" branch="false" />
            <line number="406" hits="16" branch="false" />
            <line number="409" hits="16" branch="false" />
            <line number="410" hits="16" branch="false" />
            <line number="413" hits="2" branch="false" />
            <line number="414" hits="2" branch="true" condition-coverage="50% (1/2)" />
            <line number="416" hits="0" branch="false" />
            <line number="417" hits="0" branch="false" />
            <line number="418" hits="0" branch="false" />
            <line number="421" hits="2" branch="false" />
            <line number="423" hits="2" branch="false" />
            <line number="424" hits="2" branch="false" />
            <line number="427" hits="18" branch="false" />
            <line number="435" hits="8" branch="false" />
            <line number="437" hits="8" branch="false" />
            <line number="440" hits="8" branch="true" condition-coverage="50% (1/2)" />
            <line number="441" hits="8" branch="false" />
            <line number="442" hits="0" branch="true" condition-coverage="0% (0/2)" />
            <line number="443" hits="0" branch="false" />
            <line number="444" hits="0" branch="true" condition-coverage="0% (0/2)" />
            <line number="445" hits="0" branch="false" />
            <line number="447" hits="0" branch="true" condition-coverage="0% (0/2)" />
            <line number="448" hits="0" branch="false" />
            <line number="451" hits="0" branch="false" />
            <line number="452" hits="8" branch="false" />
            <line number="456" hits="9" branch="false" />
            <line number="457" hits="9" branch="true" condition-coverage="100% (2/2)" />
            <line number="458" hits="1" branch="false" />
            <line number="461" hits="9" branch="true" condition-coverage="50% (1/2)" />
            <line number="462" hits="9" branch="false" />
            <line number="463" hits="0" branch="true" condition-coverage="0% (0/2)" />
            <line number="464" hits="0" branch="false" />
            <line number="465" hits="0" branch="true" condition-coverage="0% (0/2)" />
            <line number="466" hits="0" branch="false" />
            <line number="467" hits="0" branch="true" condition-coverage="0% (0/2)" />
            <line number="468" hits="0" branch="false" />
            <line number="470" hits="0" branch="false" />
            <line number="471" hits="9" branch="false" />
            <line number="477" hits="8" branch="false" />
            <line number="480" hits="8" branch="true" condition-coverage="50% (1/2)" />
            <line number="481" hits="8" branch="false" />
            <line number="482" hits="0" branch="true" condition-coverage="0% (0/2)" />
            <line number="483" hits="0" branch="false" />
            <line number="484" hits="0" branch="true" condition-coverage="0% (0/2)" />
            <line number="485" hits="0" branch="false" />
            <line number="487" hits="0" branch="true" condition-coverage="0% (0/2)" />
            <line number="488" hits="0" branch="false" />
            <line number="491" hits="0" branch="false" />
            <line number="492" hits="8" branch="false" />
            <line number="496" hits="9" branch="false" />
            <line number="497" hits="9" branch="true" condition-coverage="100% (2/2)" />
            <line number="498" hits="9" branch="false" />
            <line number="501" hits="9" branch="true" condition-coverage="50% (1/2)" />
            <line number="502" hits="9" branch="false" />
            <line number="503" hits="0" branch="true" condition-coverage="0% (0/2)" />
            <line number="504" hits="0" branch="false" />
            <line number="505" hits="0" branch="true" condition-coverage="0% (0/2)" />
            <line number="506" hits="0" branch="false" />
            <line number="507" hits="0" branch="true" condition-coverage="0% (0/2)" />
            <line number="508" hits="0" branch="false" />
            <line number="510" hits="0" branch="false" />
            <line number="511" hits="9" branch="false" />
            <line number="517" hits="8" branch="false" />
            <line number="520" hits="8" branch="true" condition-coverage="50% (1/2)" />
            <line number="521" hits="8" branch="false" />
            <line number="522" hits="0" branch="true" condition-coverage="0% (0/2)" />
            <line number="523" hits="0" branch="false" />
            <line number="524" hits="0" branch="true" condition-coverage="0% (0/2)" />
            <line number="525" hits="0" branch="false" />
            <line number="527" hits="0" branch="true" condition-coverage="0% (0/2)" />
            <line number="528" hits="0" branch="false" />
            <line number="531" hits="0" branch="false" />
            <line number="532" hits="8" branch="false" />
            <line number="536" hits="9" branch="false" />
            <line number="537" hits="9" branch="true" condition-coverage="100% (2/2)" />
            <line number="538" hits="9" branch="false" />
            <line number="541" hits="9" branch="true" condition-coverage="50% (1/2)" />
            <line number="542" hits="9" branch="false" />
            <line number="543" hits="0" branch="true" condition-coverage="0% (0/2)" />
            <line number="544" hits="0" branch="false" />
            <line number="545" hits="0" branch="true" condition-coverage="0% (0/2)" />
            <line number="546" hits="0" branch="false" />
            <line number="547" hits="0" branch="true" condition-coverage="0% (0/2)" />
            <line number="548" hits="0" branch="false" />
            <line number="550" hits="0" branch="false" />
            <line number="551" hits="9" branch="false" />
          </lines>
        </class>
        <class name="HelperAndToolsForTest.IO.OptionsConvention" filename="C:\Users\carmelo.daniele\source\repos\HelperAndToolsForUT\HelperAndToolsForTest\IO\HostTypeConventions.Options.cs" line-rate="0.5512820512820513" branch-rate="0.36666666666666664" complexity="43">
          <methods>
            <method name="get_HostValidation" signature="()" line-rate="1" branch-rate="1" complexity="1">
              <lines>
                <line number="37" hits="9" branch="false" />
              </lines>
            </method>
            <method name="get_ConventionType" signature="()" line-rate="1" branch-rate="1" complexity="1">
              <lines>
                <line number="42" hits="19" branch="false" />
              </lines>
            </method>
            <method name="get_HostConvention" signature="()" line-rate="1" branch-rate="1" complexity="1">
              <lines>
                <line number="47" hits="9" branch="false" />
              </lines>
            </method>
            <method name="get_Lengths" signature="()" line-rate="1" branch-rate="1" complexity="1">
              <lines>
                <line number="56" hits="9" branch="false" />
              </lines>
            </method>
            <method name="get_CheckEndNameOnPath" signature="()" line-rate="1" branch-rate="1" complexity="1">
              <lines>
                <line number="61" hits="9" branch="false" />
              </lines>
            </method>
            <method name="setRuntimeHostDefaultPolicyOptionsForPathOrFileName" signature="()" line-rate="0.36363636363636365" branch-rate="0.125" complexity="8">
              <lines>
                <line number="157" hits="8" branch="false" />
                <line number="159" hits="8" branch="true" condition-coverage="50% (1/2)" />
                <line number="160" hits="8" branch="false" />
                <line number="161" hits="0" branch="true" condition-coverage="0% (0/2)" />
                <line number="162" hits="0" branch="false" />
                <line number="163" hits="0" branch="true" condition-coverage="0% (0/2)" />
                <line number="164" hits="0" branch="false" />
                <line number="166" hits="0" branch="true" condition-coverage="0% (0/2)" />
                <line number="167" hits="0" branch="false" />
                <line number="170" hits="0" branch="false" />
                <line number="172" hits="8" branch="false" />
              </lines>
            </method>
            <method name="setPickedHostDefaultPolicyOptionsForPathOrFileName" signature="(...)" line-rate="0.36363636363636365" branch-rate="0.125" complexity="8">
              <lines>
                <line number="174" hits="1" branch="false" />
                <line number="177" hits="1" branch="true" condition-coverage="50% (1/2)" />
                <line number="178" hits="1" branch="false" />
                <line number="179" hits="0" branch="true" condition-coverage="0% (0/2)" />
                <line number="180" hits="0" branch="false" />
                <line number="181" hits="0" branch="true" condition-coverage="0% (0/2)" />
                <line number="182" hits="0" branch="false" />
                <line number="183" hits="0" branch="true" condition-coverage="0% (0/2)" />
                <line number="184" hits="0" branch="false" />
                <line number="186" hits="0" branch="false" />
                <line number="187" hits="1" branch="false" />
              </lines>
            </method>
            <method name="applyDefaultsOptionsPolicyForOSGeneral" signature="()" line-rate="0" branch-rate="1" complexity="1">
              <lines>
                <line number="199" hits="0" branch="false" />
                <line number="200" hits="0" branch="false" />
                <line number="201" hits="0" branch="false" />
                <line number="202" hits="0" branch="false" />
              </lines>
            </method>
            <method name="applyDefaultsOptionsPolicyForOSWindows" signature="()" line-rate="1" branch-rate="1" complexity="1">
              <lines>
                <line number="205" hits="9" branch="false" />
                <line number="206" hits="9" branch="false" />
                <line number="207" hits="9" branch="false" />
                <line number="208" hits="9" branch="false" />
              </lines>
            </method>
            <method name="applyDefaultsOptionsPolicyForOSX" signature="()" line-rate="0" branch-rate="1" complexity="1">
              <lines>
                <line number="211" hits="0" branch="false" />
                <line number="212" hits="0" branch="false" />
                <line number="213" hits="0" branch="false" />
                <line number="214" hits="0" branch="false" />
              </lines>
            </method>
            <method name="applyDefaultsOptionsPolicyForOSLinux" signature="()" line-rate="0" branch-rate="1" complexity="1">
              <lines>
                <line number="217" hits="0" branch="false" />
                <line number="218" hits="0" branch="false" />
                <line number="219" hits="0" branch="false" />
                <line number="220" hits="0" branch="false" />
              </lines>
            </method>
            <method name="applyDefaultsOptionsPolicyForOSFreeBSD" signature="()" line-rate="0" branch-rate="1" complexity="1">
              <lines>
                <line number="223" hits="0" branch="false" />
                <line number="224" hits="0" branch="false" />
                <line number="225" hits="0" branch="false" />
                <line number="226" hits="0" branch="false" />
              </lines>
            </method>
            <method name=".ctor" signature="(...)" line-rate="1" branch-rate="1" complexity="1">
              <lines>
                <line number="72" hits="8" branch="false" />
                <line number="73" hits="16" branch="false" />
              </lines>
            </method>
            <method name=".ctor" signature="(...)" line-rate="1" branch-rate="1" complexity="1">
              <lines>
                <line number="81" hits="1" branch="false" />
                <line number="82" hits="2" branch="false" />
              </lines>
            </method>
            <method name=".ctor" signature="(...)" line-rate="0" branch-rate="1" complexity="1">
              <lines>
                <line number="92" hits="0" branch="false" />
                <line number="93" hits="0" branch="false" />
              </lines>
            </method>
            <method name=".ctor" signature="(...)" line-rate="0.88" branch-rate="0.6428571428571429" complexity="14">
              <lines>
                <line number="106" hits="9" branch="false" />
                <line number="107" hits="9" branch="false" />
                <line number="108" hits="9" branch="false" />
                <line number="109" hits="9" branch="false" />
                <line number="110" hits="9" branch="false" />
                <line number="111" hits="9" branch="false" />
                <line number="112" hits="9" branch="false" />
                <line number="114" hits="9" branch="false" />
                <line number="116" hits="17" branch="true" condition-coverage="100% (2/2)" />
                <line number="117" hits="8" branch="true" condition-coverage="50% (1/2)" />
                <line number="118" hits="8" branch="false" />
                <line number="120" hits="2" branch="true" condition-coverage="50% (2/4)" />
                <line number="121" hits="1" branch="true" condition-coverage="50% (1/2)" />
                <line number="122" hits="1" branch="false" />
                <line number="123" hits="0" branch="false" />
                <line number="126" hits="9" branch="false" />
                <line number="127" hits="9" branch="false" />
                <line number="134" hits="9" branch="true" condition-coverage="100% (2/2)" />
                <line number="136" hits="8" branch="false" />
                <line number="137" hits="1" branch="true" condition-coverage="50% (1/2)" />
                <line number="139" hits="1" branch="false" />
                <line number="141" hits="0" branch="false" />
                <line number="144" hits="0" branch="false" />
                <line number="148" hits="9" branch="false" />
                <line number="150" hits="9" branch="false" />
              </lines>
            </method>
          </methods>
          <lines>
            <line number="37" hits="9" branch="false" />
            <line number="42" hits="19" branch="false" />
            <line number="47" hits="9" branch="false" />
            <line number="56" hits="9" branch="false" />
            <line number="61" hits="9" branch="false" />
            <line number="72" hits="8" branch="false" />
            <line number="73" hits="16" branch="false" />
            <line number="81" hits="1" branch="false" />
            <line number="82" hits="2" branch="false" />
            <line number="92" hits="0" branch="false" />
            <line number="93" hits="0" branch="false" />
            <line number="106" hits="9" branch="false" />
            <line number="107" hits="9" branch="false" />
            <line number="108" hits="9" branch="false" />
            <line number="109" hits="9" branch="false" />
            <line number="110" hits="9" branch="false" />
            <line number="111" hits="9" branch="false" />
            <line number="112" hits="9" branch="false" />
            <line number="114" hits="9" branch="false" />
            <line number="116" hits="17" branch="true" condition-coverage="100% (2/2)" />
            <line number="117" hits="8" branch="true" condition-coverage="50% (1/2)" />
            <line number="118" hits="8" branch="false" />
            <line number="120" hits="2" branch="true" condition-coverage="50% (2/4)" />
            <line number="121" hits="1" branch="true" condition-coverage="50% (1/2)" />
            <line number="122" hits="1" branch="false" />
            <line number="123" hits="0" branch="false" />
            <line number="126" hits="9" branch="false" />
            <line number="127" hits="9" branch="false" />
            <line number="134" hits="9" branch="true" condition-coverage="100% (2/2)" />
            <line number="136" hits="8" branch="false" />
            <line number="137" hits="1" branch="true" condition-coverage="50% (1/2)" />
            <line number="139" hits="1" branch="false" />
            <line number="141" hits="0" branch="false" />
            <line number="144" hits="0" branch="false" />
            <line number="148" hits="9" branch="false" />
            <line number="150" hits="9" branch="false" />
            <line number="157" hits="8" branch="false" />
            <line number="159" hits="8" branch="true" condition-coverage="50% (1/2)" />
            <line number="160" hits="8" branch="false" />
            <line number="161" hits="0" branch="true" condition-coverage="0% (0/2)" />
            <line number="162" hits="0" branch="false" />
            <line number="163" hits="0" branch="true" condition-coverage="0% (0/2)" />
            <line number="164" hits="0" branch="false" />
            <line number="166" hits="0" branch="true" condition-coverage="0% (0/2)" />
            <line number="167" hits="0" branch="false" />
            <line number="170" hits="0" branch="false" />
            <line number="172" hits="8" branch="false" />
            <line number="174" hits="1" branch="false" />
            <line number="177" hits="1" branch="true" condition-coverage="50% (1/2)" />
            <line number="178" hits="1" branch="false" />
            <line number="179" hits="0" branch="true" condition-coverage="0% (0/2)" />
            <line number="180" hits="0" branch="false" />
            <line number="181" hits="0" branch="true" condition-coverage="0% (0/2)" />
            <line number="182" hits="0" branch="false" />
            <line number="183" hits="0" branch="true" condition-coverage="0% (0/2)" />
            <line number="184" hits="0" branch="false" />
            <line number="186" hits="0" branch="false" />
            <line number="187" hits="1" branch="false" />
            <line number="199" hits="0" branch="false" />
            <line number="200" hits="0" branch="false" />
            <line number="201" hits="0" branch="false" />
            <line number="202" hits="0" branch="false" />
            <line number="205" hits="9" branch="false" />
            <line number="206" hits="9" branch="false" />
            <line number="207" hits="9" branch="false" />
            <line number="208" hits="9" branch="false" />
            <line number="211" hits="0" branch="false" />
            <line number="212" hits="0" branch="false" />
            <line number="213" hits="0" branch="false" />
            <line number="214" hits="0" branch="false" />
            <line number="217" hits="0" branch="false" />
            <line number="218" hits="0" branch="false" />
            <line number="219" hits="0" branch="false" />
            <line number="220" hits="0" branch="false" />
            <line number="223" hits="0" branch="false" />
            <line number="224" hits="0" branch="false" />
            <line number="225" hits="0" branch="false" />
            <line number="226" hits="0" branch="false" />
          </lines>
        </class>
        <class name="HelperAndToolsForTest.IO.PathEqualityComparer" filename="C:\Users\carmelo.daniele\source\repos\HelperAndToolsForUT\HelperAndToolsForTest\IO\PathEquality.cs" line-rate="0" branch-rate="0" complexity="3">
          <methods>
            <method name="Equals" signature="(...)" line-rate="0" branch-rate="1" complexity="1">
              <lines>
                <line number="18" hits="0" branch="false" />
                <line number="19" hits="0" branch="false" />
                <line number="20" hits="0" branch="false" />
              </lines>
            </method>
            <method name="GetHashCode" signature="(...)" line-rate="0" branch-rate="0" complexity="2">
              <lines>
                <line number="26" hits="0" branch="false" />
                <line number="27" hits="0" branch="true" condition-coverage="0% (0/2)" />
                <line number="28" hits="0" branch="false" />
                <line number="30" hits="0" branch="false" />
                <line number="31" hits="0" branch="false" />
              </lines>
            </method>
          </methods>
          <lines>
            <line number="18" hits="0" branch="false" />
            <line number="19" hits="0" branch="false" />
            <line number="20" hits="0" branch="false" />
            <line number="26" hits="0" branch="false" />
            <line number="27" hits="0" branch="true" condition-coverage="0% (0/2)" />
            <line number="28" hits="0" branch="false" />
            <line number="30" hits="0" branch="false" />
            <line number="31" hits="0" branch="false" />
          </lines>
        </class>
        <class name="HelperAndToolsForTest.IO.PathUtils" filename="C:\Users\carmelo.daniele\source\repos\HelperAndToolsForUT\HelperAndToolsForTest\IO\PathUtils.cs" line-rate="0.23411371237458195" branch-rate="0.17378048780487804" complexity="332">
          <methods>
            <method name="get_FullPathOfCurrentContextBin" signature="()" line-rate="0" branch-rate="0" complexity="4">
              <lines>
                <line number="166" hits="0" branch="false" />
                <line number="167" hits="0" branch="true" condition-coverage="0% (0/2)" />
                <line number="168" hits="0" branch="false" />
                <line number="169" hits="0" branch="true" condition-coverage="0% (0/2)" />
                <line number="170" hits="0" branch="false" />
                <line number="171" hits="0" branch="false" />
                <line number="172" hits="0" branch="false" />
                <line number="173" hits="0" branch="false" />
              </lines>
            </method>
            <method name="AnalyzeStringPathOrFileQualifier" signature="(...)" line-rate="0.7346938775510204" branch-rate="0.8461538461538461" complexity="26">
              <lines>
                <line number="234" hits="8" branch="false" />
                <line number="236" hits="29" branch="true" condition-coverage="100% (2/2)" />
                <line number="239" hits="40" branch="false" />
                <line number="241" hits="16" branch="false" />
                <line number="245" hits="15" branch="true" condition-coverage="100% (4/4)" />
                <line number="246" hits="7" branch="false" />
                <line number="247" hits="7" branch="false" />
                <line number="248" hits="7" branch="false" />
                <line number="250" hits="1" branch="false" />
                <line number="253" hits="8" branch="true" condition-coverage="100% (2/2)" />
                <line number="254" hits="7" branch="false" />
                <line number="256" hits="1" branch="false" />
                <line number="260" hits="10" branch="true" condition-coverage="100% (2/2)" />
                <line number="261" hits="2" branch="false" />
                <line number="262" hits="2" branch="false" />
                <line number="263" hits="2" branch="false" />
                <line number="266" hits="8" branch="false" />
                <line number="267" hits="9" branch="true" condition-coverage="100% (2/2)" />
                <line number="268" hits="2" branch="false" />
                <line number="269" hits="1" branch="false" />
                <line number="270" hits="9" branch="true" condition-coverage="100% (2/2)" />
                <line number="271" hits="1" branch="false" />
                <line number="272" hits="1" branch="false" />
                <line number="276" hits="7" branch="true" condition-coverage="100% (2/2)" />
                <line number="277" hits="1" branch="false" />
                <line number="278" hits="1" branch="false" />
                <line number="279" hits="1" branch="true" condition-coverage="50% (1/2)" />
                <line number="280" hits="0" branch="false" />
                <line number="281" hits="0" branch="false" />
                <line number="282" hits="0" branch="false" />
                <line number="283" hits="0" branch="false" />
                <line number="284" hits="0" branch="false" />
                <line number="285" hits="1" branch="false" />
                <line number="288" hits="7" branch="false" />
                <line number="289" hits="7" branch="true" condition-coverage="50% (1/2)" />
                <line number="290" hits="0" branch="false" />
                <line number="291" hits="0" branch="false" />
                <line number="292" hits="0" branch="false" />
                <line number="293" hits="0" branch="false" />
                <line number="294" hits="7" branch="true" condition-coverage="50% (1/2)" />
                <line number="295" hits="0" branch="false" />
                <line number="296" hits="0" branch="false" />
                <line number="297" hits="0" branch="false" />
                <line number="301" hits="8" branch="true" condition-coverage="100% (2/2)" />
                <line number="302" hits="1" branch="true" condition-coverage="50% (1/2)" />
                <line number="303" hits="0" branch="false" />
                <line number="304" hits="1" branch="false" />
                <line number="307" hits="7" branch="false" />
                <line number="309" hits="8" branch="false" />
              </lines>
            </method>
            <method name="FileNameContainsReferenceToPath" signature="(...)" line-rate="0" branch-rate="1" complexity="1">
              <lines>
                <line number="321" hits="0" branch="false" />
                <line number="322" hits="0" branch="false" />
                <line number="323" hits="0" branch="false" />
              </lines>
            </method>
            <method name="FileNameIsValid" signature="(...)" line-rate="0.48" branch-rate="0.4090909090909091" complexity="22">
              <lines>
                <line number="369" hits="2" branch="false" />
                <line number="372" hits="5" branch="true" condition-coverage="100% (2/2)" />
                <line number="375" hits="2" branch="false" />
                <line number="378" hits="2" branch="true" condition-coverage="50% (2/4)" />
                <line number="379" hits="0" branch="false" />
                <line number="380" hits="0" branch="true" condition-coverage="0% (0/2)" />
                <line number="381" hits="0" branch="false" />
                <line number="384" hits="2" branch="true" condition-coverage="100% (2/2)" />
                <line number="385" hits="2" branch="false" />
                <line number="386" hits="2" branch="true" condition-coverage="50% (1/2)" />
                <line number="387" hits="0" branch="false" />
                <line number="388" hits="0" branch="true" condition-coverage="0% (0/2)" />
                <line number="389" hits="0" branch="false" />
                <line number="390" hits="2" branch="false" />
                <line number="393" hits="4" branch="true" condition-coverage="50% (1/2)" />
                <line number="394" hits="2" branch="false" />
                <line number="395" hits="4" branch="true" condition-coverage="50% (1/2)" />
                <line number="396" hits="0" branch="false" />
                <line number="399" hits="0" branch="false" />
                <line number="400" hits="0" branch="false" />
                <line number="402" hits="0" branch="true" condition-coverage="0% (0/2)" />
                <line number="403" hits="0" branch="false" />
                <line number="405" hits="0" branch="true" condition-coverage="0% (0/2)" />
                <line number="406" hits="0" branch="false" />
                <line number="407" hits="2" branch="false" />
              </lines>
            </method>
            <method name="PathTypeIsValidForPromoteAt" signature="(...)" line-rate="0.5555555555555556" branch-rate="0.3246753246753247" complexity="77">
              <lines>
                <line number="424" hits="8" branch="false" />
                <line number="425" hits="8" branch="false" />
                <line number="426" hits="8" branch="false" />
                <line number="428" hits="8" branch="false" />
                <line number="430" hits="8" branch="false" />
                <line number="432" hits="8" branch="true" condition-coverage="23% (3/13)" />
                <line number="435" hits="3" branch="true" condition-coverage="50% (1/2)" />
                <line number="437" hits="28" branch="true" condition-coverage="75% (3/4)" />
                <line number="439" hits="0" branch="true" condition-coverage="17% (1/6)" />
                <line number="441" hits="0" branch="true" condition-coverage="17% (1/6)" />
                <line number="444" hits="0" branch="true" condition-coverage="50% (1/2)" />
                <line number="446" hits="0" branch="true" condition-coverage="25% (1/4)" />
                <line number="448" hits="0" branch="true" condition-coverage="17% (1/6)" />
                <line number="450" hits="0" branch="true" condition-coverage="17% (1/6)" />
                <line number="453" hits="0" branch="true" condition-coverage="50% (1/2)" />
                <line number="455" hits="0" branch="true" condition-coverage="25% (1/4)" />
                <line number="457" hits="0" branch="true" condition-coverage="17% (1/6)" />
                <line number="459" hits="0" branch="true" condition-coverage="17% (1/6)" />
                <line number="462" hits="8" branch="true" condition-coverage="83% (5/6)" />
                <line number="463" hits="0" branch="false" />
                <line number="464" hits="8" branch="true" condition-coverage="50% (1/2)" />
                <line number="465" hits="0" branch="false" />
                <line number="466" hits="8" branch="true" condition-coverage="100% (2/2)" />
                <line number="467" hits="2" branch="false" />
                <line number="469" hits="6" branch="false" />
                <line number="471" hits="8" branch="false" />
                <line number="472" hits="8" branch="false" />
              </lines>
            </method>
            <method name="GetPathType" signature="(...)" line-rate="0" branch-rate="0" complexity="50">
              <lines>
                <line number="483" hits="0" branch="false" />
                <line number="485" hits="0" branch="false" />
                <line number="486" hits="0" branch="false" />
                <line number="488" hits="0" branch="true" condition-coverage="0% (0/2)" />
                <line number="489" hits="0" branch="false" />
                <line number="490" hits="0" branch="true" condition-coverage="0% (0/2)" />
                <line number="491" hits="0" branch="false" />
                <line number="494" hits="0" branch="false" />
                <line number="497" hits="0" branch="true" condition-coverage="0% (0/4)" />
                <line number="498" hits="0" branch="false" />
                <line number="499" hits="0" branch="true" condition-coverage="0% (0/4)" />
                <line number="500" hits="0" branch="false" />
                <line number="501" hits="0" branch="true" condition-coverage="0% (0/2)" />
                <line number="502" hits="0" branch="false" />
                <line number="506" hits="0" branch="true" condition-coverage="0% (0/6)" />
                <line number="507" hits="0" branch="false" />
                <line number="508" hits="0" branch="true" condition-coverage="0% (0/6)" />
                <line number="509" hits="0" branch="false" />
                <line number="510" hits="0" branch="true" condition-coverage="0% (0/6)" />
                <line number="511" hits="0" branch="false" />
                <line number="512" hits="0" branch="true" condition-coverage="0% (0/2)" />
                <line number="513" hits="0" branch="false" />
                <line number="515" hits="0" branch="false" />
                <line number="517" hits="0" branch="true" condition-coverage="0% (0/8)" />
                <line number="518" hits="0" branch="false" />
                <line number="519" hits="0" branch="true" condition-coverage="0% (0/8)" />
                <line number="520" hits="0" branch="false" />
                <line number="522" hits="0" branch="false" />
                <line number="524" hits="0" branch="false" />
              </lines>
            </method>
            <method name="IsPathFullyQualified" signature="(...)" line-rate="1" branch-rate="1" complexity="1">
              <lines>
                <line number="532" hits="7" branch="false" />
                <line number="534" hits="7" branch="false" />
                <line number="543" hits="7" branch="false" />
              </lines>
            </method>
            <method name="IsDirectorySeperator" signature="(...)" line-rate="0" branch-rate="1" complexity="1">
              <lines>
                <line number="545" hits="0" branch="false" />
              </lines>
            </method>
            <method name="IsValidDriveChar" signature="(...)" line-rate="0" branch-rate="0" complexity="6">
              <lines>
                <line number="546" hits="0" branch="true" condition-coverage="0% (0/6)" />
              </lines>
            </method>
            <method name="GetNextNameCountedForFile" signature="(...)" line-rate="0" branch-rate="0" complexity="4">
              <lines>
                <line number="563" hits="0" branch="false" />
                <line number="564" hits="0" branch="false" />
                <line number="565" hits="0" branch="false" />
                <line number="566" hits="0" branch="true" condition-coverage="0% (0/4)" />
                <line number="567" hits="0" branch="false" />
                <line number="568" hits="0" branch="false" />
                <line number="569" hits="0" branch="false" />
                <line number="570" hits="0" branch="false" />
                <line number="571" hits="0" branch="false" />
                <line number="572" hits="0" branch="false" />
              </lines>
            </method>
            <method name="GetRelativeFilePath" signature="(...)" line-rate="0" branch-rate="0" complexity="12">
              <lines>
                <line number="588" hits="0" branch="false" />
                <line number="589" hits="0" branch="false" />
                <line number="590" hits="0" branch="false" />
                <line number="593" hits="0" branch="true" condition-coverage="0% (0/2)" />
                <line number="594" hits="0" branch="false" />
                <line number="596" hits="0" branch="false" />
                <line number="597" hits="0" branch="false" />
                <line number="600" hits="0" branch="true" condition-coverage="0% (0/2)" />
                <line number="601" hits="0" branch="false" />
                <line number="604" hits="0" branch="false" />
                <line number="605" hits="0" branch="false" />
                <line number="606" hits="0" branch="false" />
                <line number="611" hits="0" branch="false" />
                <line number="612" hits="0" branch="false" />
                <line number="613" hits="0" branch="true" condition-coverage="0% (0/2)" />
                <line number="614" hits="0" branch="false" />
                <line number="615" hits="0" branch="true" condition-coverage="0% (0/2)" />
                <line number="616" hits="0" branch="false" />
                <line number="617" hits="0" branch="false" />
                <line number="620" hits="0" branch="false" />
                <line number="621" hits="0" branch="false" />
                <line number="622" hits="0" branch="false" />
                <line number="623" hits="0" branch="false" />
                <line number="624" hits="0" branch="true" condition-coverage="0% (0/2)" />
                <line number="625" hits="0" branch="false" />
                <line number="626" hits="0" branch="false" />
                <line number="627" hits="0" branch="false" />
                <line number="628" hits="0" branch="true" condition-coverage="0% (0/2)" />
                <line number="629" hits="0" branch="false" />
                <line number="630" hits="0" branch="false" />
                <line number="631" hits="0" branch="false" />
                <line number="633" hits="0" branch="false" />
                <line number="634" hits="0" branch="false" />
              </lines>
            </method>
            <method name="GetRelativeDirectoryPath" signature="(...)" line-rate="0" branch-rate="0" complexity="4">
              <lines>
                <line number="646" hits="0" branch="false" />
                <line number="648" hits="0" branch="true" condition-coverage="0% (0/2)" />
                <line number="650" hits="0" branch="false" />
                <line number="651" hits="0" branch="true" condition-coverage="0% (0/2)" />
                <line number="652" hits="0" branch="false" />
              </lines>
            </method>
            <method name="GetMutualBaseDirectory" signature="(...)" line-rate="0" branch-rate="0" complexity="8">
              <lines>
                <line number="660" hits="0" branch="false" />
                <line number="661" hits="0" branch="false" />
                <line number="662" hits="0" branch="false" />
                <line number="663" hits="0" branch="true" condition-coverage="0% (0/4)" />
                <line number="664" hits="0" branch="false" />
                <line number="665" hits="0" branch="false" />
                <line number="666" hits="0" branch="true" condition-coverage="0% (0/2)" />
                <line number="667" hits="0" branch="false" />
                <line number="668" hits="0" branch="false" />
                <line number="669" hits="0" branch="false" />
                <line number="671" hits="0" branch="false" />
                <line number="672" hits="0" branch="true" condition-coverage="0% (0/2)" />
                <line number="673" hits="0" branch="false" />
              </lines>
            </method>
            <method name="EscapeFilename_Windows" signature="(...)" line-rate="0" branch-rate="0" complexity="91">
              <lines>
                <line number="685" hits="0" branch="false" />
                <line number="686" hits="0" branch="false" />
                <line number="688" hits="0" branch="false" />
                <line number="691" hits="0" branch="true" condition-coverage="0% (0/2)" />
                <line number="692" hits="0" branch="false" />
                <line number="693" hits="0" branch="false" />
                <line number="694" hits="0" branch="true" condition-coverage="0% (0/2)" />
                <line number="695" hits="0" branch="false" />
                <line number="696" hits="0" branch="false" />
                <line number="697" hits="0" branch="false" />
                <line number="698" hits="0" branch="false" />
                <line number="699" hits="0" branch="false" />
                <line number="702" hits="0" branch="true" condition-coverage="0% (0/2)" />
                <line number="703" hits="0" branch="false" />
                <line number="704" hits="0" branch="false" />
                <line number="706" hits="0" branch="true" condition-coverage="0% (0/69)" />
                <line number="749" hits="0" branch="false" />
                <line number="750" hits="0" branch="false" />
                <line number="753" hits="0" branch="true" condition-coverage="0% (0/2)" />
                <line number="754" hits="0" branch="false" />
                <line number="757" hits="0" branch="false" />
                <line number="758" hits="0" branch="false" />
                <line number="760" hits="0" branch="false" />
                <line number="762" hits="0" branch="false" />
                <line number="764" hits="0" branch="true" condition-coverage="0% (0/2)" />
                <line number="765" hits="0" branch="false" />
                <line number="766" hits="0" branch="false" />
                <line number="769" hits="0" branch="true" condition-coverage="0% (0/4)" />
                <line number="770" hits="0" branch="false" />
                <line number="771" hits="0" branch="false" />
                <line number="772" hits="0" branch="false" />
                <line number="776" hits="0" branch="false" />
                <line number="777" hits="0" branch="false" />
                <line number="778" hits="0" branch="true" condition-coverage="0% (0/2)" />
                <line number="779" hits="0" branch="false" />
                <line number="780" hits="0" branch="false" />
                <line number="781" hits="0" branch="true" condition-coverage="0% (0/2)" />
                <line number="782" hits="0" branch="false" />
                <line number="783" hits="0" branch="false" />
                <line number="784" hits="0" branch="false" />
                <line number="786" hits="0" branch="false" />
                <line number="787" hits="0" branch="false" />
                <line number="789" hits="0" branch="false" />
                <line number="790" hits="0" branch="false" />
                <line number="792" hits="0" branch="true" condition-coverage="0% (0/2)" />
                <line number="793" hits="0" branch="false" />
                <line number="794" hits="0" branch="false" />
                <line number="797" hits="0" branch="true" condition-coverage="0% (0/2)" />
                <line number="798" hits="0" branch="false" />
                <line number="799" hits="0" branch="false" />
                <line number="800" hits="0" branch="false" />
                <line number="802" hits="0" branch="false" />
                <line number="803" hits="0" branch="false" />
              </lines>
            </method>
            <method name="IsPathLocatedIn" signature="(...)" line-rate="0" branch-rate="0" complexity="10">
              <lines>
                <line number="819" hits="0" branch="false" />
                <line number="820" hits="0" branch="true" condition-coverage="0% (0/4)" />
                <line number="821" hits="0" branch="false" />
                <line number="822" hits="0" branch="false" />
                <line number="824" hits="0" branch="false" />
                <line number="825" hits="0" branch="false" />
                <line number="828" hits="0" branch="false" />
                <line number="829" hits="0" branch="false" />
                <line number="830" hits="0" branch="true" condition-coverage="0% (0/2)" />
                <line number="831" hits="0" branch="true" condition-coverage="0% (0/2)" />
                <line number="832" hits="0" branch="true" condition-coverage="0% (0/2)" />
                <line number="834" hits="0" branch="false" />
                <line number="835" hits="0" branch="false" />
              </lines>
            </method>
            <method name="ArePathsEqual" signature="(...)" line-rate="0" branch-rate="0" complexity="10">
              <lines>
                <line number="844" hits="0" branch="false" />
                <line number="846" hits="0" branch="true" condition-coverage="0% (0/4)" />
                <line number="847" hits="0" branch="true" condition-coverage="0% (0/4)" />
                <line number="850" hits="0" branch="false" />
                <line number="851" hits="0" branch="false" />
                <line number="854" hits="0" branch="true" condition-coverage="0% (0/2)" />
                <line number="857" hits="0" branch="false" />
                <line number="858" hits="0" branch="false" />
                <line number="861" hits="0" branch="false" />
                <line number="862" hits="0" branch="false" />
              </lines>
            </method>
            <method name="EnsureValidFileName" signature="(...)" line-rate="0" branch-rate="1" complexity="1">
              <lines>
                <line number="870" hits="0" branch="false" />
                <line number="871" hits="0" branch="false" />
                <line number="872" hits="0" branch="false" />
[...]
            <line number="54" hits="3" branch="false" />
            <line number="55" hits="3" branch="false" />
            <line number="56" hits="3" branch="false" />
            <line number="57" hits="9" branch="false" />
            <line number="58" hits="3" branch="false" />
            <line number="59" hits="3" branch="false" />
          </lines>
        </class>
        <class name="HelperAndToolsForUT.Helper.Test.FluentAssertions.Tools.Punctuation" filename="C:\Users\carmelo.daniele\source\repos\HelperAndToolsForUT\HelperAndToolsForTest.Test\FluentAssertions\TestTools.cs" line-rate="0" branch-rate="1" complexity="1">
          <methods>
            <method name="AddExclamationPoint" signature="(...)" line-rate="0" branch-rate="1" complexity="1">
              <lines>
                <line number="21" hits="0" branch="false" />
                <line number="22" hits="0" branch="false" />
                <line number="23" hits="0" branch="false" />
              </lines>
            </method>
          </methods>
          <lines>
            <line number="21" hits="0" branch="false" />
            <line number="22" hits="0" branch="false" />
            <line number="23" hits="0" branch="false" />
          </lines>
        </class>
        <class name="HelperAndToolsForUT.Helper.Test.IocModule.BaseTests.InnerModule" filename="C:\Users\carmelo.daniele\source\repos\HelperAndToolsForUT\HelperAndToolsForTest.Test\IoCModule\BaseTests\InnerModule.cs" line-rate="1" branch-rate="1" complexity="1">
          <methods>
            <method name="Load" signature="(...)" line-rate="1" branch-rate="1" complexity="1">
              <lines>
                <line number="12" hits="1" branch="false" />
                <line number="13" hits="1" branch="false" />
                <line number="14" hits="1" branch="false" />
                <line number="15" hits="1" branch="false" />
              </lines>
            </method>
          </methods>
          <lines>
            <line number="12" hits="1" branch="false" />
            <line number="13" hits="1" branch="false" />
            <line number="14" hits="1" branch="false" />
            <line number="15" hits="1" branch="false" />
          </lines>
        </class>
        <class name="HelperAndToolsForUT.Helper.Test.IocModule.BaseTests.OuterModule" filename="C:\Users\carmelo.daniele\source\repos\HelperAndToolsForUT\HelperAndToolsForTest.Test\IoCModule\BaseTests\OuterModule.cs" line-rate="1" branch-rate="1" complexity="1">
          <methods>
            <method name="Load" signature="(...)" line-rate="1" branch-rate="1" complexity="1">
              <lines>
                <line number="13" hits="1" branch="false" />
                <line number="14" hits="1" branch="false" />
                <line number="15" hits="1" branch="false" />
                <line number="16" hits="1" branch="false" />
                <line number="17" hits="1" branch="false" />
              </lines>
            </method>
          </methods>
          <lines>
            <line number="13" hits="1" branch="false" />
            <line number="14" hits="1" branch="false" />
            <line number="15" hits="1" branch="false" />
            <line number="16" hits="1" branch="false" />
            <line number="17" hits="1" branch="false" />
          </lines>
        </class>
        <class name="HelperAndToolsForUT.Helper.Test.IocModule.BaseTests.ParameterizedModule" filename="C:\Users\carmelo.daniele\source\repos\HelperAndToolsForUT\HelperAndToolsForTest.Test\IoCModule\BaseTests\ParametrizedModule.cs" line-rate="1" branch-rate="1" complexity="2">
          <methods>
            <method name="Load" signature="(...)" line-rate="1" branch-rate="1" complexity="1">
              <lines>
                <line number="18" hits="1" branch="false" />
                <line number="19" hits="1" branch="false" />
                <line number="20" hits="1" branch="false" />
                <line number="21" hits="1" branch="false" />
              </lines>
            </method>
            <method name=".ctor" signature="(...)" line-rate="1" branch-rate="1" complexity="1">
              <lines>
                <line number="12" hits="1" branch="false" />
                <line number="13" hits="1" branch="false" />
                <line number="14" hits="1" branch="false" />
                <line number="15" hits="1" branch="false" />
              </lines>
            </method>
          </methods>
          <lines>
            <line number="12" hits="1" branch="false" />
            <line number="13" hits="1" branch="false" />
            <line number="14" hits="1" branch="false" />
            <line number="15" hits="1" branch="false" />
            <line number="18" hits="1" branch="false" />
            <line number="19" hits="1" branch="false" />
            <line number="20" hits="1" branch="false" />
            <line number="21" hits="1" branch="false" />
          </lines>
        </class>
        <class name="HelperAndToolsForUT.Helper.Test.IocModule.BaseTests.Service2Impl1" filename="C:\Users\carmelo.daniele\source\repos\HelperAndToolsForUT\HelperAndToolsForTest.Test\IoCModule\BaseTests\Service2Impl.cs" line-rate="1" branch-rate="1" complexity="2">
          <methods>
            <method name="Message" signature="()" line-rate="1" branch-rate="1" complexity="1">
              <lines>
                <line number="14" hits="1" branch="false" />
              </lines>
            </method>
            <method name=".ctor" signature="(...)" line-rate="1" branch-rate="1" complexity="1">
              <lines>
                <line number="9" hits="1" branch="false" />
                <line number="10" hits="1" branch="false" />
                <line number="11" hits="1" branch="false" />
                <line number="12" hits="1" branch="false" />
              </lines>
            </method>
          </methods>
          <lines>
            <line number="9" hits="1" branch="false" />
            <line number="10" hits="1" branch="false" />
            <line number="11" hits="1" branch="false" />
            <line number="12" hits="1" branch="false" />
            <line number="14" hits="1" branch="false" />
          </lines>
        </class>
        <class name="HelperAndToolsForUT.Helper.Test.IocModule.BaseTests.ServiceImpl1" filename="C:\Users\carmelo.daniele\source\repos\HelperAndToolsForUT\HelperAndToolsForTest.Test\IoCModule\BaseTests\ServiceImpl1.cs" line-rate="0" branch-rate="1" complexity="1">
          <methods>
            <method name="Message" signature="()" line-rate="0" branch-rate="1" complexity="1">
              <lines>
                <line number="7" hits="0" branch="false" />
              </lines>
            </method>
          </methods>
          <lines>
            <line number="7" hits="0" branch="false" />
          </lines>
        </class>
        <class name="HelperAndToolsForUT.Helper.Test.IocModule.BaseTests.ServiceImpl2" filename="C:\Users\carmelo.daniele\source\repos\HelperAndToolsForUT\HelperAndToolsForTest.Test\IoCModule\BaseTests\ServiceImpl2.cs" line-rate="1" branch-rate="1" complexity="1">
          <methods>
            <method name="Message" signature="()" line-rate="1" branch-rate="1" complexity="1">
              <lines>
                <line number="7" hits="2" branch="false" />
              </lines>
            </method>
          </methods>
          <lines>
            <line number="7" hits="2" branch="false" />
          </lines>
        </class>
        <class name="HelperAndToolsForUT.Helper.Test.IocModule.BaseTests.TestModule" filename="C:\Users\carmelo.daniele\source\repos\HelperAndToolsForUT\HelperAndToolsForTest.Test\IoCModule\BaseTests\TestModule.cs" line-rate="1" branch-rate="0.5" complexity="2">
          <methods>
            <method name="Load" signature="(...)" line-rate="1" branch-rate="0.5" complexity="2">
              <lines>
                <line number="14" hits="1" branch="false" />
                <line number="15" hits="1" branch="false" />
                <line number="16" hits="7" branch="true" condition-coverage="50% (1/2)" />
                <line number="17" hits="1" branch="false" />
              </lines>
            </method>
          </methods>
          <lines>
            <line number="14" hits="1" branch="false" />
            <line number="15" hits="1" branch="false" />
            <line number="16" hits="7" branch="true" condition-coverage="50% (1/2)" />
            <line number="17" hits="1" branch="false" />
          </lines>
        </class>
        <class name="HelperAndToolsForUT.Helper.Test.IocModule.ModuleExtensionsTests" filename="C:\Users\carmelo.daniele\source\repos\HelperAndToolsForUT\HelperAndToolsForTest.Test\IoCModule\IocModuleTest.cs" line-rate="0.9166666666666666" branch-rate="0.5" complexity="4">
          <methods>
            <method name="RegisterModule_WithNestedModules_AllDependenciesAreRegistered" signature="()" line-rate="1" branch-rate="1" complexity="1">
              <lines>
                <line number="31" hits="1" branch="false" />
                <line number="32" hits="1" branch="false" />
                <line number="33" hits="1" branch="false" />
                <line number="35" hits="1" branch="false" />
                <line number="36" hits="1" branch="false" />
                <line number="37" hits="1" branch="false" />
                <line number="38" hits="2" branch="false" />
              </lines>
            </method>
            <method name="RegisterModule_WhenAFactoryFunctionIsInvoked_AModuleIsRegistered" signature="()" line-rate="0.8333333333333334" branch-rate="0.5" complexity="2">
              <lines>
                <line number="42" hits="1" branch="false" />
                <line number="43" hits="1" branch="false" />
                <line number="44" hits="1" branch="true" condition-coverage="50% (1/2)" />
                <line number="45" hits="1" branch="false" />
                <line number="46" hits="1" branch="false" />
                <line number="47" hits="1" branch="false" />
                <line number="49" hits="0" branch="false" />
                <line number="50" hits="0" branch="false" />
                <line number="51" hits="0" branch="false" />
                <line number="53" hits="1" branch="false" />
                <line number="54" hits="1" branch="false" />
                <line number="55" hits="1" branch="false" />
                <line number="56" hits="1" branch="false" />
                <line number="57" hits="2" branch="false" />
                <line number="59" hits="1" branch="false" />
                <line number="60" hits="1" branch="false" />
                <line number="61" hits="1" branch="false" />
                <line number="62" hits="2" branch="false" />
              </lines>
            </method>
            <method name="RegisterModule_WhenCalled_PreviousRegistrationsArePresent" signature="()" line-rate="1" branch-rate="1" complexity="1">
              <lines>
                <line number="66" hits="1" branch="false" />
                <line number="67" hits="1" branch="false" />
                <line number="68" hits="1" branch="false" />
                <line number="69" hits="1" branch="false" />
                <line number="70" hits="1" branch="false" />
                <line number="71" hits="1" branch="false" />
                <line number="72" hits="1" branch="false" />
                <line number="73" hits="2" branch="false" />
                <line number="74" hits="2" branch="false" />
                <line number="75" hits="1" branch="false" />
                <line number="76" hits="1" branch="false" />
              </lines>
            </method>
          </methods>
          <lines>
            <line number="31" hits="1" branch="false" />
            <line number="32" hits="1" branch="false" />
            <line number="33" hits="1" branch="false" />
            <line number="35" hits="1" branch="false" />
            <line number="36" hits="1" branch="false" />
            <line number="37" hits="1" branch="false" />
            <line number="38" hits="2" branch="false" />
            <line number="42" hits="1" branch="false" />
            <line number="43" hits="1" branch="false" />
            <line number="44" hits="1" branch="true" condition-coverage="50% (1/2)" />
            <line number="45" hits="1" branch="false" />
            <line number="46" hits="1" branch="false" />
            <line number="47" hits="1" branch="false" />
            <line number="49" hits="0" branch="false" />
            <line number="50" hits="0" branch="false" />
            <line number="51" hits="0" branch="false" />
            <line number="53" hits="1" branch="false" />
            <line number="54" hits="1" branch="false" />
            <line number="55" hits="1" branch="false" />
            <line number="56" hits="1" branch="false" />
            <line number="57" hits="2" branch="false" />
            <line number="59" hits="1" branch="false" />
            <line number="60" hits="1" branch="false" />
            <line number="61" hits="1" branch="false" />
            <line number="62" hits="2" branch="false" />
            <line number="66" hits="1" branch="false" />
            <line number="67" hits="1" branch="false" />
            <line number="68" hits="1" branch="false" />
            <line number="69" hits="1" branch="false" />
            <line number="70" hits="1" branch="false" />
            <line number="71" hits="1" branch="false" />
            <line number="72" hits="1" branch="false" />
            <line number="73" hits="2" branch="false" />
            <line number="74" hits="2" branch="false" />
            <line number="75" hits="1" branch="false" />
            <line number="76" hits="1" branch="false" />
          </lines>
        </class>
        <class name="HelperAndToolsForUT.Helper.Test.IOTools.ModuleExtensionsTests" filename="C:\Users\carmelo.daniele\source\repos\HelperAndToolsForUT\HelperAndToolsForTest.Test\IO\TemporaryFileTest.cs" line-rate="0.825" branch-rate="1" complexity="4">
          <methods>
            <method name="TempFileEmpty_WhenUseTempDirectoryContextAndWriteAfter" signature="()" line-rate="0.4444444444444444" branch-rate="1" complexity="1">
              <lines>
                <line number="24" hits="1" branch="false" />
                <line number="25" hits="1" branch="false" />
                <line number="26" hits="1" branch="false" />
                <line number="27" hits="1" branch="false" />
                <line number="29" hits="0" branch="false" />
                <line number="31" hits="0" branch="false" />
                <line number="32" hits="0" branch="false" />
                <line number="33" hits="0" branch="false" />
                <line number="35" hits="0" branch="false" />
              </lines>
            </method>
            <method name="TempFileNamedPredicate_WhenUseTempDirectoryContextAndWriteAfter" signature="()" line-rate="1" branch-rate="1" complexity="1">
              <lines>
                <line number="39" hits="1" branch="false" />
                <line number="40" hits="1" branch="false" />
                <line number="41" hits="1" branch="false" />
                <line number="42" hits="1" branch="false" />
                <line number="44" hits="1" branch="false" />
                <line number="46" hits="1" branch="false" />
                <line number="47" hits="1" branch="false" />
                <line number="48" hits="1" branch="false" />
                <line number="49" hits="1" branch="false" />
                <line number="50" hits="1" branch="false" />
              </lines>
            </method>
            <method name="TempFileNamedPredicate_WhenUseTempSubDirectoryContextAndWriteAfter" signature="()" line-rate="0.8181818181818182" branch-rate="1" complexity="1">
              <lines>
                <line number="54" hits="1" branch="false" />
                <line number="55" hits="1" branch="false" />
                <line number="56" hits="1" branch="false" />
                <line number="57" hits="1" branch="false" />
                <line number="59" hits="1" branch="false" />
                <line number="61" hits="1" branch="false" />
                <line number="62" hits="1" branch="false" />
                <line number="63" hits="1" branch="false" />
                <line number="64" hits="1" branch="false" />
                <line number="66" hits="0" branch="false" />
                <line number="67" hits="0" branch="false" />
              </lines>
            </method>
            <method name="TempFileNamedPredicate_WhenUseSomeDirectoryContextAndWriteAfter" signature="()" line-rate="1" branch-rate="1" complexity="1">
              <lines>
                <line number="71" hits="1" branch="false" />
                <line number="72" hits="1" branch="false" />
                <line number="73" hits="1" branch="false" />
                <line number="74" hits="1" branch="false" />
                <line number="76" hits="1" branch="false" />
                <line number="78" hits="1" branch="false" />
                <line number="79" hits="1" branch="false" />
                <line number="81" hits="1" branch="false" />
                <line number="82" hits="1" branch="false" />
                <line number="84" hits="1" branch="false" />
              </lines>
            </method>
          </methods>
          <lines>
            <line number="24" hits="1" branch="false" />
            <line number="25" hits="1" branch="false" />
            <line number="26" hits="1" branch="false" />
            <line number="27" hits="1" branch="false" />
            <line number="29" hits="0" branch="false" />
            <line number="31" hits="0" branch="false" />
            <line number="32" hits="0" branch="false" />
            <line number="33" hits="0" branch="false" />
            <line number="35" hits="0" branch="false" />
            <line number="39" hits="1" branch="false" />
            <line number="40" hits="1" branch="false" />
            <line number="41" hits="1" branch="false" />
            <line number="42" hits="1" branch="false" />
            <line number="44" hits="1" branch="false" />
            <line number="46" hits="1" branch="false" />
            <line number="47" hits="1" branch="false" />
            <line number="48" hits="1" branch="false" />
            <line number="49" hits="1" branch="false" />
            <line number="50" hits="1" branch="false" />
            <line number="54" hits="1" branch="false" />
            <line number="55" hits="1" branch="false" />
            <line number="56" hits="1" branch="false" />
            <line number="57" hits="1" branch="false" />
            <line number="59" hits="1" branch="false" />
            <line number="61" hits="1" branch="false" />
            <line number="62" hits="1" branch="false" />
            <line number="63" hits="1" branch="false" />
            <line number="64" hits="1" branch="false" />
            <line number="66" hits="0" branch="false" />
            <line number="67" hits="0" branch="false" />
            <line number="71" hits="1" branch="false" />
            <line number="72" hits="1" branch="false" />
            <line number="73" hits="1" branch="false" />
            <line number="74" hits="1" branch="false" />
            <line number="76" hits="1" branch="false" />
            <line number="78" hits="1" branch="false" />
            <line number="79" hits="1" branch="false" />
            <line number="81" hits="1" branch="false" />
            <line number="82" hits="1" branch="false" />
            <line number="84" hits="1" branch="false" />
          </lines>
        </class>
      </classes>
    </package>
  </packages>
</coverage>