TpTrace Verbose: 0 : 19352, 1, 2021/12/31, 11:25:40.870, 20422670615225, vstest.console.dll, Version: 16.9.4
TpTrace Information: 0 : 19352, 1, 2021/12/31, 11:25:40.906, 20422670813375, vstest.console.dll, FilePatternParser: The given file C:\Users\carmelo.daniele\source\repos\HelperAndToolsForUT\HelperAndToolsForTest.Test\bin\Debug\net5.0\fine-code-coverage\build-output\HelperAndToolsForTest.Test.dll is a full path.
TpTrace Verbose: 0 : 19352, 1, 2021/12/31, 11:25:40.923, 20422670985610, vstest.console.dll, TestPluginCache.DiscoverTestExtensions: finding test extensions in assemblies ends with: RuntimeProvider.dll TPluginInfo: Microsoft.VisualStudio.TestPlatform.Common.ExtensionFramework.Utilities.TestRuntimePluginInformation TExtension: Microsoft.VisualStudio.TestPlatform.ObjectModel.Host.ITestRuntimeProvider
TpTrace Verbose: 0 : 19352, 1, 2021/12/31, 11:25:40.924, 20422670993645, vstest.console.dll, TestPluginCache.GetExtensionPaths: Filtered extension paths: 
TpTrace Verbose: 0 : 19352, 1, 2021/12/31, 11:25:40.924, 20422670996462, vstest.console.dll, TestPluginCache.GetExtensionPaths: Added default extension paths: C:\Program Files\dotnet\sdk\5.0.203\Extensions\Microsoft.Diagnostics.NETCore.Client.dll
C:\Program Files\dotnet\sdk\5.0.203\Extensions\Microsoft.TestPlatform.Extensions.BlameDataCollector.dll
C:\Program Files\dotnet\sdk\5.0.203\Extensions\Microsoft.TestPlatform.Extensions.EventLogCollector.dll
C:\Program Files\dotnet\sdk\5.0.203\Extensions\Microsoft.TestPlatform.TestHostRuntimeProvider.dll
C:\Program Files\dotnet\sdk\5.0.203\Extensions\Microsoft.VisualStudio.TestPlatform.Extensions.Html.TestLogger.dll
C:\Program Files\dotnet\sdk\5.0.203\Extensions\Microsoft.VisualStudio.TestPlatform.Extensions.Trx.TestLogger.dll
TpTrace Verbose: 0 : 19352, 1, 2021/12/31, 11:25:40.924, 20422670998058, vstest.console.dll, TestPluginCache.GetExtensionPaths: Added unfilterableExtensionPaths: 
TpTrace Information: 0 : 19352, 1, 2021/12/31, 11:25:40.925, 20422671008588, vstest.console.dll, AssemblyResolver.ctor: Creating AssemblyResolver with searchDirectories C:\Program Files\dotnet\sdk\5.0.203\Extensions,C:\Program Files\dotnet\sdk\5.0.203
TpTrace Verbose: 0 : 19352, 1, 2021/12/31, 11:25:40.928, 20422671036833, vstest.console.dll, TestPluginCache.DiscoverTestExtensions: Discovering the extensions using extension path.
TpTrace Verbose: 0 : 19352, 1, 2021/12/31, 11:25:40.928, 20422671039691, vstest.console.dll, TestPluginCache.GetExtensionPaths: Filtered extension paths: 
TpTrace Verbose: 0 : 19352, 1, 2021/12/31, 11:25:40.928, 20422671041636, vstest.console.dll, TestPluginCache.GetExtensionPaths: Added default extension paths: C:\Program Files\dotnet\sdk\5.0.203\Extensions\Microsoft.Diagnostics.NETCore.Client.dll
C:\Program Files\dotnet\sdk\5.0.203\Extensions\Microsoft.TestPlatform.Extensions.BlameDataCollector.dll
C:\Program Files\dotnet\sdk\5.0.203\Extensions\Microsoft.TestPlatform.Extensions.EventLogCollector.dll
C:\Program Files\dotnet\sdk\5.0.203\Extensions\Microsoft.TestPlatform.TestHostRuntimeProvider.dll
C:\Program Files\dotnet\sdk\5.0.203\Extensions\Microsoft.VisualStudio.TestPlatform.Extensions.Html.TestLogger.dll
C:\Program Files\dotnet\sdk\5.0.203\Extensions\Microsoft.VisualStudio.TestPlatform.Extensions.Trx.TestLogger.dll
TpTrace Verbose: 0 : 19352, 1, 2021/12/31, 11:25:40.929, 20422671043120, vstest.console.dll, TestPluginCache.GetExtensionPaths: Added unfilterableExtensionPaths: 
TpTrace Verbose: 0 : 19352, 1, 2021/12/31, 11:25:40.929, 20422671044898, vstest.console.dll, TestPluginCache.DiscoverTestExtensions: Discovering the extensions using allExtensionPaths: C:\Program Files\dotnet\sdk\5.0.203\Extensions\Microsoft.Diagnostics.NETCore.Client.dll
C:\Program Files\dotnet\sdk\5.0.203\Extensions\Microsoft.TestPlatform.Extensions.BlameDataCollector.dll
C:\Program Files\dotnet\sdk\5.0.203\Extensions\Microsoft.TestPlatform.Extensions.EventLogCollector.dll
C:\Program Files\dotnet\sdk\5.0.203\Extensions\Microsoft.TestPlatform.TestHostRuntimeProvider.dll
C:\Program Files\dotnet\sdk\5.0.203\Extensions\Microsoft.VisualStudio.TestPlatform.Extensions.Html.TestLogger.dll
C:\Program Files\dotnet\sdk\5.0.203\Extensions\Microsoft.VisualStudio.TestPlatform.Extensions.Trx.TestLogger.dll
TpTrace Information: 0 : 19352, 1, 2021/12/31, 11:25:40.929, 20422671048022, vstest.console.dll, AssemblyResolver.AddSearchDirectories: Adding more searchDirectories C:\Program Files\dotnet\sdk\5.0.203\Extensions,C:\Program Files\dotnet\sdk\5.0.203
TpTrace Information: 0 : 19352, 1, 2021/12/31, 11:25:40.929, 20422671049812, vstest.console.dll, AssemblyResolver.AddSearchDirectories: Adding more searchDirectories C:\Program Files\dotnet\sdk\5.0.203\Extensions,C:\Program Files\dotnet\sdk\5.0.203
TpTrace Information: 0 : 19352, 1, 2021/12/31, 11:25:40.929, 20422671052420, vstest.console.dll, AssemblyResolver.AddSearchDirectories: Adding more searchDirectories C:\Program Files\dotnet\sdk\5.0.203\Extensions,C:\Program Files\dotnet\sdk\5.0.203
TpTrace Information: 0 : 19352, 1, 2021/12/31, 11:25:40.930, 20422671053981, vstest.console.dll, AssemblyResolver.AddSearchDirectories: Adding more searchDirectories C:\Program Files\dotnet\sdk\5.0.203\Extensions,C:\Program Files\dotnet\sdk\5.0.203
TpTrace Information: 0 : 19352, 1, 2021/12/31, 11:25:40.930, 20422671055371, vstest.console.dll, AssemblyResolver.AddSearchDirectories: Adding more searchDirectories C:\Program Files\dotnet\sdk\5.0.203\Extensions,C:\Program Files\dotnet\sdk\5.0.203
TpTrace Information: 0 : 19352, 1, 2021/12/31, 11:25:40.930, 20422671056743, vstest.console.dll, AssemblyResolver.AddSearchDirectories: Adding more searchDirectories C:\Program Files\dotnet\sdk\5.0.203\Extensions,C:\Program Files\dotnet\sdk\5.0.203
TpTrace Information: 0 : 19352, 1, 2021/12/31, 11:25:40.930, 20422671062825, vstest.console.dll, AssemblyResolver.OnResolve: Microsoft.Diagnostics.NETCore.Client: Resolving assembly.
TpTrace Information: 0 : 19352, 1, 2021/12/31, 11:25:40.934, 20422671093833, vstest.console.dll, AssemblyResolver.OnResolve: Resolved assembly: Microsoft.Diagnostics.NETCore.Client, from path: C:\Program Files\dotnet\sdk\5.0.203\Extensions\Microsoft.Diagnostics.NETCore.Client.dll
TpTrace Information: 0 : 19352, 1, 2021/12/31, 11:25:40.941, 20422671172718, vstest.console.dll, AssemblyResolver.OnResolve: Microsoft.Bcl.AsyncInterfaces: Resolving assembly.
TpTrace Information: 0 : 19352, 1, 2021/12/31, 11:25:40.942, 20422671177229, vstest.console.dll, AssemblyResolver.OnResolve: Microsoft.Bcl.AsyncInterfaces: Failed to load assembly.
TpTrace Verbose: 0 : 19352, 1, 2021/12/31, 11:25:40.942, 20422671179211, vstest.console.dll, CurrentDomain_AssemblyResolve: Resolving assembly 'Microsoft.Bcl.AsyncInterfaces'.
TpTrace Information: 0 : 19352, 1, 2021/12/31, 11:25:40.942, 20422671181756, vstest.console.dll, AssemblyResolver.OnResolve: Microsoft.Bcl.AsyncInterfaces: Resolving assembly.
TpTrace Information: 0 : 19352, 1, 2021/12/31, 11:25:40.943, 20422671183391, vstest.console.dll, AssemblyResolver.OnResolve: Microsoft.Bcl.AsyncInterfaces: Resolved from cache.
TpTrace Verbose: 0 : 19352, 1, 2021/12/31, 11:25:40.943, 20422671185014, vstest.console.dll, CurrentDomain_AssemblyResolve: Resolving assembly 'Microsoft.Bcl.AsyncInterfaces'.
TpTrace Verbose: 0 : 19352, 1, 2021/12/31, 11:25:40.943, 20422671186523, vstest.console.dll, CurrentDomainAssemblyResolve: Failed to resolve assembly 'Microsoft.Bcl.AsyncInterfaces'.
TpTrace Verbose: 0 : 19352, 1, 2021/12/31, 11:25:40.946, 20422671221196, vstest.console.dll, CurrentDomainAssemblyResolve: Failed to resolve assembly 'Microsoft.Bcl.AsyncInterfaces'.
TpTrace Warning: 0 : 19352, 1, 2021/12/31, 11:25:40.999, 20422671751871, vstest.console.dll, TestPluginDiscoverer: Failed to get types from assembly 'Microsoft.Diagnostics.NETCore.Client, Version=0.2.2.41902, Culture=neutral, PublicKeyToken=31bf3856ad364e35'.  Skipping test extension scan for this assembly.  Error: System.Reflection.ReflectionTypeLoadException: Unable to load one or more of the requested types.
Could not load file or assembly 'Microsoft.Bcl.AsyncInterfaces, Version=1.0.0.0, Culture=neutral, PublicKeyToken=cc7b13ffcd2ddd51'. Impossibile trovare il file specificato.
   at System.Reflection.RuntimeModule.GetTypes(RuntimeModule module)
   at System.Reflection.RuntimeModule.GetTypes()
   at System.Reflection.Assembly.GetTypes()
   at Microsoft.VisualStudio.TestPlatform.Common.ExtensionFramework.TestPluginDiscoverer.GetTestExtensionsFromAssembly[TPluginInfo,TExtension](Assembly assembly, Dictionary`2 pluginInfos)
System.IO.FileNotFoundException: Could not load file or assembly 'Microsoft.Bcl.AsyncInterfaces, Version=1.0.0.0, Culture=neutral, PublicKeyToken=cc7b13ffcd2ddd51'. Impossibile trovare il file specificato.
File name: 'Microsoft.Bcl.AsyncInterfaces, Version=1.0.0.0, Culture=neutral, PublicKeyToken=cc7b13ffcd2ddd51'
TpTrace Warning: 0 : 19352, 1, 2021/12/31, 11:25:41.000, 20422671755173, vstest.console.dll, LoaderExceptions: System.IO.FileNotFoundException: Could not load file or assembly 'Microsoft.Bcl.AsyncInterfaces, Version=1.0.0.0, Culture=neutral, PublicKeyToken=cc7b13ffcd2ddd51'. Impossibile trovare il file specificato.
File name: 'Microsoft.Bcl.AsyncInterfaces, Version=1.0.0.0, Culture=neutral, PublicKeyToken=cc7b13ffcd2ddd51'
TpTrace Information: 0 : 19352, 1, 2021/12/31, 11:25:41.000, 20422671757840, vstest.console.dll, AssemblyResolver.OnResolve: Microsoft.TestPlatform.Extensions.BlameDataCollector: Resolving assembly.
TpTrace Information: 0 : 19352, 1, 2021/12/31, 11:25:41.003, 20422671787062, vstest.console.dll, AssemblyResolver.OnResolve: Resolved assembly: Microsoft.TestPlatform.Extensions.BlameDataCollector, from path: C:\Program Files\dotnet\sdk\5.0.203\Extensions\Microsoft.TestPlatform.Extensions.BlameDataCollector.dll
TpTrace Information: 0 : 19352, 1, 2021/12/31, 11:25:41.004, 20422671800154, vstest.console.dll, AssemblyResolver.OnResolve: Microsoft.TestPlatform.Extensions.EventLogCollector: Resolving assembly.
TpTrace Information: 0 : 19352, 1, 2021/12/31, 11:25:41.007, 20422671824993, vstest.console.dll, AssemblyResolver.OnResolve: Resolved assembly: Microsoft.TestPlatform.Extensions.EventLogCollector, from path: C:\Program Files\dotnet\sdk\5.0.203\Extensions\Microsoft.TestPlatform.Extensions.EventLogCollector.dll
TpTrace Information: 0 : 19352, 1, 2021/12/31, 11:25:41.012, 20422671873800, vstest.console.dll, AssemblyResolver.OnResolve: Microsoft.TestPlatform.TestHostRuntimeProvider: Resolving assembly.
TpTrace Information: 0 : 19352, 1, 2021/12/31, 11:25:41.014, 20422671897237, vstest.console.dll, AssemblyResolver.OnResolve: Resolved assembly: Microsoft.TestPlatform.TestHostRuntimeProvider, from path: C:\Program Files\dotnet\sdk\5.0.203\Extensions\Microsoft.TestPlatform.TestHostRuntimeProvider.dll
TpTrace Information: 0 : 19352, 1, 2021/12/31, 11:25:41.015, 20422671912533, vstest.console.dll, AssemblyResolver.OnResolve: Microsoft.VisualStudio.TestPlatform.Extensions.Html.TestLogger: Resolving assembly.
TpTrace Information: 0 : 19352, 1, 2021/12/31, 11:25:41.018, 20422671937266, vstest.console.dll, AssemblyResolver.OnResolve: Resolved assembly: Microsoft.VisualStudio.TestPlatform.Extensions.Html.TestLogger, from path: C:\Program Files\dotnet\sdk\5.0.203\Extensions\Microsoft.VisualStudio.TestPlatform.Extensions.Html.TestLogger.dll
TpTrace Information: 0 : 19352, 1, 2021/12/31, 11:25:41.022, 20422671973631, vstest.console.dll, AssemblyResolver.OnResolve: Microsoft.VisualStudio.TestPlatform.Extensions.Trx.TestLogger: Resolving assembly.
TpTrace Information: 0 : 19352, 1, 2021/12/31, 11:25:41.025, 20422672008140, vstest.console.dll, AssemblyResolver.OnResolve: Resolved assembly: Microsoft.VisualStudio.TestPlatform.Extensions.Trx.TestLogger, from path: C:\Program Files\dotnet\sdk\5.0.203\Extensions\Microsoft.VisualStudio.TestPlatform.Extensions.Trx.TestLogger.dll
TpTrace Verbose: 0 : 19352, 1, 2021/12/31, 11:25:41.026, 20422672021542, vstest.console.dll, TestPluginCache: Discovered the extensions using extension path ''.
TpTrace Verbose: 0 : 19352, 1, 2021/12/31, 11:25:41.027, 20422672023643, vstest.console.dll, TestPluginCache: Discoverers are ''.
TpTrace Verbose: 0 : 19352, 1, 2021/12/31, 11:25:41.027, 20422672025025, vstest.console.dll, TestPluginCache: Executors are ''.
TpTrace Verbose: 0 : 19352, 1, 2021/12/31, 11:25:41.027, 20422672026399, vstest.console.dll, TestPluginCache: Executors2 are ''.
TpTrace Verbose: 0 : 19352, 1, 2021/12/31, 11:25:41.027, 20422672028235, vstest.console.dll, TestPluginCache: Setting providers are ''.
TpTrace Verbose: 0 : 19352, 1, 2021/12/31, 11:25:41.027, 20422672030177, vstest.console.dll, TestPluginCache: Loggers are ''.
TpTrace Information: 0 : 19352, 1, 2021/12/31, 11:25:41.035, 20422672109648, vstest.console.dll, RunTestsArgumentProcessor:Execute: Test run is starting.
TpTrace Verbose: 0 : 19352, 1, 2021/12/31, 11:25:41.035, 20422672112683, vstest.console.dll, RunTestsArgumentProcessor:Execute: Queuing Test run.
TpTrace Information: 0 : 19352, 1, 2021/12/31, 11:25:41.036, 20422672118502, vstest.console.dll, TestRequestManager.RunTests: run tests started.
TpTrace Information: 0 : 19352, 1, 2021/12/31, 11:25:41.056, 20422672316582, vstest.console.dll, AssemblyMetadataProvider.GetFrameWork: Determined framework:'.NETCoreApp,Version=v5.0' for source: 'C:\Users\carmelo.daniele\source\repos\HelperAndToolsForUT\HelperAndToolsForTest.Test\bin\Debug\net5.0\fine-code-coverage\build-output\HelperAndToolsForTest.Test.dll'
TpTrace Information: 0 : 19352, 1, 2021/12/31, 11:25:41.056, 20422672322168, vstest.console.dll, Determined framework for all sources: .NETCoreApp,Version=v5.0
TpTrace Information: 0 : 19352, 1, 2021/12/31, 11:25:41.059, 20422672344091, vstest.console.dll, AssemblyMetadataProvider.GetArchitecture: Determined architecture:AnyCPU info for assembly: C:\Users\carmelo.daniele\source\repos\HelperAndToolsForUT\HelperAndToolsForTest.Test\bin\Debug\net5.0\fine-code-coverage\build-output\HelperAndToolsForTest.Test.dll
TpTrace Information: 0 : 19352, 1, 2021/12/31, 11:25:41.063, 20422672390549, vstest.console.dll, Determined platform for all sources: X64
TpTrace Information: 0 : 19352, 1, 2021/12/31, 11:25:41.067, 20422672432797, vstest.console.dll, Compatible sources list : 
TpTrace Information: 0 : 19352, 1, 2021/12/31, 11:25:41.068, 20422672435424, vstest.console.dll, C:\Users\carmelo.daniele\source\repos\HelperAndToolsForUT\HelperAndToolsForTest.Test\bin\Debug\net5.0\fine-code-coverage\build-output\HelperAndToolsForTest.Test.dll
TpTrace Information: 0 : 19352, 1, 2021/12/31, 11:25:41.071, 20422672463989, vstest.console.dll, InferRunSettingsHelper.IsTestSettingsEnabled: Unable to navigate to RunSettings/MSTest. Current node: RunSettings
TpTrace Information: 0 : 19352, 1, 2021/12/31, 11:25:41.072, 20422672474167, vstest.console.dll, AssemblyResolver.OnResolve: Microsoft.VisualStudio.TestPlatform.Fakes: Resolving assembly.
TpTrace Information: 0 : 19352, 1, 2021/12/31, 11:25:41.072, 20422672478571, vstest.console.dll, AssemblyResolver.OnResolve: Microsoft.VisualStudio.TestPlatform.Fakes: Failed to load assembly.
TpTrace Information: 0 : 19352, 1, 2021/12/31, 11:25:41.073, 20422672486408, vstest.console.dll, Failed to create newly implemented Fakes Configurator. Reason:System.IO.FileNotFoundException: Could not load file or assembly 'Microsoft.VisualStudio.TestPlatform.Fakes, Version=16.0.0.0, Culture=neutral, PublicKeyToken=null'. Impossibile trovare il file specificato.
File name: 'Microsoft.VisualStudio.TestPlatform.Fakes, Version=16.0.0.0, Culture=neutral, PublicKeyToken=null'
   at System.Reflection.RuntimeAssembly.InternalLoad(ObjectHandleOnStack assemblyName, ObjectHandleOnStack requestingAssembly, StackCrawlMarkHandle stackMark, Boolean throwOnFileNotFound, ObjectHandleOnStack assemblyLoadContext, ObjectHandleOnStack retAssembly)
   at System.Reflection.RuntimeAssembly.InternalLoad(AssemblyName assemblyName, RuntimeAssembly requestingAssembly, StackCrawlMark& stackMark, Boolean throwOnFileNotFound, AssemblyLoadContext assemblyLoadContext)
   at System.Reflection.Assembly.Load(AssemblyName assemblyRef)
   at Microsoft.VisualStudio.TestPlatform.Common.Utilities.FakesUtilities.TryGetFakesCrossPlatformDataCollectorConfigurator() 
TpTrace Verbose: 0 : 19352, 1, 2021/12/31, 11:25:41.079, 20422672551574, vstest.console.dll, TestPluginCache.DiscoverTestExtensions: finding test extensions in assemblies ends with: TestLogger.dll TPluginInfo: Microsoft.VisualStudio.TestPlatform.Common.ExtensionFramework.Utilities.TestLoggerPluginInformation TExtension: Microsoft.VisualStudio.TestPlatform.ObjectModel.Client.ITestLogger
TpTrace Verbose: 0 : 19352, 1, 2021/12/31, 11:25:41.080, 20422672553754, vstest.console.dll, TestPluginCache.GetExtensionPaths: Filtered extension paths: 
TpTrace Verbose: 0 : 19352, 1, 2021/12/31, 11:25:41.080, 20422672555364, vstest.console.dll, TestPluginCache.GetExtensionPaths: Added default extension paths: C:\Program Files\dotnet\sdk\5.0.203\Extensions\Microsoft.Diagnostics.NETCore.Client.dll
C:\Program Files\dotnet\sdk\5.0.203\Extensions\Microsoft.TestPlatform.Extensions.BlameDataCollector.dll
C:\Program Files\dotnet\sdk\5.0.203\Extensions\Microsoft.TestPlatform.Extensions.EventLogCollector.dll
C:\Program Files\dotnet\sdk\5.0.203\Extensions\Microsoft.TestPlatform.TestHostRuntimeProvider.dll
C:\Program Files\dotnet\sdk\5.0.203\Extensions\Microsoft.VisualStudio.TestPlatform.Extensions.Html.TestLogger.dll
C:\Program Files\dotnet\sdk\5.0.203\Extensions\Microsoft.VisualStudio.TestPlatform.Extensions.Trx.TestLogger.dll
TpTrace Verbose: 0 : 19352, 1, 2021/12/31, 11:25:41.080, 20422672557952, vstest.console.dll, TestPluginCache.GetExtensionPaths: Added unfilterableExtensionPaths: 
TpTrace Information: 0 : 19352, 1, 2021/12/31, 11:25:41.081, 20422672568299, vstest.console.dll, AssemblyResolver.AddSearchDirectories: Adding more searchDirectories C:\Program Files\dotnet\sdk\5.0.203\Extensions,C:\Program Files\dotnet\sdk\5.0.203
TpTrace Verbose: 0 : 19352, 1, 2021/12/31, 11:25:41.081, 20422672570943, vstest.console.dll, TestPluginCache.DiscoverTestExtensions: Discovering the extensions using extension path.
TpTrace Verbose: 0 : 19352, 1, 2021/12/31, 11:25:41.081, 20422672572400, vstest.console.dll, TestPluginCache.GetExtensionPaths: Filtered extension paths: 
TpTrace Verbose: 0 : 19352, 1, 2021/12/31, 11:25:41.082, 20422672573794, vstest.console.dll, TestPluginCache.GetExtensionPaths: Added default extension paths: C:\Program Files\dotnet\sdk\5.0.203\Extensions\Microsoft.Diagnostics.NETCore.Client.dll
C:\Program Files\dotnet\sdk\5.0.203\Extensions\Microsoft.TestPlatform.Extensions.BlameDataCollector.dll
C:\Program Files\dotnet\sdk\5.0.203\Extensions\Microsoft.TestPlatform.Extensions.EventLogCollector.dll
C:\Program Files\dotnet\sdk\5.0.203\Extensions\Microsoft.TestPlatform.TestHostRuntimeProvider.dll
C:\Program Files\dotnet\sdk\5.0.203\Extensions\Microsoft.VisualStudio.TestPlatform.Extensions.Html.TestLogger.dll
C:\Program Files\dotnet\sdk\5.0.203\Extensions\Microsoft.VisualStudio.TestPlatform.Extensions.Trx.TestLogger.dll
TpTrace Verbose: 0 : 19352, 1, 2021/12/31, 11:25:41.082, 20422672575259, vstest.console.dll, TestPluginCache.GetExtensionPaths: Added unfilterableExtensionPaths: 
TpTrace Verbose: 0 : 19352, 1, 2021/12/31, 11:25:41.082, 20422672577033, vstest.console.dll, TestPluginCache.DiscoverTestExtensions: Discovering the extensions using allExtensionPaths: C:\Program Files\dotnet\sdk\5.0.203\Extensions\Microsoft.Diagnostics.NETCore.Client.dll
C:\Program Files\dotnet\sdk\5.0.203\Extensions\Microsoft.TestPlatform.Extensions.BlameDataCollector.dll
C:\Program Files\dotnet\sdk\5.0.203\Extensions\Microsoft.TestPlatform.Extensions.EventLogCollector.dll
C:\Program Files\dotnet\sdk\5.0.203\Extensions\Microsoft.TestPlatform.TestHostRuntimeProvider.dll
C:\Program Files\dotnet\sdk\5.0.203\Extensions\Microsoft.VisualStudio.TestPlatform.Extensions.Html.TestLogger.dll
C:\Program Files\dotnet\sdk\5.0.203\Extensions\Microsoft.VisualStudio.TestPlatform.Extensions.Trx.TestLogger.dll
TpTrace Information: 0 : 19352, 1, 2021/12/31, 11:25:41.082, 20422672578748, vstest.console.dll, AssemblyResolver.AddSearchDirectories: Adding more searchDirectories C:\Program Files\dotnet\sdk\5.0.203\Extensions,C:\Program Files\dotnet\sdk\5.0.203
TpTrace Information: 0 : 19352, 1, 2021/12/31, 11:25:41.082, 20422672580862, vstest.console.dll, AssemblyResolver.AddSearchDirectories: Adding more searchDirectories C:\Program Files\dotnet\sdk\5.0.203\Extensions,C:\Program Files\dotnet\sdk\5.0.203
TpTrace Information: 0 : 19352, 1, 2021/12/31, 11:25:41.082, 20422672582516, vstest.console.dll, AssemblyResolver.AddSearchDirectories: Adding more searchDirectories C:\Program Files\dotnet\sdk\5.0.203\Extensions,C:\Program Files\dotnet\sdk\5.0.203
TpTrace Information: 0 : 19352, 1, 2021/12/31, 11:25:41.083, 20422672584490, vstest.console.dll, AssemblyResolver.AddSearchDirectories: Adding more searchDirectories C:\Program Files\dotnet\sdk\5.0.203\Extensions,C:\Program Files\dotnet\sdk\5.0.203
TpTrace Information: 0 : 19352, 1, 2021/12/31, 11:25:41.083, 20422672585940, vstest.console.dll, AssemblyResolver.AddSearchDirectories: Adding more searchDirectories C:\Program Files\dotnet\sdk\5.0.203\Extensions,C:\Program Files\dotnet\sdk\5.0.203
TpTrace Information: 0 : 19352, 1, 2021/12/31, 11:25:41.083, 20422672588101, vstest.console.dll, AssemblyResolver.AddSearchDirectories: Adding more searchDirectories C:\Program Files\dotnet\sdk\5.0.203\Extensions,C:\Program Files\dotnet\sdk\5.0.203
TpTrace Information: 0 : 19352, 1, 2021/12/31, 11:25:41.084, 20422672596631, vstest.console.dll, AssemblyResolver.OnResolve: Microsoft.Bcl.AsyncInterfaces: Resolving assembly.
TpTrace Information: 0 : 19352, 1, 2021/12/31, 11:25:41.084, 20422672599320, vstest.console.dll, AssemblyResolver.OnResolve: Microsoft.Bcl.AsyncInterfaces: Resolved from cache.
TpTrace Verbose: 0 : 19352, 1, 2021/12/31, 11:25:41.084, 20422672602018, vstest.console.dll, CurrentDomain_AssemblyResolve: Resolving assembly 'Microsoft.Bcl.AsyncInterfaces'.
TpTrace Information: 0 : 19352, 1, 2021/12/31, 11:25:41.085, 20422672605649, vstest.console.dll, AssemblyResolver.OnResolve: Microsoft.Bcl.AsyncInterfaces: Resolving assembly.
TpTrace Information: 0 : 19352, 1, 2021/12/31, 11:25:41.085, 20422672608201, vstest.console.dll, AssemblyResolver.OnResolve: Microsoft.Bcl.AsyncInterfaces: Resolved from cache.
TpTrace Verbose: 0 : 19352, 1, 2021/12/31, 11:25:41.085, 20422672610784, vstest.console.dll, CurrentDomain_AssemblyResolve: Resolving assembly 'Microsoft.Bcl.AsyncInterfaces'.
TpTrace Verbose: 0 : 19352, 1, 2021/12/31, 11:25:41.086, 20422672613065, vstest.console.dll, CurrentDomainAssemblyResolve: Failed to resolve assembly 'Microsoft.Bcl.AsyncInterfaces'.
TpTrace Verbose: 0 : 19352, 1, 2021/12/31, 11:25:41.086, 20422672619975, vstest.console.dll, CurrentDomainAssemblyResolve: Failed to resolve assembly 'Microsoft.Bcl.AsyncInterfaces'.
TpTrace Warning: 0 : 19352, 1, 2021/12/31, 11:25:41.088, 20422672633806, vstest.console.dll, TestPluginDiscoverer: Failed to get types from assembly 'Microsoft.Diagnostics.NETCore.Client, Version=0.2.2.41902, Culture=neutral, PublicKeyToken=31bf3856ad364e35'.  Skipping test extension scan for this assembly.  Error: System.Reflection.ReflectionTypeLoadException: Unable to load one or more of the requested types.
Could not load file or assembly 'Microsoft.Bcl.AsyncInterfaces, Version=1.0.0.0, Culture=neutral, PublicKeyToken=cc7b13ffcd2ddd51'. Impossibile trovare il file specificato.
   at System.Reflection.RuntimeModule.GetTypes(RuntimeModule module)
   at System.Reflection.RuntimeModule.GetTypes()
   at System.Reflection.Assembly.GetTypes()
   at Microsoft.VisualStudio.TestPlatform.Common.ExtensionFramework.TestPluginDiscoverer.GetTestExtensionsFromAssembly[TPluginInfo,TExtension](Assembly assembly, Dictionary`2 pluginInfos)
System.IO.FileNotFoundException: Could not load file or assembly 'Microsoft.Bcl.AsyncInterfaces, Version=1.0.0.0, Culture=neutral, PublicKeyToken=cc7b13ffcd2ddd51'. Impossibile trovare il file specificato.
File name: 'Microsoft.Bcl.AsyncInterfaces, Version=1.0.0.0, Culture=neutral, PublicKeyToken=cc7b13ffcd2ddd51'
TpTrace Warning: 0 : 19352, 1, 2021/12/31, 11:25:41.088, 20422672637267, vstest.console.dll, LoaderExceptions: System.IO.FileNotFoundException: Could not load file or assembly 'Microsoft.Bcl.AsyncInterfaces, Version=1.0.0.0, Culture=neutral, PublicKeyToken=cc7b13ffcd2ddd51'. Impossibile trovare il file specificato.
File name: 'Microsoft.Bcl.AsyncInterfaces, Version=1.0.0.0, Culture=neutral, PublicKeyToken=cc7b13ffcd2ddd51'
TpTrace Verbose: 0 : 19352, 1, 2021/12/31, 11:25:41.089, 20422672648647, vstest.console.dll, TestPluginCache: Discovered the extensions using extension path ''.
TpTrace Verbose: 0 : 19352, 1, 2021/12/31, 11:25:41.089, 20422672651558, vstest.console.dll, TestPluginCache: Discoverers are ''.
TpTrace Verbose: 0 : 19352, 1, 2021/12/31, 11:25:41.090, 20422672653115, vstest.console.dll, TestPluginCache: Executors are ''.
TpTrace Verbose: 0 : 19352, 1, 2021/12/31, 11:25:41.090, 20422672654739, vstest.console.dll, TestPluginCache: Executors2 are ''.
TpTrace Verbose: 0 : 19352, 1, 2021/12/31, 11:25:41.090, 20422672656230, vstest.console.dll, TestPluginCache: Setting providers are ''.
TpTrace Verbose: 0 : 19352, 1, 2021/12/31, 11:25:41.090, 20422672658402, vstest.console.dll, TestPluginCache: Loggers are 'logger://Microsoft/TestPlatform/Extensions/Blame/v1,logger://Microsoft/TestPlatform/HtmlLogger/v1,logger://Microsoft/TestPlatform/TrxLogger/v1'.
TpTrace Information: 0 : 19352, 1, 2021/12/31, 11:25:41.091, 20422672668999, vstest.console.dll, TestPluginManager.CreateTestExtension: Attempting to load test extension: Microsoft.TestPlatform.Extensions.BlameDataCollector.BlameLogger
TpTrace Information: 0 : 19352, 1, 2021/12/31, 11:25:41.110, 20422672858685, vstest.console.dll, TestPluginManager.CreateTestExtension: Attempting to load test extension: Microsoft.VisualStudio.TestPlatform.CrossPlatEngine.Hosting.DefaultTestHostManager
TpTrace Information: 0 : 19352, 1, 2021/12/31, 11:25:41.111, 20422672865544, vstest.console.dll, TestPluginManager.CreateTestExtension: Attempting to load test extension: Microsoft.VisualStudio.TestPlatform.CrossPlatEngine.Hosting.DotnetTestHostManager
TpTrace Verbose: 0 : 19352, 1, 2021/12/31, 11:25:41.115, 20422672911048, vstest.console.dll, TestEngine: Initializing Parallel Execution as MaxCpuCount is set to: 1
TpTrace Information: 0 : 19352, 1, 2021/12/31, 11:25:41.118, 20422672933547, vstest.console.dll, InferRunSettingsHelper.IsTestSettingsEnabled: Unable to navigate to RunSettings/MSTest. Current node: RunSettings
TpTrace Verbose: 0 : 19352, 1, 2021/12/31, 11:25:41.148, 20422673241634, vstest.console.dll, TestRequestSender is acting as server
TpTrace Verbose: 0 : 19352, 4, 2021/12/31, 11:25:41.153, 20422673286070, vstest.console.dll, DataCollectionRequestSender.InitializeCommunication : Initialize communication. 
TpTrace Information: 0 : 19352, 4, 2021/12/31, 11:25:41.185, 20422673608335, vstest.console.dll, Listening on Endpoint : 127.0.0.1:65286
TpTrace Verbose: 0 : 19352, 4, 2021/12/31, 11:25:41.205, 20422673808119, vstest.console.dll, DotnetDataCollectionLauncher: Full path of dotnet.exe is C:\Program Files\dotnet\dotnet.exe
TpTrace Verbose: 0 : 19352, 4, 2021/12/31, 11:25:41.205, 20422673811925, vstest.console.dll, DotnetDataCollectionLauncher: Adding  --runtimeconfig "C:\Program Files\dotnet\sdk\5.0.203\datacollector.runtimeconfig.json" in args
TpTrace Verbose: 0 : 19352, 4, 2021/12/31, 11:25:41.206, 20422673814219, vstest.console.dll, DotnetDataCollectionLauncher: Adding  --depsfile "C:\Program Files\dotnet\sdk\5.0.203\datacollector.deps.json" in args
TpTrace Information: 0 : 19352, 4, 2021/12/31, 11:25:41.227, 20422674029542, vstest.console.dll, ProxyDataCollectionManager.Initialize: Launched datacollector processId: 40196 port: 65286
TpTrace Information: 0 : 19352, 4, 2021/12/31, 11:25:41.228, 20422674033223, vstest.console.dll, ProxyDataCollectionManager.Initialize: waiting for connection with timeout: 90 seconds
TpTrace Verbose: 0 : 19352, 4, 2021/12/31, 11:25:41.228, 20422674035784, vstest.console.dll, DataCollectionRequestSender.WaitForRequestHandlerConnection : Waiting for connection with timeout: 90000
TpTrace Information: 0 : 19352, 7, 2021/12/31, 11:25:41.600, 20422677758833, vstest.console.dll, Using the buffer size of 16384 bytes
TpTrace Verbose: 0 : 19352, 4, 2021/12/31, 11:25:41.600, 20422677759652, vstest.console.dll, ProxyDataCollectionManager.InvokeDataCollectionServiceAction: Starting.
TpTrace Information: 0 : 19352, 7, 2021/12/31, 11:25:41.600, 20422677761998, vstest.console.dll, Accepted Client request and set the flag
TpTrace Information: 0 : 19352, 4, 2021/12/31, 11:25:41.601, 20422677765323, vstest.console.dll, ProxyDataCollectionManager.BeforeTestRunStart: Get environment variable and port for datacollector processId: 40196 port: 65286
TpTrace Verbose: 0 : 19352, 4, 2021/12/31, 11:25:41.601, 20422677770436, vstest.console.dll, DataCollectionRequestSender.SendBeforeTestRunStartAndGetResult : Send BeforeTestRunStart message with settingsXml <RunSettings><RunConfiguration><ResultsDirectory>C:\Users\carmelo.daniele\source\repos\HelperAndToolsForUT\HelperAndToolsForTest.Test\bin\Debug\net5.0\fine-code-coverage\coverage-tool-output</ResultsDirectory><TargetPlatform>X64</TargetPlatform><TargetFrameworkVersion>.NETCoreApp,Version=v5.0</TargetFrameworkVersion><DesignMode>False</DesignMode><CollectSourceInformation>False</CollectSourceInformation><TestAdaptersPaths>C:\Program Files\dotnet\sdk\5.0.203\Extensions</TestAdaptersPaths></RunConfiguration><LoggerRunSettings><Loggers><Logger friendlyName="blame" enabled="True" /><Logger friendlyName="Console" uri="logger://microsoft/TestPlatform/ConsoleLogger/v1" assemblyQualifiedName="Microsoft.VisualStudio.TestPlatform.CommandLine.Internal.ConsoleLogger, vstest.console, Version=15.0.0.0, Culture=neutral, PublicKeyToken=b03f5f7f11d50a3a" codeBase="C:\Program Files\dotnet\sdk\5.0.203\vstest.console.dll" enabled="True" /></Loggers></LoggerRunSettings><DataCollectionRunSettings><DataCollectors><DataCollector friendlyName="blame" enabled="True"><Configuration><ResultsDirectory>C:\Users\carmelo.daniele\source\repos\HelperAndToolsForUT\HelperAndToolsForTest.Test\bin\Debug\net5.0\fine-code-coverage\coverage-tool-output</ResultsDirectory></Configuration></DataCollector></DataCollectors></DataCollectionRunSettings></RunSettings> and sources System.Linq.Enumerable+Concat2Iterator`1[System.String]: 
TpTrace Verbose: 0 : 19352, 4, 2021/12/31, 11:25:41.817, 20422679925654, vstest.console.dll, DataCollectionRequestSender.SendBeforeTestRunStartAndGetResult : Received message: (DataCollection.SendMessage) -> {
  "FriendlyName": null,
  "Uri": null,
  "TestCaseId": "00000000-0000-0000-0000-000000000000",
  "Message": "Logging DataCollector Diagnostics in file: C:\\Users\\carmelo.daniele\\source\\repos\\HelperAndToolsForUT\\HelperAndToolsForTest.Test\\bin\\Debug\\net5.0\\fine-code-coverage\\coverage-tool-output\\diagnostics.datacollector.21-12-31_11-25-41_19763_4.log",
  "Level": 0
}
TpTrace Information: 0 : 19352, 4, 2021/12/31, 11:25:41.837, 20422680128188, vstest.console.dll, AssemblyResolver.OnResolve: Microsoft.VisualStudio.TestPlatform.Common.resources: Resolving assembly.
TpTrace Information: 0 : 19352, 4, 2021/12/31, 11:25:41.838, 20422680138243, vstest.console.dll, AssemblyResolver.OnResolve: Microsoft.VisualStudio.TestPlatform.Common.resources: Failed to load assembly.
TpTrace Verbose: 0 : 19352, 4, 2021/12/31, 11:25:41.973, 20422681484733, vstest.console.dll, DataCollectionRequestSender.SendBeforeTestRunStartAndGetResult : Received message: (DataCollection.BeforeTestRunStartResult) -> {
  "EnvironmentVariables": {},
  "DataCollectionEventsPort": 65289
}
TpTrace Information: 0 : 19352, 4, 2021/12/31, 11:25:41.981, 20422681567826, vstest.console.dll, ProxyDataCollectionManager.BeforeTestRunStart: SendBeforeTestRunStartAndGetResult successful, env variable from datacollector:   and testhost port: 65289
TpTrace Information: 0 : 19352, 4, 2021/12/31, 11:25:41.981, 20422681570989, vstest.console.dll, ProxyDataCollectionManager.InvokeDataCollectionServiceAction: Completed.
TpTrace Verbose: 0 : 19352, 1, 2021/12/31, 11:25:41.982, 20422681574655, vstest.console.dll, TestRunRequest.ExecuteAsync: Creating test run request.
TpTrace Verbose: 0 : 19352, 1, 2021/12/31, 11:25:41.982, 20422681581150, vstest.console.dll, TestRunRequest.ExecuteAsync: Starting.
TpTrace Information: 0 : 19352, 1, 2021/12/31, 11:25:41.983, 20422681589173, vstest.console.dll, TestRunRequest.ExecuteAsync: Starting run with settings:TestRunCriteria:
   KeepAlive=False,FrequencyOfRunStatsChangeEvent=10,RunStatsChangeEventTimeout=00:00:01.5000000,TestCaseFilter=,TestExecutorLauncher=
   Settingsxml=<RunSettings>
  <RunConfiguration>
    <ResultsDirectory>C:\Users\carmelo.daniele\source\repos\HelperAndToolsForUT\HelperAndToolsForTest.Test\bin\Debug\net5.0\fine-code-coverage\coverage-tool-output</ResultsDirectory>
    <TargetPlatform>X64</TargetPlatform>
    <TargetFrameworkVersion>.NETCoreApp,Version=v5.0</TargetFrameworkVersion>
    <DesignMode>False</DesignMode>
    <CollectSourceInformation>False</CollectSourceInformation>
  </RunConfiguration>
  <LoggerRunSettings>
    <Loggers>
      <Logger friendlyName="blame" enabled="True" />
      <Logger friendlyName="Console" uri="logger://microsoft/TestPlatform/ConsoleLogger/v1" assemblyQualifiedName="Microsoft.VisualStudio.TestPlatform.CommandLine.Internal.ConsoleLogger, vstest.console, Version=15.0.0.0, Culture=neutral, PublicKeyToken=b03f5f7f11d50a3a" codeBase="C:\Program Files\dotnet\sdk\5.0.203\vstest.console.dll" enabled="True" />
    </Loggers>
  </LoggerRunSettings>
  <DataCollectionRunSettings>
    <DataCollectors>
      <DataCollector friendlyName="blame" enabled="True">
        <Configuration>
          <ResultsDirectory>C:\Users\carmelo.daniele\source\repos\HelperAndToolsForUT\HelperAndToolsForTest.Test\bin\Debug\net5.0\fine-code-coverage\coverage-tool-output</ResultsDirectory>
        </Configuration>
      </DataCollector>
    </DataCollectors>
  </DataCollectionRunSettings>
</RunSettings>

TpTrace Verbose: 0 : 19352, 1, 2021/12/31, 11:25:41.983, 20422681592005, vstest.console.dll, TestRunRequest.ExecuteAsync: Wait for the first run request is over.
TpTrace Verbose: 0 : 19352, 1, 2021/12/31, 11:25:41.984, 20422681602086, vstest.console.dll, ParallelProxyExecutionManager: Start execution. Total sources: 1
TpTrace Information: 0 : 19352, 1, 2021/12/31, 11:25:41.986, 20422681614982, vstest.console.dll, ProxyParallelExecutionManager: Triggering test run for next source: C:\Users\carmelo.daniele\source\repos\HelperAndToolsForUT\HelperAndToolsForTest.Test\bin\Debug\net5.0\fine-code-coverage\build-output\HelperAndToolsForTest.Test.dll
TpTrace Verbose: 0 : 19352, 1, 2021/12/31, 11:25:41.986, 20422681620868, vstest.console.dll, ProxyParallelExecutionManager: No sources available for execution.
TpTrace Information: 0 : 19352, 1, 2021/12/31, 11:25:41.987, 20422681623739, vstest.console.dll, TestRunRequest.ExecuteAsync: Started.
TpTrace Verbose: 0 : 19352, 4, 2021/12/31, 11:25:41.987, 20422681624616, vstest.console.dll, ParallelProxyExecutionManager: Execution started. Started clients: 1
TpTrace Verbose: 0 : 19352, 1, 2021/12/31, 11:25:41.987, 20422681627279, vstest.console.dll, TestRunRequest.WaitForCompletion: Waiting with timeout -1.
TpTrace Verbose: 0 : 19352, 4, 2021/12/31, 11:25:41.989, 20422681644674, vstest.console.dll, TestRunRequest:SendTestRunMessage: Starting.
TpTrace Information: 0 : 19352, 4, 2021/12/31, 11:25:41.989, 20422681649067, vstest.console.dll, TestRunRequest:SendTestRunMessage: Completed.
TpTrace Verbose: 0 : 19352, 4, 2021/12/31, 11:25:41.990, 20422681654731, vstest.console.dll, ProxyExecutionManager: Test host is always Lazy initialize.
TpTrace Verbose: 0 : 19352, 4, 2021/12/31, 11:25:41.990, 20422681660444, vstest.console.dll, TestRequestSender.InitializeCommunication: initialize communication. 
TpTrace Information: 0 : 19352, 4, 2021/12/31, 11:25:41.991, 20422681672218, vstest.console.dll, SocketServer.Start: Listening on endpoint : 127.0.0.1:65290
TpTrace Verbose: 0 : 19352, 4, 2021/12/31, 11:25:41.993, 20422681687764, vstest.console.dll, DotnetTestHostmanager: Adding  --runtimeconfig "C:\Users\carmelo.daniele\source\repos\HelperAndToolsForUT\HelperAndToolsForTest.Test\bin\Debug\net5.0\fine-code-coverage\build-output\HelperAndToolsForTest.Test.runtimeconfig.json" in args
TpTrace Verbose: 0 : 19352, 4, 2021/12/31, 11:25:41.993, 20422681691561, vstest.console.dll, DotnetTestHostmanager: Adding  --depsfile "C:\Users\carmelo.daniele\source\repos\HelperAndToolsForUT\HelperAndToolsForTest.Test\bin\Debug\net5.0\fine-code-coverage\build-output\HelperAndToolsForTest.Test.deps.json" in args
TpTrace Verbose: 0 : 19352, 4, 2021/12/31, 11:25:41.994, 20422681697599, vstest.console.dll, DotnetTestHostManager: Testhost.exe/testhost.x86.exe found at path: C:\Users\carmelo.daniele\source\repos\HelperAndToolsForUT\HelperAndToolsForTest.Test\bin\Debug\net5.0\fine-code-coverage\build-output\testhost.exe
TpTrace Verbose: 0 : 19352, 4, 2021/12/31, 11:25:41.994, 20422681700186, vstest.console.dll, DotnetTestHostmanager: Full path of host exe is C:\Users\carmelo.daniele\source\repos\HelperAndToolsForUT\HelperAndToolsForTest.Test\bin\Debug\net5.0\fine-code-coverage\build-output\testhost.exe
TpTrace Verbose: 0 : 19352, 6, 2021/12/31, 11:25:41.996, 20422681720860, vstest.console.dll, DotnetTestHostManager: Starting process 'C:\Users\carmelo.daniele\source\repos\HelperAndToolsForUT\HelperAndToolsForTest.Test\bin\Debug\net5.0\fine-code-coverage\build-output\testhost.exe' with command line ' --runtimeconfig "C:\Users\carmelo.daniele\source\repos\HelperAndToolsForUT\HelperAndToolsForTest.Test\bin\Debug\net5.0\fine-code-coverage\build-output\HelperAndToolsForTest.Test.runtimeconfig.json" --depsfile "C:\Users\carmelo.daniele\source\repos\HelperAndToolsForUT\HelperAndToolsForTest.Test\bin\Debug\net5.0\fine-code-coverage\build-output\HelperAndToolsForTest.Test.deps.json" --port 65290 --endpoint 127.0.0.1:065290 --role client --parentprocessid 19352 --diag "C:\Users\carmelo.daniele\source\repos\HelperAndToolsForUT\HelperAndToolsForTest.Test\bin\Debug\net5.0\fine-code-coverage\coverage-tool-output\diagnostics.host.21-12-31_11-25-41_99275_4.log" --tracelevel 4 --datacollectionport 65289 --telemetryoptedin false'
TpTrace Verbose: 0 : 19352, 6, 2021/12/31, 11:25:42.015, 20422681911870, vstest.console.dll, Test Runtime launched
TpTrace Verbose: 0 : 19352, 4, 2021/12/31, 11:25:42.017, 20422681926312, vstest.console.dll, TestRequestSender.WaitForRequestHandlerConnection: waiting for connection with timeout: 90000
TpTrace Verbose: 0 : 19352, 6, 2021/12/31, 11:25:42.563, 20422687390071, vstest.console.dll, SocketServer.OnClientConnected: Client connected for endPoint: 127.0.0.1:65290, starting MessageLoopAsync:
TpTrace Verbose: 0 : 19352, 6, 2021/12/31, 11:25:42.564, 20422687395064, vstest.console.dll, TcpClientExtensions.MessageLoopAsync: Polling on remoteEndPoint: 127.0.0.1:65291 localEndPoint: 127.0.0.1:65290
TpTrace Verbose: 0 : 19352, 6, 2021/12/31, 11:25:42.863, 20422690385529, vstest.console.dll, TcpClientExtensions.MessageLoopAsync: NotifyDataAvailable remoteEndPoint: 127.0.0.1:65291 localEndPoint: 127.0.0.1:65290
TpTrace Verbose: 0 : 19352, 6, 2021/12/31, 11:25:42.863, 20422690390395, vstest.console.dll, TestRequestSender.CheckVersionWithTestHost: onMessageReceived received message: (ProtocolVersion) -> 5
TpTrace Verbose: 0 : 19352, 6, 2021/12/31, 11:25:42.864, 20422690398711, vstest.console.dll, TcpClientExtensions.MessageLoopAsync: Polling on remoteEndPoint: 127.0.0.1:65291 localEndPoint: 127.0.0.1:65290
TpTrace Verbose: 0 : 19352, 4, 2021/12/31, 11:25:42.864, 20422690400451, vstest.console.dll, TestPluginCache.GetExtensionPaths: Filtered extension paths: 
TpTrace Verbose: 0 : 19352, 4, 2021/12/31, 11:25:42.865, 20422690403829, vstest.console.dll, TestPluginCache.GetExtensionPaths: Added default extension paths: C:\Program Files\dotnet\sdk\5.0.203\Extensions\Microsoft.Diagnostics.NETCore.Client.dll
C:\Program Files\dotnet\sdk\5.0.203\Extensions\Microsoft.TestPlatform.Extensions.BlameDataCollector.dll
C:\Program Files\dotnet\sdk\5.0.203\Extensions\Microsoft.TestPlatform.Extensions.EventLogCollector.dll
C:\Program Files\dotnet\sdk\5.0.203\Extensions\Microsoft.TestPlatform.TestHostRuntimeProvider.dll
C:\Program Files\dotnet\sdk\5.0.203\Extensions\Microsoft.VisualStudio.TestPlatform.Extensions.Html.TestLogger.dll
C:\Program Files\dotnet\sdk\5.0.203\Extensions\Microsoft.VisualStudio.TestPlatform.Extensions.Trx.TestLogger.dll
TpTrace Verbose: 0 : 19352, 4, 2021/12/31, 11:25:42.865, 20422690405944, vstest.console.dll, TestPluginCache.GetExtensionPaths: Added unfilterableExtensionPaths: 
TpTrace Verbose: 0 : 19352, 4, 2021/12/31, 11:25:42.872, 20422690474263, vstest.console.dll, TestRequestSender.InitializeExecution: Sending initializing execution with message: {"Version":5,"MessageType":"TestExecution.Initialize","Payload":["C:\\Users\\carmelo.daniele\\source\\repos\\HelperAndToolsForUT\\HelperAndToolsForTest.Test\\bin\\Debug\\net5.0\\fine-code-coverage\\build-output\\NUnit3.TestAdapter.dll"]}
TpTrace Verbose: 0 : 19352, 4, 2021/12/31, 11:25:42.885, 20422690606364, vstest.console.dll, TestRequestSender.StartTestRun: Sending test run with message: {"Version":5,"MessageType":"TestExecution.StartWithSources","Payload":{"AdapterSourceMap":{"_none_":["C:\\Users\\carmelo.daniele\\source\\repos\\HelperAndToolsForUT\\HelperAndToolsForTest.Test\\bin\\Debug\\net5.0\\fine-code-coverage\\build-output\\HelperAndToolsForTest.Test.dll"]},"RunSettings":"<RunSettings>\r\n  <RunConfiguration>\r\n    <ResultsDirectory>C:\\Users\\carmelo.daniele\\source\\repos\\HelperAndToolsForUT\\HelperAndToolsForTest.Test\\bin\\Debug\\net5.0\\fine-code-coverage\\coverage-tool-output</ResultsDirectory>\r\n    <TargetPlatform>X64</TargetPlatform>\r\n    <TargetFrameworkVersion>.NETCoreApp,Version=v5.0</TargetFrameworkVersion>\r\n    <DesignMode>False</DesignMode>\r\n    <CollectSourceInformation>False</CollectSourceInformation>\r\n  </RunConfiguration>\r\n  <LoggerRunSettings>\r\n    <Loggers>\r\n      <Logger friendlyName=\"blame\" enabled=\"True\" />\r\n      <Logger friendlyName=\"Console\" uri=\"logger://microsoft/TestPlatform/ConsoleLogger/v1\" assemblyQualifiedName=\"Microsoft.VisualStudio.TestPlatform.CommandLine.Internal.ConsoleLogger, vstest.console, Version=15.0.0.0, Culture=neutral, PublicKeyToken=b03f5f7f11d50a3a\" codeBase=\"C:\\Program Files\\dotnet\\sdk\\5.0.203\\vstest.console.dll\" enabled=\"True\" />\r\n    </Loggers>\r\n  </LoggerRunSettings>\r\n  <DataCollectionRunSettings>\r\n    <DataCollectors>\r\n      <DataCollector friendlyName=\"blame\" enabled=\"True\">\r\n        <Configuration>\r\n          <ResultsDirectory>C:\\Users\\carmelo.daniele\\source\\repos\\HelperAndToolsForUT\\HelperAndToolsForTest.Test\\bin\\Debug\\net5.0\\fine-code-coverage\\coverage-tool-output</ResultsDirectory>\r\n        </Configuration>\r\n      </DataCollector>\r\n    </DataCollectors>\r\n  </DataCollectionRunSettings>\r\n</RunSettings>","TestExecutionContext":{"FrequencyOfRunStatsChangeEvent":10,"RunStatsChangeEventTimeout":"00:00:01.5000000","InIsolation":false,"KeepAlive":false,"AreTestCaseLevelEventsRequired":false,"IsDebug":false,"TestCaseFilter":null,"FilterOptions":null},"Package":null}}
TpTrace Verbose: 0 : 19352, 6, 2021/12/31, 11:25:42.887, 20422690632182, vstest.console.dll, TcpClientExtensions.MessageLoopAsync: NotifyDataAvailable remoteEndPoint: 127.0.0.1:65291 localEndPoint: 127.0.0.1:65290
TpTrace Verbose: 0 : 19352, 6, 2021/12/31, 11:25:42.888, 20422690634910, vstest.console.dll, TestRequestSender.OnExecutionMessageReceived: Received message: {"Version":5,"MessageType":"TestSession.Message","Payload":{"MessageLevel":0,"Message":"Registrazione della diagnostica di TestHost nel file: C:\\Users\\carmelo.daniele\\source\\repos\\HelperAndToolsForUT\\HelperAndToolsForTest.Test\\bin\\Debug\\net5.0\\fine-code-coverage\\coverage-tool-output\\diagnostics.host.21-12-31_11-25-41_99275_4.log"}}
TpTrace Verbose: 0 : 19352, 6, 2021/12/31, 11:25:42.892, 20422690677903, vstest.console.dll, TestRunRequest:SendTestRunMessage: Starting.
TpTrace Information: 0 : 19352, 6, 2021/12/31, 11:25:42.892, 20422690681279, vstest.console.dll, TestRunRequest:SendTestRunMessage: Completed.
TpTrace Verbose: 0 : 19352, 6, 2021/12/31, 11:25:42.893, 20422690683489, vstest.console.dll, TcpClientExtensions.MessageLoopAsync: Polling on remoteEndPoint: 127.0.0.1:65291 localEndPoint: 127.0.0.1:65290
TpTrace Verbose: 0 : 19352, 6, 2021/12/31, 11:25:43.297, 20422694725213, vstest.console.dll, TcpClientExtensions.MessageLoopAsync: NotifyDataAvailable remoteEndPoint: 127.0.0.1:65291 localEndPoint: 127.0.0.1:65290
TpTrace Verbose: 0 : 19352, 6, 2021/12/31, 11:25:43.297, 20422694728560, vstest.console.dll, TestRequestSender.OnExecutionMessageReceived: Received message: {"Version":5,"MessageType":"TestSession.Message","Payload":{"MessageLevel":0,"Message":"NUnit Adapter 4.2.0.0: Test execution started"}}
TpTrace Verbose: 0 : 19352, 6, 2021/12/31, 11:25:43.298, 20422694734691, vstest.console.dll, TestRunRequest:SendTestRunMessage: Starting.
TpTrace Information: 0 : 19352, 6, 2021/12/31, 11:25:43.298, 20422694737803, vstest.console.dll, TestRunRequest:SendTestRunMessage: Completed.
TpTrace Verbose: 0 : 19352, 6, 2021/12/31, 11:25:43.298, 20422694740321, vstest.console.dll, TcpClientExtensions.MessageLoopAsync: Polling on remoteEndPoint: 127.0.0.1:65291 localEndPoint: 127.0.0.1:65290
TpTrace Verbose: 0 : 19352, 6, 2021/12/31, 11:25:43.401, 20422695772687, vstest.console.dll, TcpClientExtensions.MessageLoopAsync: NotifyDataAvailable remoteEndPoint: 127.0.0.1:65291 localEndPoint: 127.0.0.1:65290
TpTrace Verbose: 0 : 19352, 6, 2021/12/31, 11:25:43.402, 20422695776173, vstest.console.dll, TestRequestSender.OnExecutionMessageReceived: Received message: {"Version":5,"MessageType":"TestSession.Message","Payload":{"MessageLevel":0,"Message":"Running all tests in C:\\Users\\carmelo.daniele\\source\\repos\\HelperAndToolsForUT\\HelperAndToolsForTest.Test\\bin\\Debug\\net5.0\\fine-code-coverage\\build-output\\HelperAndToolsForTest.Test.dll"}}
TpTrace Verbose: 0 : 19352, 6, 2021/12/31, 11:25:43.402, 20422695780278, vstest.console.dll, TestRunRequest:SendTestRunMessage: Starting.
TpTrace Information: 0 : 19352, 6, 2021/12/31, 11:25:43.402, 20422695782762, vstest.console.dll, TestRunRequest:SendTestRunMessage: Completed.
TpTrace Verbose: 0 : 19352, 6, 2021/12/31, 11:25:43.403, 20422695784948, vstest.console.dll, TcpClientExtensions.MessageLoopAsync: Polling on remoteEndPoint: 127.0.0.1:65291 localEndPoint: 127.0.0.1:65290
TpTrace Verbose: 0 : 19352, 6, 2021/12/31, 11:25:43.904, 20422700795357, vstest.console.dll, TcpClientExtensions.MessageLoopAsync: NotifyDataAvailable remoteEndPoint: 127.0.0.1:65291 localEndPoint: 127.0.0.1:65290
TpTrace Verbose: 0 : 19352, 6, 2021/12/31, 11:25:43.904, 20422700798580, vstest.console.dll, TestRequestSender.OnExecutionMessageReceived: Received message: {"Version":5,"MessageType":"TestSession.Message","Payload":{"MessageLevel":0,"Message":"   NUnit3TestExecutor discovered 20 of 20 NUnit test cases using Current Discovery mode, Non-Explicit run"}}
TpTrace Verbose: 0 : 19352, 6, 2021/12/31, 11:25:43.904, 20422700802689, vstest.console.dll, TestRunRequest:SendTestRunMessage: Starting.
TpTrace Information: 0 : 19352, 6, 2021/12/31, 11:25:43.905, 20422700805421, vstest.console.dll, TestRunRequest:SendTestRunMessage: Completed.
TpTrace Verbose: 0 : 19352, 6, 2021/12/31, 11:25:43.905, 20422700807648, vstest.console.dll, TcpClientExtensions.MessageLoopAsync: Polling on remoteEndPoint: 127.0.0.1:65291 localEndPoint: 127.0.0.1:65290
TpTrace Verbose: 0 : 19352, 6, 2021/12/31, 11:25:44.526, 20422707014004, vstest.console.dll, TcpClientExtensions.MessageLoopAsync: NotifyDataAvailable remoteEndPoint: 127.0.0.1:65291 localEndPoint: 127.0.0.1:65290
TpTrace Verbose: 0 : 19352, 6, 2021/12/31, 11:25:44.526, 20422707020733, vstest.console.dll, TestRequestSender.OnExecutionMessageReceived: Received message: {"Version":5,"MessageType":"TestExecution.StatsChange","Payload":{"NewTestResults":[{"TestCase":{"Id":"76b28d35-3972-ab7c-9c7f-65d27909f539","FullyQualifiedName":"HelperAndToolsForTest.Test.Tests.Test1","DisplayName":"Test1","ExecutorUri":"executor://NUnit3TestExecutor","Source":"C:\\Users\\carmelo.daniele\\source\\repos\\HelperAndToolsForUT\\HelperAndToolsForTest.Test\\bin\\Debug\\net5.0\\fine-code-coverage\\build-output\\HelperAndToolsForTest.Test.dll","CodeFilePath":null,"LineNumber":0,"Properties":[{"Key":{"Id":"NUnit.Seed","Label":"Seed","Category":"","Description":"","Attributes":0,"ValueType":"System.String"},"Value":"891641081"}]},"Attachments":[],"Outcome":1,"ErrorMessage":null,"ErrorStackTrace":null,"DisplayName":"Test1","Messages":[],"ComputerName":"8EQOLM3H","Duration":"00:00:00.0800590","StartTime":"2021-12-31T10:25:43.9988896+00:00","EndTime":"2021-12-31T10:25:44.0786907+00:00","Properties":[{"Key":{"Id":"NUnit.Seed","Label":"Seed","Category":"","Description":"","Attributes":0,"ValueType":"System.String"},"Value":"891641081"}]},{"TestCase":{"Id":"5257573f-1b20-34cd-a58f-ef64404f8f16","FullyQualifiedName":"HelperAndToolsForUT.Helper.SetupWIthConcept.Test.ConceptTests.ShouldBeAbleToStubOutServices","DisplayName":"ShouldBeAbleToStubOutServices","ExecutorUri":"executor://NUnit3TestExecutor","Source":"C:\\Users\\carmelo.daniele\\source\\repos\\HelperAndToolsForUT\\HelperAndToolsForTest.Test\\bin\\Debug\\net5.0\\fine-code-coverage\\build-output\\HelperAndToolsForTest.Test.dll","CodeFilePath":null,"LineNumber":0,"Properties":[{"Key":{"Id":"NUnit.Seed","Label":"Seed","Category":"","Description":"","Attributes":0,"ValueType":"System.String"},"Value":"2050187262"}]},"Attachments":[],"Outcome":1,"ErrorMessage":null,"ErrorStackTrace":null,"DisplayName":"ShouldBeAbleToStubOutServices","Messages":[],"ComputerName":"8EQOLM3H","Duration":"00:00:00.2890260","StartTime":"2021-12-31T10:25:44.0929592+00:00","EndTime":"2021-12-31T10:25:44.3819844+00:00","Properties":[{"Key":{"Id":"NUnit.Seed","Label":"Seed","Category":"","Description":"","Attributes":0,"ValueType":"System.String"},"Value":"2050187262"}]},{"TestCase":{"Id":"09b54bdb-9c34-e515-6711-2084e0a14b7a","FullyQualifiedName":"HelperAndToolsForUT.Helper.SetupWIthConcept.Test.ConceptTests.ShouldDisplayNormalBehaviorWhenNotMocked","DisplayName":"ShouldDisplayNormalBehaviorWhenNotMocked","ExecutorUri":"executor://NUnit3TestExecutor","Source":"C:\\Users\\carmelo.daniele\\source\\repos\\HelperAndToolsForUT\\HelperAndToolsForTest.Test\\bin\\Debug\\net5.0\\fine-code-coverage\\build-output\\HelperAndToolsForTest.Test.dll","CodeFilePath":null,"LineNumber":0,"Properties":[{"Key":{"Id":"NUnit.Seed","Label":"Seed","Category":"","Description":"","Attributes":0,"ValueType":"System.String"},"Value":"1541044162"}]},"Attachments":[],"Outcome":1,"ErrorMessage":null,"ErrorStackTrace":null,"DisplayName":"ShouldDisplayNormalBehaviorWhenNotMocked","Messages":[],"ComputerName":"8EQOLM3H","Duration":"00:00:00.0008380","StartTime":"2021-12-31T10:25:44.3828231+00:00","EndTime":"2021-12-31T10:25:44.3836604+00:00","Properties":[{"Key":{"Id":"NUnit.Seed","Label":"Seed","Category":"","Description":"","Attributes":0,"ValueType":"System.String"},"Value":"1541044162"}]},{"TestCase":{"Id":"252107de-3203-723f-073e-6b194eb16615","FullyQualifiedName":"HelperAndToolsForUT.Helper.SetupWIthConcept.Test.ConceptTests.ShouldStubOutServicesAsSingletons","DisplayName":"ShouldStubOutServicesAsSingletons","ExecutorUri":"executor://NUnit3TestExecutor","Source":"C:\\Users\\carmelo.daniele\\source\\repos\\HelperAndToolsForUT\\HelperAndToolsForTest.Test\\bin\\Debug\\net5.0\\fine-code-coverage\\build-output\\HelperAndToolsForTest.Test.dll","CodeFilePath":null,"LineNumber":0,"Properties":[{"Key":{"Id":"NUnit.Seed","Label":"Seed","Category":"","Description":"","Attributes":0,"ValueType":"System.String"},"Value":"1454711476"}]},"Attachments":[],"Outcome":1,"ErrorMessage":null,"ErrorStackTrace":null,"DisplayName":"ShouldStubOutServicesAsSingletons","Messages":[],"ComputerName":"8EQOLM3H","Duration":"00:00:00.0085960","StartTime":"2021-12-31T10:25:44.3837657+00:00","EndTime":"2021-12-31T10:25:44.392361+00:00","Properties":[{"Key":{"Id":"NUnit.Seed","Label":"Seed","Category":"","Description":"","Attributes":0,"ValueType":"System.String"},"Value":"1454711476"}]},{"TestCase":{"Id":"ec00504f-d0fe-69c2-666b-33f34d874715","FullyQualifiedName":"HelperAndToolsForUT.Helper.SetupWIthConcept.Test.MockAsyncCaptureExtensionsTests.ShouldBeAbleToCaptureSingleParameterMethodArguments","DisplayName":"ShouldBeAbleToCaptureSingleParameterMethodArguments","ExecutorUri":"executor://NUnit3TestExecutor","Source":"C:\\Users\\carmelo.daniele\\source\\repos\\HelperAndToolsForUT\\HelperAndToolsForTest.Test\\bin\\Debug\\net5.0\\fine-code-coverage\\build-output\\HelperAndToolsForTest.Test.dll","CodeFilePath":null,"LineNumber":0,"Properties":[{"Key":{"Id":"NUnit.Seed","Label":"Seed","Category":"","Description":"","Attributes":0,"ValueType":"System.String"},"Value":"64125029"}]},"Attachments":[],"Outcome":1,"ErrorMessage":null,"ErrorStackTrace":null,"DisplayName":"ShouldBeAbleToCaptureSingleParameterMethodArguments","Messages":[],"ComputerName":"8EQOLM3H","Duration":"00:00:00.0453799","StartTime":"2021-12-31T10:25:44.3956604+00:00","EndTime":"2021-12-31T10:25:44.4410406+00:00","Properties":[{"Key":{"Id":"NUnit.Seed","Label":"Seed","Category":"","Description":"","Attributes":0,"ValueType":"System.String"},"Value":"64125029"}]},{"TestCase":{"Id":"59733674-0bd0-5e2d-9da0-475eea2fc742","FullyQualifiedName":"HelperAndToolsForUT.Helper.SetupWIthConcept.Test.MockAsyncCaptureExtensionsTests.ShouldBeAbleToCaptureTwoParameterMethodArgumentsAsLists","DisplayName":"ShouldBeAbleToCaptureTwoParameterMethodArgumentsAsLists","ExecutorUri":"executor://NUnit3TestExecutor","Source":"C:\\Users\\carmelo.daniele\\source\\repos\\HelperAndToolsForUT\\HelperAndToolsForTest.Test\\bin\\Debug\\net5.0\\fine-code-coverage\\build-output\\HelperAndToolsForTest.Test.dll","CodeFilePath":null,"LineNumber":0,"Properties":[{"Key":{"Id":"NUnit.Seed","Label":"Seed","Category":"","Description":"","Attributes":0,"ValueType":"System.String"},"Value":"1012873948"}]},"Attachments":[],"Outcome":1,"ErrorMessage":null,"ErrorStackTrace":null,"DisplayName":"ShouldBeAbleToCaptureTwoParameterMethodArgumentsAsLists","Messages":[],"ComputerName":"8EQOLM3H","Duration":"00:00:00.0139330","StartTime":"2021-12-31T10:25:44.4410836+00:00","EndTime":"2021-12-31T10:25:44.4550161+00:00","Properties":[{"Key":{"Id":"NUnit.Seed","Label":"Seed","Category":"","Description":"","Attributes":0,"ValueType":"System.String"},"Value":"1012873948"}]},{"TestCase":{"Id":"8ad1dc4e-65aa-7d8b-412c-18915dd67641","FullyQualifiedName":"HelperAndToolsForUT.Helper.SetupWIthConcept.Test.MockAsyncCaptureExtensionsTests.ShouldBeAbleToCaptureTwoParameterMethodArgumentsAsTuples","DisplayName":"ShouldBeAbleToCaptureTwoParameterMethodArgumentsAsTuples","ExecutorUri":"executor://NUnit3TestExecutor","Source":"C:\\Users\\carmelo.daniele\\source\\repos\\HelperAndToolsForUT\\HelperAndToolsForTest.Test\\bin\\Debug\\net5.0\\fine-code-coverage\\build-output\\HelperAndToolsForTest.Test.dll","CodeFilePath":null,"LineNumber":0,"Properties":[{"Key":{"Id":"NUnit.Seed","Label":"Seed","Category":"","Description":"","Attributes":0,"ValueType":"System.String"},"Value":"531122614"}]},"Attachments":[],"Outcome":1,"ErrorMessage":null,"ErrorStackTrace":null,"DisplayName":"ShouldBeAbleToCaptureTwoParameterMethodArgumentsAsTuples","Messages":[],"ComputerName":"8EQOLM3H","Duration":"00:00:00.0049090","StartTime":"2021-12-31T10:25:44.4550494+00:00","EndTime":"2021-12-31T10:25:44.4599574+00:00","Properties":[{"Key":{"Id":"NUnit.Seed","Label":"Seed","Category":"","Description":"","Attributes":0,"ValueType":"System.String"},"Value":"531122614"}]},{"TestCase":{"Id":"fe0fe0bd-91e7-4cda-b4fd-74085474f7cd","FullyQualifiedName":"HelperAndToolsForUT.Helper.SetupWIthConcept.Test.MockCaptureExtensionsTests.ShouldBeAbleToCaptureSingleParameterMethodArguments","DisplayName":"ShouldBeAbleToCaptureSingleParameterMethodArguments","ExecutorUri":"executor://NUnit3TestExecutor","Source":"C:\\Users\\carmelo.daniele\\source\\repos\\HelperAndToolsForUT\\HelperAndToolsForTest.Test\\bin\\Debug\\net5.0\\fine-code-coverage\\build-output\\HelperAndToolsForTest.Test.dll","CodeFilePath":null,"LineNumber":0,"Properties":[{"Key":{"Id":"NUnit.Seed","Label":"Seed","Category":"","Description":"","Attributes":0,"ValueType":"System.String"},"Value":"519176482"}]},"Attachments":[],"Outcome":1,"ErrorMessage":null,"ErrorStackTrace":null,"DisplayName":"ShouldBeAbleToCaptureSingleParameterMethodArguments","Messages":[],"ComputerName":"8EQOLM3H","Duration":"00:00:00.0058090","StartTime":"2021-12-31T10:25:44.4602949+00:00","EndTime":"2021-12-31T10:25:44.4661029+00:00","Properties":[{"Key":{"Id":"NUnit.Seed","Label":"Seed","Category":"","Description":"","Attributes":0,"ValueType":"System.String"},"Value":"519176482"}]},{"TestCase":{"Id":"1087197f-2544-0186-bb54-baf9de7d6561","FullyQualifiedName":"HelperAndToolsForUT.Helper.SetupWIthConcept.Test.MockCaptureExtensionsTests.ShouldBeAbleToCaptureTwoParameterMethodArgumentsAsLists","DisplayName":"ShouldBeAbleToCaptureTwoParameterMethodArgumentsAsLists","ExecutorUri":"executor://NUnit3TestExecutor","Source":"C:\\Users\\carmelo.daniele\\source\\repos\\HelperAndToolsForUT\\HelperAndToolsForTest.Test\\bin\\Debug\\net5.0\\fine-code-coverage\\build-output\\HelperAndToolsForTest.Test.dll","CodeFilePath":null,"LineNumber":0,"Properties":[{"Key":{"Id":"NUnit.Seed","Label":"Seed","Category":"","Description":"","Attributes":0,"ValueType":"System.String"},"Value":"896691417"}]},"Attachments":[],"Outcome":1,"ErrorMessage":null,"ErrorStackTrace":null,"DisplayName":"ShouldBeAbleToCaptureTwoParameterMethodArgumentsAsLists","Messages":[],"ComputerName":"8EQOLM3H","Duration":"00:00:00.0035660","StartTime":"2021-12-31T10:25:44.466149+00:00","EndTime":"2021-12-31T10:25:44.4697145+00:00","Properties":[{"Key":{"Id":"NUnit.Seed","Label":"Seed","Category":"","Description":"","Attributes":0,"ValueType":"System.String"},"Value":"896691417"}]}],"TestRunStatistics":{"ExecutedTests":9,"Stats":{"Passed":9}},"ActiveTests":[{"Id":"0415a6d2-d0d9-9b9b-1119-a55af12645e7","FullyQualifiedName":"HelperAndToolsForUT.Helper.SetupWIthConcept.Test.MockCaptureExtensionsTests.ShouldBeAbleToCaptureTwoParameterMethodArgumentsAsTuples","DisplayName":"ShouldBeAbleToCaptureTwoParameterMethodArgumentsAsTuples","ExecutorUri":"executor://NUnit3TestExecutor","Source":"C:\\Users\\carmelo.daniele\\source\\repos\\HelperAndToolsForUT\\HelperAndToolsForTest.Test\\bin\\Debug\\net5.0\\fine-code-coverage\\build-output\\HelperAndToolsForTest.Test.dll","CodeFilePath":null,"LineNumber":0,"Properties":[{"Key":{"Id":"NUnit.Seed","Label":"Seed","Category":"","Description":"","Attributes":0,"ValueType":"System.String"},"Value":"479927830"}]}]}}
TpTrace Verbose: 0 : 19352, 6, 2021/12/31, 11:25:44.586, 20422707622593, vstest.console.dll, TestRunRequest:SendTestRunStatsChange: Starting.
TpTrace Verbose: 0 : 19352, 6, 2021/12/31, 11:25:44.587, 20422707625158, vstest.console.dll, InProgress is ShouldBeAbleToCaptureTwoParameterMethodArgumentsAsTuples
TpTrace Information: 0 : 19352, 6, 2021/12/31, 11:25:44.587, 20422707628875, vstest.console.dll, TestRunRequest:SendTestRunStatsChange: Completed.
TpTrace Verbose: 0 : 19352, 6, 2021/12/31, 11:25:44.587, 20422707631231, vstest.console.dll, TcpClientExtensions.MessageLoopAsync: Polling on remoteEndPoint: 127.0.0.1:65291 localEndPoint: 127.0.0.1:65290
TpTrace Verbose: 0 : 19352, 6, 2021/12/31, 11:25:45.171, 20422713467916, vstest.console.dll, TcpClientExtensions.MessageLoopAsync: NotifyDataAvailable remoteEndPoint: 127.0.0.1:65291 localEndPoint: 127.0.0.1:65290
TpTrace Verbose: 0 : 19352, 6, 2021/12/31, 11:25:45.172, 20422713473608, vstest.console.dll, TestRequestSender.OnExecutionMessageReceived: Received message: {"Version":5,"MessageType":"TestExecution.StatsChange","Payload":{"NewTestResults":[{"TestCase":{"Id":"0415a6d2-d0d9-9b9b-1119-a55af12645e7","FullyQualifiedName":"HelperAndToolsForUT.Helper.SetupWIthConcept.Test.MockCaptureExtensionsTests.ShouldBeAbleToCaptureTwoParameterMethodArgumentsAsTuples","DisplayName":"ShouldBeAbleToCaptureTwoParameterMethodArgumentsAsTuples","ExecutorUri":"executor://NUnit3TestExecutor","Source":"C:\\Users\\carmelo.daniele\\source\\repos\\HelperAndToolsForUT\\HelperAndToolsForTest.Test\\bin\\Debug\\net5.0\\fine-code-coverage\\build-output\\HelperAndToolsForTest.Test.dll","CodeFilePath":null,"LineNumber":0,"Properties":[{"Key":{"Id":"NUnit.Seed","Label":"Seed","Category":"","Description":"","Attributes":0,"ValueType":"System.String"},"Value":"479927830"}]},"Attachments":[],"Outcome":1,"ErrorMessage":null,"ErrorStackTrace":null,"DisplayName":"ShouldBeAbleToCaptureTwoParameterMethodArgumentsAsTuples","Messages":[],"ComputerName":"8EQOLM3H","Duration":"00:00:00.0045110","StartTime":"2021-12-31T10:25:44.4697456+00:00","EndTime":"2021-12-31T10:25:44.4742557+00:00","Properties":[{"Key":{"Id":"NUnit.Seed","Label":"Seed","Category":"","Description":"","Attributes":0,"ValueType":"System.String"},"Value":"479927830"}]},{"TestCase":{"Id":"da96e81f-e96f-7db2-9b22-85c1251ca9e7","FullyQualifiedName":"HelperAndToolsForUT.Helper.Test.FluentAssertions.ItsTests.EquivalentTo_Does_Not_Match_If_Actual_Object_Has_Value_And_Expected_Object_Is_Null","DisplayName":"EquivalentTo_Does_Not_Match_If_Actual_Object_Has_Value_And_Expected_Object_Is_Null","ExecutorUri":"executor://NUnit3TestExecutor","Source":"C:\\Users\\carmelo.daniele\\source\\repos\\HelperAndToolsForUT\\HelperAndToolsForTest.Test\\bin\\Debug\\net5.0\\fine-code-coverage\\build-output\\HelperAndToolsForTest.Test.dll","CodeFilePath":null,"LineNumber":0,"Properties":[{"Key":{"Id":"NUnit.Seed","Label":"Seed","Category":"","Description":"","Attributes":0,"ValueType":"System.String"},"Value":"518119225"}]},"Attachments":[],"Outcome":1,"ErrorMessage":null,"ErrorStackTrace":null,"DisplayName":"EquivalentTo_Does_Not_Match_If_Actual_Object_Has_Value_And_Expected_Object_Is_Null","Messages":[],"ComputerName":"8EQOLM3H","Duration":"00:00:00.4871590","StartTime":"2021-12-31T10:25:44.4745137+00:00","EndTime":"2021-12-31T10:25:44.9616718+00:00","Properties":[{"Key":{"Id":"NUnit.Seed","Label":"Seed","Category":"","Description":"","Attributes":0,"ValueType":"System.String"},"Value":"518119225"}]},{"TestCase":{"Id":"562abb32-ae3f-3eef-59c9-5ec31ff5bd0e","FullyQualifiedName":"HelperAndToolsForUT.Helper.Test.FluentAssertions.ItsTests.EquivalentTo_Does_Not_Match_If_Actual_Object_Is_Null_And_Expected_Object_Has_Value","DisplayName":"EquivalentTo_Does_Not_Match_If_Actual_Object_Is_Null_And_Expected_Object_Has_Value","ExecutorUri":"executor://NUnit3TestExecutor","Source":"C:\\Users\\carmelo.daniele\\source\\repos\\HelperAndToolsForUT\\HelperAndToolsForTest.Test\\bin\\Debug\\net5.0\\fine-code-coverage\\build-output\\HelperAndToolsForTest.Test.dll","CodeFilePath":null,"LineNumber":0,"Properties":[{"Key":{"Id":"NUnit.Seed","Label":"Seed","Category":"","Description":"","Attributes":0,"ValueType":"System.String"},"Value":"582398893"}]},"Attachments":[],"Outcome":1,"ErrorMessage":null,"ErrorStackTrace":null,"DisplayName":"EquivalentTo_Does_Not_Match_If_Actual_Object_Is_Null_And_Expected_Object_Has_Value","Messages":[],"ComputerName":"8EQOLM3H","Duration":"00:00:00.0252020","StartTime":"2021-12-31T10:25:44.9776652+00:00","EndTime":"2021-12-31T10:25:45.0028674+00:00","Properties":[{"Key":{"Id":"NUnit.Seed","Label":"Seed","Category":"","Description":"","Attributes":0,"ValueType":"System.String"},"Value":"582398893"}]},{"TestCase":{"Id":"4477bafe-0bc6-6d74-34ae-0b0b547ebd67","FullyQualifiedName":"HelperAndToolsForUT.Helper.Test.FluentAssertions.ItsTests.EquivalentTo_Does_Not_Match_Two_Complex_Types_If_Child_Property_Has_Different_Value","DisplayName":"EquivalentTo_Does_Not_Match_Two_Complex_Types_If_Child_Property_Has_Different_Value","ExecutorUri":"executor://NUnit3TestExecutor","Source":"C:\\Users\\carmelo.daniele\\source\\repos\\HelperAndToolsForUT\\HelperAndToolsForTest.Test\\bin\\Debug\\net5.0\\fine-code-coverage\\build-output\\HelperAndToolsForTest.Test.dll","CodeFilePath":null,"LineNumber":0,"Properties":[{"Key":{"Id":"NUnit.Seed","Label":"Seed","Category":"","Description":"","Attributes":0,"ValueType":"System.String"},"Value":"433618073"}]},"Attachments":[],"Outcome":1,"ErrorMessage":null,"ErrorStackTrace":null,"DisplayName":"EquivalentTo_Does_Not_Match_Two_Complex_Types_If_Child_Property_Has_Different_Value","Messages":[],"ComputerName":"8EQOLM3H","Duration":"00:00:00.0667640","StartTime":"2021-12-31T10:25:45.0087614+00:00","EndTime":"2021-12-31T10:25:45.075526+00:00","Properties":[{"Key":{"Id":"NUnit.Seed","Label":"Seed","Category":"","Description":"","Attributes":0,"ValueType":"System.String"},"Value":"433618073"}]},{"TestCase":{"Id":"2ab64c5a-7c3d-a352-777a-4f6d5aec0e94","FullyQualifiedName":"HelperAndToolsForUT.Helper.Test.FluentAssertions.ItsTests.EquivalentTo_Matches_If_Actual_And_Expected_Are_Null","DisplayName":"EquivalentTo_Matches_If_Actual_And_Expected_Are_Null","ExecutorUri":"executor://NUnit3TestExecutor","Source":"C:\\Users\\carmelo.daniele\\source\\repos\\HelperAndToolsForUT\\HelperAndToolsForTest.Test\\bin\\Debug\\net5.0\\fine-code-coverage\\build-output\\HelperAndToolsForTest.Test.dll","CodeFilePath":null,"LineNumber":0,"Properties":[{"Key":{"Id":"NUnit.Seed","Label":"Seed","Category":"","Description":"","Attributes":0,"ValueType":"System.String"},"Value":"1536780502"}]},"Attachments":[],"Outcome":1,"ErrorMessage":null,"ErrorStackTrace":null,"DisplayName":"EquivalentTo_Matches_If_Actual_And_Expected_Are_Null","Messages":[],"ComputerName":"8EQOLM3H","Duration":"00:00:00.0050159","StartTime":"2021-12-31T10:25:45.0825312+00:00","EndTime":"2021-12-31T10:25:45.0875481+00:00","Properties":[{"Key":{"Id":"NUnit.Seed","Label":"Seed","Category":"","Description":"","Attributes":0,"ValueType":"System.String"},"Value":"1536780502"}]},{"TestCase":{"Id":"42879558-ebb4-44f5-ce86-7c6ceff28288","FullyQualifiedName":"HelperAndToolsForUT.Helper.Test.FluentAssertions.ItsTests.EquivalentTo_Matches_Same_Complex_Types","DisplayName":"EquivalentTo_Matches_Same_Complex_Types","ExecutorUri":"executor://NUnit3TestExecutor","Source":"C:\\Users\\carmelo.daniele\\source\\repos\\HelperAndToolsForUT\\HelperAndToolsForTest.Test\\bin\\Debug\\net5.0\\fine-code-coverage\\build-output\\HelperAndToolsForTest.Test.dll","CodeFilePath":null,"LineNumber":0,"Properties":[{"Key":{"Id":"NUnit.Seed","Label":"Seed","Category":"","Description":"","Attributes":0,"ValueType":"System.String"},"Value":"172694844"}]},"Attachments":[],"Outcome":1,"ErrorMessage":null,"ErrorStackTrace":null,"DisplayName":"EquivalentTo_Matches_Same_Complex_Types","Messages":[],"ComputerName":"8EQOLM3H","Duration":"00:00:00.0053670","StartTime":"2021-12-31T10:25:45.0915139+00:00","EndTime":"2021-12-31T10:25:45.0968815+00:00","Properties":[{"Key":{"Id":"NUnit.Seed","Label":"Seed","Category":"","Description":"","Attributes":0,"ValueType":"System.String"},"Value":"172694844"}]},{"TestCase":{"Id":"3deeaa63-b79c-7af2-29b4-16c779fb5be7","FullyQualifiedName":"HelperAndToolsForUT.Helper.Test.FluentAssertions.ItsTests.EquivalentTo_Matches_Two_Complex_Types_If_Child_Property_Has_Different_Value_But_Its_Ignored","DisplayName":"EquivalentTo_Matches_Two_Complex_Types_If_Child_Property_Has_Different_Value_But_Its_Ignored","ExecutorUri":"executor://NUnit3TestExecutor","Source":"C:\\Users\\carmelo.daniele\\source\\repos\\HelperAndToolsForUT\\HelperAndToolsForTest.Test\\bin\\Debug\\net5.0\\fine-code-coverage\\build-output\\HelperAndToolsForTest.Test.dll","CodeFilePath":null,"LineNumber":0,"Properties":[{"Key":{"Id":"NUnit.Seed","Label":"Seed","Category":"","Description":"","Attributes":0,"ValueType":"System.String"},"Value":"1353387777"}]},"Attachments":[],"Outcome":1,"ErrorMessage":null,"ErrorStackTrace":null,"DisplayName":"EquivalentTo_Matches_Two_Complex_Types_If_Child_Property_Has_Different_Value_But_Its_Ignored","Messages":[],"ComputerName":"8EQOLM3H","Duration":"00:00:00.0234570","StartTime":"2021-12-31T10:25:45.1034335+00:00","EndTime":"2021-12-31T10:25:45.1268909+00:00","Properties":[{"Key":{"Id":"NUnit.Seed","Label":"Seed","Category":"","Description":"","Attributes":0,"ValueType":"System.String"},"Value":"1353387777"}]},{"TestCase":{"Id":"419bdf48-9e1d-bde6-46ff-02142b2fc13c","FullyQualifiedName":"HelperAndToolsForUT.Helper.Test.FluentAssertions.ItsTests.EquivalentTo_Matches_Two_Different_Complex_Types_With_Same_Data","DisplayName":"EquivalentTo_Matches_Two_Different_Complex_Types_With_Same_Data","ExecutorUri":"executor://NUnit3TestExecutor","Source":"C:\\Users\\carmelo.daniele\\source\\repos\\HelperAndToolsForUT\\HelperAndToolsForTest.Test\\bin\\Debug\\net5.0\\fine-code-coverage\\build-output\\HelperAndToolsForTest.Test.dll","CodeFilePath":null,"LineNumber":0,"Properties":[{"Key":{"Id":"NUnit.Seed","Label":"Seed","Category":"","Description":"","Attributes":0,"ValueType":"System.String"},"Value":"402659116"}]},"Attachments":[],"Outcome":1,"ErrorMessage":null,"ErrorStackTrace":null,"DisplayName":"EquivalentTo_Matches_Two_Different_Complex_Types_With_Same_Data","Messages":[],"ComputerName":"8EQOLM3H","Duration":"00:00:00.0076240","StartTime":"2021-12-31T10:25:45.1346458+00:00","EndTime":"2021-12-31T10:25:45.14227+00:00","Properties":[{"Key":{"Id":"NUnit.Seed","Label":"Seed","Category":"","Description":"","Attributes":0,"ValueType":"System.String"},"Value":"402659116"}]},{"TestCase":{"Id":"08285238-f106-900d-c856-108909e957e9","FullyQualifiedName":"HelperAndToolsForUT.Helper.Test.IocModule.ModuleExtensionsTests.RegisterModule_WhenAFactoryFunctionIsInvoked_AModuleIsRegistered","DisplayName":"RegisterModule_WhenAFactoryFunctionIsInvoked_AModuleIsRegistered","ExecutorUri":"executor://NUnit3TestExecutor","Source":"C:\\Users\\carmelo.daniele\\source\\repos\\HelperAndToolsForUT\\HelperAndToolsForTest.Test\\bin\\Debug\\net5.0\\fine-code-coverage\\build-output\\HelperAndToolsForTest.Test.dll","CodeFilePath":null,"LineNumber":0,"Properties":[{"Key":{"Id":"NUnit.Seed","Label":"Seed","Category":"","Description":"","Attributes":0,"ValueType":"System.String"},"Value":"726988701"}]},"Attachments":[],"Outcome":1,"ErrorMessage":null,"ErrorStackTrace":null,"DisplayName":"RegisterModule_WhenAFactoryFunctionIsInvoked_AModuleIsRegistered","Messages":[],"ComputerName":"8EQOLM3H","Duration":"00:00:00.0140150","StartTime":"2021-12-31T10:25:45.150897+00:00","EndTime":"2021-12-31T10:25:45.1649127+00:00","Properties":[{"Key":{"Id":"NUnit.Seed","Label":"Seed","Category":"","Description":"","Attributes":0,"ValueType":"System.String"},"Value":"726988701"}]}],"TestRunStatistics":{"ExecutedTests":18,"Stats":{"Passed":18}},"ActiveTests":[{"Id":"ada10410-7a51-f137-05ba-8ff70ff49ee0","FullyQualifiedName":"HelperAndToolsForUT.Helper.Test.IocModule.ModuleExtensionsTests.RegisterModule_WhenCalled_PreviousRegistrationsArePresent","DisplayName":"RegisterModule_WhenCalled_PreviousRegistrationsArePresent","ExecutorUri":"executor://NUnit3TestExecutor","Source":"C:\\Users\\carmelo.daniele\\source\\repos\\HelperAndToolsForUT\\HelperAndToolsForTest.Test\\bin\\Debug\\net5.0\\fine-code-coverage\\build-output\\HelperAndToolsForTest.Test.dll","CodeFilePath":null,"LineNumber":0,"Properties":[{"Key":{"Id":"NUnit.Seed","Label":"Seed","Category":"","Description":"","Attributes":0,"ValueType":"System.String"},"Value":"1075408570"}]}]}}
TpTrace Verbose: 0 : 19352, 6, 2021/12/31, 11:25:45.178, 20422713539689, vstest.console.dll, TestRunRequest:SendTestRunStatsChange: Starting.
TpTrace Verbose: 0 : 19352, 6, 2021/12/31, 11:25:45.178, 20422713542471, vstest.console.dll, InProgress is RegisterModule_WhenCalled_PreviousRegistrationsArePresent
TpTrace Information: 0 : 19352, 6, 2021/12/31, 11:25:45.179, 20422713544919, vstest.console.dll, TestRunRequest:SendTestRunStatsChange: Completed.
TpTrace Verbose: 0 : 19352, 6, 2021/12/31, 11:25:45.179, 20422713547513, vstest.console.dll, TcpClientExtensions.MessageLoopAsync: Polling on remoteEndPoint: 127.0.0.1:65291 localEndPoint: 127.0.0.1:65290
TpTrace Verbose: 0 : 19352, 6, 2021/12/31, 11:25:45.233, 20422714087744, vstest.console.dll, TcpClientExtensions.MessageLoopAsync: NotifyDataAvailable remoteEndPoint: 127.0.0.1:65291 localEndPoint: 127.0.0.1:65290
TpTrace Verbose: 0 : 19352, 6, 2021/12/31, 11:25:45.233, 20422714090659, vstest.console.dll, TestRequestSender.OnExecutionMessageReceived: Received message: {"Version":5,"MessageType":"TestSession.Message","Payload":{"MessageLevel":0,"Message":"NUnit Adapter 4.2.0.0: Test execution complete"}}
TpTrace Verbose: 0 : 19352, 6, 2021/12/31, 11:25:45.234, 20422714094131, vstest.console.dll, TestRunRequest:SendTestRunMessage: Starting.
TpTrace Information: 0 : 19352, 6, 2021/12/31, 11:25:45.234, 20422714096706, vstest.console.dll, TestRunRequest:SendTestRunMessage: Completed.
TpTrace Verbose: 0 : 19352, 6, 2021/12/31, 11:25:45.234, 20422714099347, vstest.console.dll, TcpClientExtensions.MessageLoopAsync: Polling on remoteEndPoint: 127.0.0.1:65291 localEndPoint: 127.0.0.1:65290
TpTrace Verbose: 0 : 19352, 6, 2021/12/31, 11:25:45.279, 20422714549494, vstest.console.dll, TcpClientExtensions.MessageLoopAsync: NotifyDataAvailable remoteEndPoint: 127.0.0.1:65291 localEndPoint: 127.0.0.1:65290
TpTrace Verbose: 0 : 19352, 6, 2021/12/31, 11:25:45.280, 20422714554058, vstest.console.dll, TestRequestSender.OnExecutionMessageReceived: Received message: {"Version":5,"MessageType":"TestExecution.Completed","Payload":{"TestRunCompleteArgs":{"TestRunStatistics":{"ExecutedTests":20,"Stats":{"Passed":20}},"IsCanceled":false,"IsAborted":false,"Error":null,"AttachmentSets":[],"ElapsedTimeInRunningTests":"00:00:01.9968858","Metrics":{}},"LastRunTests":{"NewTestResults":[{"TestCase":{"Id":"ada10410-7a51-f137-05ba-8ff70ff49ee0","FullyQualifiedName":"HelperAndToolsForUT.Helper.Test.IocModule.ModuleExtensionsTests.RegisterModule_WhenCalled_PreviousRegistrationsArePresent","DisplayName":"RegisterModule_WhenCalled_PreviousRegistrationsArePresent","ExecutorUri":"executor://NUnit3TestExecutor","Source":"C:\\Users\\carmelo.daniele\\source\\repos\\HelperAndToolsForUT\\HelperAndToolsForTest.Test\\bin\\Debug\\net5.0\\fine-code-coverage\\build-output\\HelperAndToolsForTest.Test.dll","CodeFilePath":null,"LineNumber":0,"Properties":[{"Key":{"Id":"NUnit.Seed","Label":"Seed","Category":"","Description":"","Attributes":0,"ValueType":"System.String"},"Value":"1075408570"}]},"Attachments":[],"Outcome":1,"ErrorMessage":null,"ErrorStackTrace":null,"DisplayName":"RegisterModule_WhenCalled_PreviousRegistrationsArePresent","Messages":[],"ComputerName":"8EQOLM3H","Duration":"00:00:00.0178780","StartTime":"2021-12-31T10:25:45.1661495+00:00","EndTime":"2021-12-31T10:25:45.1840282+00:00","Properties":[{"Key":{"Id":"NUnit.Seed","Label":"Seed","Category":"","Description":"","Attributes":0,"ValueType":"System.String"},"Value":"1075408570"}]},{"TestCase":{"Id":"e2b3d667-db93-f3e1-ee09-1368add1eb14","FullyQualifiedName":"HelperAndToolsForUT.Helper.Test.IocModule.ModuleExtensionsTests.RegisterModule_WithNestedModules_AllDependenciesAreRegistered","DisplayName":"RegisterModule_WithNestedModules_AllDependenciesAreRegistered","ExecutorUri":"executor://NUnit3TestExecutor","Source":"C:\\Users\\carmelo.daniele\\source\\repos\\HelperAndToolsForUT\\HelperAndToolsForTest.Test\\bin\\Debug\\net5.0\\fine-code-coverage\\build-output\\HelperAndToolsForTest.Test.dll","CodeFilePath":null,"LineNumber":0,"Properties":[{"Key":{"Id":"NUnit.Seed","Label":"Seed","Category":"","Description":"","Attributes":0,"ValueType":"System.String"},"Value":"1669839325"}]},"Attachments":[],"Outcome":1,"ErrorMessage":null,"ErrorStackTrace":null,"DisplayName":"RegisterModule_WithNestedModules_AllDependenciesAreRegistered","Messages":[],"ComputerName":"8EQOLM3H","Duration":"00:00:00.0074730","StartTime":"2021-12-31T10:25:45.1942343+00:00","EndTime":"2021-12-31T10:25:45.2017074+00:00","Properties":[{"Key":{"Id":"NUnit.Seed","Label":"Seed","Category":"","Description":"","Attributes":0,"ValueType":"System.String"},"Value":"1669839325"}]}],"TestRunStatistics":{"ExecutedTests":20,"Stats":{"Passed":20}},"ActiveTests":[]},"RunAttachments":[],"ExecutorUris":["executor://nunit3testexecutor/"]}}
TpTrace Verbose: 0 : 19352, 6, 2021/12/31, 11:25:45.280, 20422714559856, vstest.console.dll, TestRequestSender.EndSession: Sending end session.
TpTrace Verbose: 0 : 19352, 6, 2021/12/31, 11:25:45.281, 20422714563862, vstest.console.dll, ProxyOperationManager.Close: waiting for test host to exit for 100 ms
TpTrace Warning: 0 : 19352, 6, 2021/12/31, 11:25:45.383, 20422715584922, vstest.console.dll, ProxyOperationManager: Timed out waiting for test host to exit. Will terminate process.
TpTrace Warning: 0 : 19352, 10, 2021/12/31, 11:25:45.393, 20422715690641, vstest.console.dll, TestHostManagerCallbacks.ErrorReceivedCallback Test host standard error line: 
TpTrace Verbose: 0 : 19352, 6, 2021/12/31, 11:25:45.407, 20422715826808, vstest.console.dll, TestHostProvider.ExitCallBack: Host exited starting callback.
TpTrace Information: 0 : 19352, 6, 2021/12/31, 11:25:45.407, 20422715830074, vstest.console.dll, TestHostManagerCallbacks.ExitCallBack: Testhost processId: 12408 exited with exitcode: 0 error: ''
TpTrace Verbose: 0 : 19352, 6, 2021/12/31, 11:25:45.407, 20422715832240, vstest.console.dll, DotnetTestHostManager.OnHostExited: invoking OnHostExited callback
TpTrace Verbose: 0 : 19352, 6, 2021/12/31, 11:25:45.408, 20422715834332, vstest.console.dll, CrossPlatEngine.TestHostManagerHostExited: calling on client process exit callback.
TpTrace Information: 0 : 19352, 6, 2021/12/31, 11:25:45.408, 20422715836439, vstest.console.dll, TestRequestSender.OnClientProcessExit: Test host process exited. Standard error: 
TpTrace Information: 0 : 19352, 6, 2021/12/31, 11:25:45.408, 20422715838407, vstest.console.dll, SocketServer.Stop: Stop server endPoint: 127.0.0.1:65290
TpTrace Information: 0 : 19352, 6, 2021/12/31, 11:25:45.408, 20422715840556, vstest.console.dll, SocketServer.Stop: Cancellation requested. Stopping message loop.
TpTrace Verbose: 0 : 19352, 6, 2021/12/31, 11:25:45.411, 20422715863619, vstest.console.dll, ProxyDataCollectionManager.InvokeDataCollectionServiceAction: Starting.
TpTrace Information: 0 : 19352, 6, 2021/12/31, 11:25:45.411, 20422715866144, vstest.console.dll, ProxyDataCollectionManager.AfterTestRunEnd: Get attachment set for datacollector processId: 40196 port: 65286
TpTrace Verbose: 0 : 19352, 6, 2021/12/31, 11:25:45.411, 20422715868285, vstest.console.dll, DataCollectionRequestSender.SendAfterTestRunStartAndGetResult : Send AfterTestRunEnd message with isCancelled: False
TpTrace Verbose: 0 : 19352, 6, 2021/12/31, 11:25:45.420, 20422715954761, vstest.console.dll, DataCollectionRequestSender.SendAfterTestRunStartAndGetResult : Received message: (DataCollection.AfterTestRunEndResult) -> {
  "AttachmentSets": [],
  "Metrics": {}
}
TpTrace Information: 0 : 19352, 6, 2021/12/31, 11:25:45.424, 20422716002695, vstest.console.dll, ProxyDataCollectionManager.InvokeDataCollectionServiceAction: Completed.
TpTrace Warning: 0 : 19352, 9, 2021/12/31, 11:25:45.446, 20422716215374, vstest.console.dll, DataCollectionLauncher.ErrorReceivedCallback datacollector standard error line: 
TpTrace Information: 0 : 19352, 11, 2021/12/31, 11:25:45.460, 20422716358177, vstest.console.dll, DataCollectionLauncher.ExitCallBack: Data collector exited with exitcode: 0 error: ''
TpTrace Verbose: 0 : 19352, 6, 2021/12/31, 11:25:45.473, 20422716484855, vstest.console.dll, TestRunRequest:SendTestRunStatsChange: Starting.
TpTrace Information: 0 : 19352, 6, 2021/12/31, 11:25:45.473, 20422716487563, vstest.console.dll, TestRunRequest:SendTestRunStatsChange: Completed.
TpTrace Verbose: 0 : 19352, 6, 2021/12/31, 11:25:45.473, 20422716492157, vstest.console.dll, ParallelProxyExecutionManager: HandlePartialRunComplete: Total completed clients = 1, Run complete = True, Run canceled: False.
TpTrace Verbose: 0 : 19352, 6, 2021/12/31, 11:25:45.508, 20422716842839, vstest.console.dll, TestRunRequest:TestRunComplete: Starting. IsAborted:False IsCanceled:False.
TpTrace Verbose: 0 : 19352, 6, 2021/12/31, 11:25:45.509, 20422716846663, vstest.console.dll, TestLoggerManager.HandleTestRunComplete: Ignoring as the object is disposed.
TpTrace Information: 0 : 19352, 6, 2021/12/31, 11:25:45.510, 20422716853673, vstest.console.dll, TestRunRequest:TestRunComplete: Completed.
TpTrace Verbose: 0 : 19352, 1, 2021/12/31, 11:25:45.510, 20422716853715, vstest.console.dll, TestRunRequest.Dispose: Starting.
TpTrace Verbose: 0 : 19352, 6, 2021/12/31, 11:25:45.510, 20422716855913, vstest.console.dll, TestRequestSender.SetOperationComplete: Setting operation complete.
TpTrace Information: 0 : 19352, 1, 2021/12/31, 11:25:45.510, 20422716858134, vstest.console.dll, TestRunRequest.Dispose: Completed.
TpTrace Information: 0 : 19352, 6, 2021/12/31, 11:25:45.510, 20422716859969, vstest.console.dll, SocketServer.Stop: Stop server endPoint: 127.0.0.1:65290
TpTrace Information: 0 : 19352, 1, 2021/12/31, 11:25:45.510, 20422716862027, vstest.console.dll, TestRequestManager.RunTests: run tests completed.
TpTrace Information: 0 : 19352, 6, 2021/12/31, 11:25:45.511, 20422716863689, vstest.console.dll, SocketServer.Stop: Cancellation requested. Stopping message loop.
TpTrace Information: 0 : 19352, 1, 2021/12/31, 11:25:45.511, 20422716866363, vstest.console.dll, RunTestsArgumentProcessor:Execute: Test run is completed.
TpTrace Information: 0 : 19352, 6, 2021/12/31, 11:25:45.511, 20422716867922, vstest.console.dll, SocketServer.PrivateStop: Stop server endPoint: 127.0.0.1:65290 error: 
TpTrace Verbose: 0 : 19352, 1, 2021/12/31, 11:25:45.512, 20422716875349, vstest.console.dll, Executor.Execute: Exiting with exit code of 0
TpTrace Verbose: 0 : 19352, 6, 2021/12/31, 11:25:45.513, 20422716883781, vstest.console.dll, LengthPrefixCommunicationChannel.Dispose: Dispose reader and writer.
TpTrace Information: 0 : 19352, 6, 2021/12/31, 11:25:45.513, 20422716886683, vstest.console.dll, SocketServer.Stop: Raise disconnected event endPoint: 127.0.0.1:65290 error: 
TpTrace Verbose: 0 : 19352, 6, 2021/12/31, 11:25:45.513, 20422716889191, vstest.console.dll, TestRequestSender: OnTestRunAbort: Operation is already complete. Skip error message.
TpTrace Verbose: 0 : 19352, 6, 2021/12/31, 11:25:45.513, 20422716891190, vstest.console.dll, TcpClientExtensions.MessageLoopAsync: exiting MessageLoopAsync remoteEndPoint: 127.0.0.1:65291 localEndPoint: 127.0.0.1:65290
