<?xml version="1.0" encoding="utf-8"?>
<coverage line-rate="0.4816" branch-rate="0.23309999999999997" version="1.9" timestamp="1641860304" lines-covered="866" lines-valid="1798" branches-covered="159" branches-valid="682">
  <sources>
    <source>C:\Users\carmelo.daniele\</source>
  </sources>
  <packages>
    <package name="HelperAndToolsForTest" line-rate="0.3312" branch-rate="0.2192" complexity="740">
      <classes>
        <class name="HelperAndToolsForTest.Helper.Extensions.IOExtensions.StringPathExtensions" filename="source\repos\HelperAndToolsForUT\HelperAndToolsForTest\IO\PathStringExtensions.cs" line-rate="0" branch-rate="0" complexity="2">
          <methods>
            <method name="CleanForUsePathWindows" signature="(System.String,System.Boolean)" line-rate="0" branch-rate="0" complexity="2">
              <lines>
                <line number="22" hits="0" branch="False" />
                <line number="23" hits="0" branch="False" />
                <line number="24" hits="0" branch="False" />
                <line number="28" hits="0" branch="False" />
                <line number="30" hits="0" branch="False" />
                <line number="33" hits="0" branch="False" />
                <line number="35" hits="0" branch="False" />
                <line number="41" hits="0" branch="False" />
                <line number="43" hits="0" branch="False" />
                <line number="46" hits="0" branch="False" />
                <line number="48" hits="0" branch="False" />
                <line number="50" hits="0" branch="False" />
                <line number="52" hits="0" branch="False" />
                <line number="53" hits="0" branch="False" />
                <line number="57" hits="0" branch="False" />
                <line number="59" hits="0" branch="False" />
                <line number="63" hits="0" branch="False" />
                <line number="67" hits="0" branch="False" />
                <line number="69" hits="0" branch="True" condition-coverage="0% (0/2)">
                  <conditions>
                    <condition number="226" type="jump" coverage="0%" />
                  </conditions>
                </line>
                <line number="70" hits="0" branch="False" />
                <line number="73" hits="0" branch="False" />
                <line number="74" hits="0" branch="False" />
                <line number="75" hits="0" branch="False" />
                <line number="76" hits="0" branch="False" />
                <line number="77" hits="0" branch="False" />
                <line number="79" hits="0" branch="False" />
                <line number="80" hits="0" branch="False" />
              </lines>
            </method>
          </methods>
          <lines>
            <line number="22" hits="0" branch="False" />
            <line number="23" hits="0" branch="False" />
            <line number="24" hits="0" branch="False" />
            <line number="28" hits="0" branch="False" />
            <line number="30" hits="0" branch="False" />
            <line number="33" hits="0" branch="False" />
            <line number="35" hits="0" branch="False" />
            <line number="41" hits="0" branch="False" />
            <line number="43" hits="0" branch="False" />
            <line number="46" hits="0" branch="False" />
            <line number="48" hits="0" branch="False" />
            <line number="50" hits="0" branch="False" />
            <line number="52" hits="0" branch="False" />
            <line number="53" hits="0" branch="False" />
            <line number="57" hits="0" branch="False" />
            <line number="59" hits="0" branch="False" />
            <line number="63" hits="0" branch="False" />
            <line number="67" hits="0" branch="False" />
            <line number="69" hits="0" branch="True" condition-coverage="0% (0/2)">
              <conditions>
                <condition number="226" type="jump" coverage="0%" />
              </conditions>
            </line>
            <line number="70" hits="0" branch="False" />
            <line number="73" hits="0" branch="False" />
            <line number="74" hits="0" branch="False" />
            <line number="75" hits="0" branch="False" />
            <line number="76" hits="0" branch="False" />
            <line number="77" hits="0" branch="False" />
            <line number="79" hits="0" branch="False" />
            <line number="80" hits="0" branch="False" />
          </lines>
        </class>
        <class name="HelperAndToolsForTest.IO.HostTypeConvention" filename="source\repos\HelperAndToolsForUT\HelperAndToolsForTest\IO\HostTypeConvention.cs" line-rate="0.6651" branch-rate="0.35710000000000003" complexity="123">
          <methods>
            <method name="get_HostValidation" signature="()" line-rate="1" branch-rate="1" complexity="1">
              <lines>
                <line number="130" hits="10" branch="False" />
              </lines>
            </method>
            <method name="get_HostFound" signature="()" line-rate="1" branch-rate="1" complexity="1">
              <lines>
                <line number="135" hits="12" branch="False" />
              </lines>
            </method>
            <method name="get_ConventionType" signature="()" line-rate="1" branch-rate="1" complexity="1">
              <lines>
                <line number="140" hits="57" branch="False" />
              </lines>
            </method>
            <method name="get_ReservedNamesForRoot" signature="()" line-rate="1" branch-rate="1" complexity="1">
              <lines>
                <line number="145" hits="28" branch="False" />
              </lines>
            </method>
            <method name="get_ReservedNamesForFileName" signature="()" line-rate="1" branch-rate="1" complexity="1">
              <lines>
                <line number="150" hits="29" branch="False" />
              </lines>
            </method>
            <method name="get_ListOfInvalidCharsForPath" signature="()" line-rate="1" branch-rate="1" complexity="1">
              <lines>
                <line number="155" hits="27" branch="False" />
              </lines>
            </method>
            <method name="get_Options" signature="()" line-rate="1" branch-rate="1" complexity="1">
              <lines>
                <line number="160" hits="9" branch="False" />
              </lines>
            </method>
            <method name="ApplyPolicyConventions" signature="()" line-rate="0.7391" branch-rate="0.6666" complexity="18">
              <lines>
                <line number="319" hits="9" branch="False" />
                <line number="324" hits="9" branch="True" condition-coverage="100% (2/2)">
                  <conditions>
                    <condition number="12" type="jump" coverage="100%" />
                  </conditions>
                </line>
                <line number="326" hits="8" branch="False" />
                <line number="327" hits="1" branch="True" condition-coverage="50% (1/2)">
                  <conditions>
                    <condition number="34" type="jump" coverage="50%" />
                  </conditions>
                </line>
                <line number="329" hits="1" branch="False" />
                <line number="332" hits="0" branch="False" />
                <line number="335" hits="9" branch="True" condition-coverage="50% (1/2)">
                  <conditions>
                    <condition number="75" type="jump" coverage="50%" />
                  </conditions>
                </line>
                <line number="336" hits="0" branch="False" />
                <line number="343" hits="9" branch="True" condition-coverage="100% (2/2)">
                  <conditions>
                    <condition number="106" type="jump" coverage="100%" />
                  </conditions>
                </line>
                <line number="345" hits="8" branch="False" />
                <line number="346" hits="1" branch="True" condition-coverage="50% (1/2)">
                  <conditions>
                    <condition number="130" type="jump" coverage="50%" />
                  </conditions>
                </line>
                <line number="348" hits="1" branch="False" />
                <line number="351" hits="0" branch="False" />
                <line number="354" hits="9" branch="True" condition-coverage="50% (1/2)">
                  <conditions>
                    <condition number="181" type="jump" coverage="50%" />
                  </conditions>
                </line>
                <line number="355" hits="0" branch="False" />
                <line number="362" hits="9" branch="True" condition-coverage="100% (2/2)">
                  <conditions>
                    <condition number="214" type="jump" coverage="100%" />
                  </conditions>
                </line>
                <line number="364" hits="8" branch="False" />
                <line number="365" hits="1" branch="True" condition-coverage="50% (1/2)">
                  <conditions>
                    <condition number="238" type="jump" coverage="50%" />
                  </conditions>
                </line>
                <line number="367" hits="1" branch="False" />
                <line number="370" hits="0" branch="False" />
                <line number="373" hits="9" branch="True" condition-coverage="50% (1/2)">
                  <conditions>
                    <condition number="289" type="jump" coverage="50%" />
                  </conditions>
                </line>
                <line number="374" hits="0" branch="False" />
                <line number="377" hits="9" branch="False" />
              </lines>
            </method>
            <method name="GetTypeHostValidation" signature="(System.Boolean,System.String,System.String,System.Nullable`1&lt;HelperAndToolsForTest.IO.HostType&gt;&amp;,System.String&amp;)" line-rate="0.8695" branch-rate="0.5714" complexity="14">
              <lines>
                <line number="393" hits="18" branch="False" />
                <line number="396" hits="18" branch="True" condition-coverage="100% (2/2)">
                  <conditions>
                    <condition number="4" type="jump" coverage="100%" />
                  </conditions>
                </line>
                <line number="397" hits="16" branch="False" />
                <line number="398" hits="16" branch="False" />
                <line number="399" hits="16" branch="True" condition-coverage="50% (1/2)">
                  <conditions>
                    <condition number="33" type="jump" coverage="50%" />
                  </conditions>
                </line>
                <line number="400" hits="16" branch="True" condition-coverage="50% (1/2)">
                  <conditions>
                    <condition number="67" type="jump" coverage="50%" />
                  </conditions>
                </line>
                <line number="401" hits="16" branch="True" condition-coverage="50% (1/2)">
                  <conditions>
                    <condition number="98" type="jump" coverage="50%" />
                  </conditions>
                </line>
                <line number="402" hits="16" branch="True" condition-coverage="50% (1/2)">
                  <conditions>
                    <condition number="131" type="jump" coverage="50%" />
                  </conditions>
                </line>
                <line number="403" hits="16" branch="True" condition-coverage="50% (1/2)">
                  <conditions>
                    <condition number="164" type="jump" coverage="50%" />
                  </conditions>
                </line>
                <line number="404" hits="16" branch="False" />
                <line number="405" hits="16" branch="False" />
                <line number="406" hits="16" branch="False" />
                <line number="409" hits="16" branch="False" />
                <line number="410" hits="16" branch="False" />
                <line number="413" hits="2" branch="False" />
                <line number="414" hits="2" branch="True" condition-coverage="50% (1/2)">
                  <conditions>
                    <condition number="235" type="jump" coverage="50%" />
                  </conditions>
                </line>
                <line number="416" hits="0" branch="False" />
                <line number="417" hits="0" branch="False" />
                <line number="418" hits="0" branch="False" />
                <line number="421" hits="2" branch="False" />
                <line number="423" hits="2" branch="False" />
                <line number="424" hits="2" branch="False" />
                <line number="427" hits="18" branch="False" />
              </lines>
            </method>
            <method name="setRuntimePlusExtraDefaultsListOfInvalidCharsForPath" signature="()" line-rate="0.41659999999999997" branch-rate="0.125" complexity="8">
              <lines>
                <line number="435" hits="8" branch="False" />
                <line number="437" hits="8" branch="False" />
                <line number="440" hits="8" branch="True" condition-coverage="50% (1/2)">
                  <conditions>
                    <condition number="25" type="jump" coverage="50%" />
                  </conditions>
                </line>
                <line number="441" hits="8" branch="False" />
                <line number="442" hits="0" branch="True" condition-coverage="0% (0/2)">
                  <conditions>
                    <condition number="49" type="jump" coverage="0%" />
                  </conditions>
                </line>
                <line number="443" hits="0" branch="False" />
                <line number="444" hits="0" branch="True" condition-coverage="0% (0/2)">
                  <conditions>
                    <condition number="73" type="jump" coverage="0%" />
                  </conditions>
                </line>
                <line number="445" hits="0" branch="False" />
                <line number="447" hits="0" branch="True" condition-coverage="0% (0/2)">
                  <conditions>
                    <condition number="97" type="jump" coverage="0%" />
                  </conditions>
                </line>
                <line number="448" hits="0" branch="False" />
                <line number="451" hits="0" branch="False" />
                <line number="452" hits="8" branch="False" />
              </lines>
            </method>
            <method name="setPickedPlusExtraDefaultsListOfInvalidCharsForPath" signature="(HelperAndToolsForTest.IO.HostType)" line-rate="0.46149999999999997" branch-rate="0.3" complexity="10">
              <lines>
                <line number="456" hits="9" branch="False" />
                <line number="457" hits="9" branch="True" condition-coverage="100% (2/2)">
                  <conditions>
                    <condition number="12" type="jump" coverage="100%" />
                  </conditions>
                </line>
                <line number="458" hits="1" branch="False" />
                <line number="461" hits="9" branch="True" condition-coverage="50% (1/2)">
                  <conditions>
                    <condition number="33" type="jump" coverage="50%" />
                  </conditions>
                </line>
                <line number="462" hits="9" branch="False" />
                <line number="463" hits="0" branch="True" condition-coverage="0% (0/2)">
                  <conditions>
                    <condition number="60" type="jump" coverage="0%" />
                  </conditions>
                </line>
                <line number="464" hits="0" branch="False" />
                <line number="465" hits="0" branch="True" condition-coverage="0% (0/2)">
                  <conditions>
                    <condition number="87" type="jump" coverage="0%" />
                  </conditions>
                </line>
                <line number="466" hits="0" branch="False" />
                <line number="467" hits="0" branch="True" condition-coverage="0% (0/2)">
                  <conditions>
                    <condition number="116" type="jump" coverage="0%" />
                  </conditions>
                </line>
                <line number="468" hits="0" branch="False" />
                <line number="470" hits="0" branch="False" />
                <line number="471" hits="9" branch="False" />
              </lines>
            </method>
            <method name="setRuntimePlusExtraDefaultsRestrictedNameOnRootForPath" signature="()" line-rate="0.3636" branch-rate="0.125" complexity="8">
              <lines>
                <line number="477" hits="8" branch="False" />
                <line number="480" hits="8" branch="True" condition-coverage="50% (1/2)">
                  <conditions>
                    <condition number="13" type="jump" coverage="50%" />
                  </conditions>
                </line>
                <line number="481" hits="8" branch="False" />
                <line number="482" hits="0" branch="True" condition-coverage="0% (0/2)">
                  <conditions>
                    <condition number="37" type="jump" coverage="0%" />
                  </conditions>
                </line>
                <line number="483" hits="0" branch="False" />
                <line number="484" hits="0" branch="True" condition-coverage="0% (0/2)">
                  <conditions>
                    <condition number="61" type="jump" coverage="0%" />
                  </conditions>
                </line>
                <line number="485" hits="0" branch="False" />
                <line number="487" hits="0" branch="True" condition-coverage="0% (0/2)">
                  <conditions>
                    <condition number="85" type="jump" coverage="0%" />
                  </conditions>
                </line>
                <line number="488" hits="0" branch="False" />
                <line number="491" hits="0" branch="False" />
                <line number="492" hits="8" branch="False" />
              </lines>
            </method>
            <method name="setPickedPlusExtraDefaultsRestrictedNameOnRootForPath" signature="(HelperAndToolsForTest.IO.HostType)" line-rate="0.46149999999999997" branch-rate="0.3" complexity="10">
              <lines>
                <line number="496" hits="9" branch="False" />
                <line number="497" hits="9" branch="True" condition-coverage="100% (2/2)">
                  <conditions>
                    <condition number="12" type="jump" coverage="100%" />
                  </conditions>
                </line>
                <line number="498" hits="9" branch="False" />
                <line number="501" hits="9" branch="True" condition-coverage="50% (1/2)">
                  <conditions>
                    <condition number="41" type="jump" coverage="50%" />
                  </conditions>
                </line>
                <line number="502" hits="9" branch="False" />
                <line number="503" hits="0" branch="True" condition-coverage="0% (0/2)">
                  <conditions>
                    <condition number="68" type="jump" coverage="0%" />
                  </conditions>
                </line>
                <line number="504" hits="0" branch="False" />
                <line number="505" hits="0" branch="True" condition-coverage="0% (0/2)">
                  <conditions>
                    <condition number="95" type="jump" coverage="0%" />
                  </conditions>
                </line>
                <line number="506" hits="0" branch="False" />
                <line number="507" hits="0" branch="True" condition-coverage="0% (0/2)">
                  <conditions>
                    <condition number="124" type="jump" coverage="0%" />
                  </conditions>
                </line>
                <line number="508" hits="0" branch="False" />
                <line number="510" hits="0" branch="False" />
                <line number="511" hits="9" branch="False" />
              </lines>
            </method>
            <method name="setRuntimePlusExtraDefaultsRestrictedNamedForFileInPath" signature="()" line-rate="0.3636" branch-rate="0.125" complexity="8">
              <lines>
                <line number="517" hits="8" branch="False" />
                <line number="520" hits="8" branch="True" condition-coverage="50% (1/2)">
                  <conditions>
                    <condition number="13" type="jump" coverage="50%" />
                  </conditions>
                </line>
                <line number="521" hits="8" branch="False" />
                <line number="522" hits="0" branch="True" condition-coverage="0% (0/2)">
                  <conditions>
                    <condition number="37" type="jump" coverage="0%" />
                  </conditions>
                </line>
                <line number="523" hits="0" branch="False" />
                <line number="524" hits="0" branch="True" condition-coverage="0% (0/2)">
                  <conditions>
                    <condition number="61" type="jump" coverage="0%" />
                  </conditions>
                </line>
                <line number="525" hits="0" branch="False" />
                <line number="527" hits="0" branch="True" condition-coverage="0% (0/2)">
                  <conditions>
                    <condition number="85" type="jump" coverage="0%" />
                  </conditions>
                </line>
                <line number="528" hits="0" branch="False" />
                <line number="531" hits="0" branch="False" />
                <line number="532" hits="8" branch="False" />
              </lines>
            </method>
            <method name="setPickedPlusExtraDefaultsRestrictedNamedForFileInPath" signature="(HelperAndToolsForTest.IO.HostType)" line-rate="0.46149999999999997" branch-rate="0.3" complexity="10">
              <lines>
                <line number="536" hits="9" branch="False" />
                <line number="537" hits="9" branch="True" condition-coverage="100% (2/2)">
                  <conditions>
                    <condition number="12" type="jump" coverage="100%" />
                  </conditions>
                </line>
                <line number="538" hits="9" branch="False" />
                <line number="541" hits="9" branch="True" condition-coverage="50% (1/2)">
                  <conditions>
                    <condition number="41" type="jump" coverage="50%" />
                  </conditions>
                </line>
                <line number="542" hits="9" branch="False" />
                <line number="543" hits="0" branch="True" condition-coverage="0% (0/2)">
                  <conditions>
                    <condition number="68" type="jump" coverage="0%" />
                  </conditions>
                </line>
                <line number="544" hits="0" branch="False" />
                <line number="545" hits="0" branch="True" condition-coverage="0% (0/2)">
                  <conditions>
                    <condition number="95" type="jump" coverage="0%" />
                  </conditions>
                </line>
                <line number="546" hits="0" branch="False" />
                <line number="547" hits="0" branch="True" condition-coverage="0% (0/2)">
                  <conditions>
                    <condition number="124" type="jump" coverage="0%" />
                  </conditions>
                </line>
                <line number="548" hits="0" branch="False" />
                <line number="550" hits="0" branch="False" />
                <line number="551" hits="9" branch="False" />
              </lines>
            </method>
            <method name=".ctor" signature="(System.Char[],System.String[],System.String[],HelperAndToolsForTest.IO.OptionsConvention)" line-rate="1" branch-rate="1" complexity="1">
              <lines>
                <line number="178" hits="8" branch="False" />
                <line number="179" hits="8" branch="False" />
                <line number="180" hits="8" branch="False" />
                <line number="181" hits="8" branch="False" />
                <line number="182" hits="8" branch="False" />
                <line number="183" hits="24" branch="False" />
              </lines>
            </method>
            <method name=".ctor" signature="(HelperAndToolsForTest.IO.HostType,System.Char[],System.String[],System.String[],HelperAndToolsForTest.IO.OptionsConvention)" line-rate="1" branch-rate="1" complexity="1">
              <lines>
                <line number="199" hits="1" branch="False" />
                <line number="200" hits="1" branch="False" />
                <line number="201" hits="1" branch="False" />
                <line number="202" hits="1" branch="False" />
                <line number="203" hits="1" branch="False" />
                <line number="204" hits="1" branch="False" />
                <line number="205" hits="2" branch="False" />
              </lines>
            </method>
            <method name=".ctor" signature="(System.String,System.Char[],System.String[],System.String[],HelperAndToolsForTest.IO.OptionsConvention)" line-rate="0" branch-rate="1" complexity="1">
              <lines>
                <line number="221" hits="0" branch="False" />
                <line number="222" hits="0" branch="False" />
                <line number="223" hits="0" branch="False" />
                <line number="224" hits="0" branch="False" />
                <line number="225" hits="0" branch="False" />
                <line number="226" hits="0" branch="False" />
              </lines>
            </method>
            <method name=".ctor" signature="(System.Boolean,System.Nullable`1&lt;HelperAndToolsForTest.IO.HostType&gt;,HelperAndToolsForTest.IO.OptionsConvention,System.Char[],System.String[],System.String[],System.String)" line-rate="0.6792" branch-rate="0.30760000000000004" complexity="26">
              <lines>
                <line number="56" hits="9" branch="False" />
                <line number="57" hits="9" branch="False" />
                <line number="58" hits="9" branch="False" />
                <line number="59" hits="9" branch="False" />
                <line number="242" hits="9" branch="False" />
                <line number="243" hits="9" branch="False" />
                <line number="244" hits="9" branch="False" />
                <line number="245" hits="9" branch="False" />
                <line number="246" hits="9" branch="False" />
                <line number="247" hits="9" branch="False" />
                <line number="248" hits="9" branch="False" />
                <line number="249" hits="9" branch="False" />
                <line number="250" hits="18" branch="False" />
                <line number="252" hits="9" branch="False" />
                <line number="253" hits="9" branch="True" condition-coverage="50% (3/6)">
                  <conditions>
                    <condition number="40" type="jump" coverage="50%" />
                    <condition number="44" type="jump" coverage="50%" />
                    <condition number="56" type="jump" coverage="50%" />
                  </conditions>
                </line>
                <line number="254" hits="18" branch="False" />
                <line number="255" hits="9" branch="True" condition-coverage="50% (1/2)">
                  <conditions>
                    <condition number="65" type="jump" coverage="50%" />
                  </conditions>
                </line>
                <line number="256" hits="9" branch="False" />
                <line number="258" hits="0" branch="False" />
                <line number="259" hits="9" branch="False" />
                <line number="260" hits="0" branch="False" />
                <line number="261" hits="0" branch="True" condition-coverage="0% (0/2)">
                  <conditions>
                    <condition number="93" type="jump" coverage="0%" />
                  </conditions>
                </line>
                <line number="262" hits="0" branch="False" />
                <line number="264" hits="0" branch="False" />
                <line number="265" hits="0" branch="False" />
                <line number="268" hits="9" branch="False" />
                <line number="269" hits="9" branch="False" />
                <line number="272" hits="18" branch="True" condition-coverage="50% (1/2)">
                  <conditions>
                    <condition number="146" type="jump" coverage="50%" />
                  </conditions>
                </line>
                <line number="273" hits="17" branch="True" condition-coverage="100% (2/2)">
                  <conditions>
                    <condition number="162" type="jump" coverage="100%" />
                  </conditions>
                </line>
                <line number="274" hits="2" branch="True" condition-coverage="50% (1/2)">
                  <conditions>
                    <condition number="201" type="jump" coverage="50%" />
                  </conditions>
                </line>
                <line number="275" hits="0" branch="False" />
                <line number="276" hits="9" branch="False" />
                <line number="277" hits="0" branch="True" condition-coverage="0% (0/4)">
                  <conditions>
                    <condition number="257" type="jump" coverage="0%" />
                    <condition number="275" type="jump" coverage="0%" />
                  </conditions>
                </line>
                <line number="278" hits="0" branch="False" />
                <line number="279" hits="0" branch="True" condition-coverage="0% (0/4)">
                  <conditions>
                    <condition number="294" type="jump" coverage="0%" />
                    <condition number="312" type="jump" coverage="0%" />
                  </conditions>
                </line>
                <line number="280" hits="0" branch="True" condition-coverage="0% (0/2)">
                  <conditions>
                    <condition number="333" type="jump" coverage="0%" />
                  </conditions>
                </line>
                <line number="282" hits="0" branch="False" />
                <line number="284" hits="0" branch="False" />
                <line number="285" hits="0" branch="False" />
                <line number="286" hits="0" branch="False" />
                <line number="287" hits="0" branch="False" />
                <line number="288" hits="0" branch="False" />
                <line number="291" hits="9" branch="False" />
                <line number="292" hits="9" branch="False" />
                <line number="293" hits="9" branch="False" />
                <line number="294" hits="9" branch="False" />
                <line number="297" hits="9" branch="False" />
                <line number="300" hits="9" branch="False" />
                <line number="301" hits="9" branch="False" />
                <line number="302" hits="9" branch="False" />
                <line number="303" hits="9" branch="False" />
                <line number="306" hits="9" branch="False" />
                <line number="307" hits="9" branch="False" />
              </lines>
            </method>
            <method name=".cctor" signature="()" line-rate="1" branch-rate="1" complexity="1">
              <lines>
                <line number="65" hits="1" branch="False" />
                <line number="67" hits="1" branch="False" />
                <line number="69" hits="1" branch="False" />
                <line number="71" hits="1" branch="False" />
                <line number="73" hits="1" branch="False" />
                <line number="80" hits="1" branch="False" />
                <line number="83" hits="1" branch="False" />
                <line number="84" hits="1" branch="False" />
                <line number="85" hits="1" branch="False" />
                <line number="86" hits="1" branch="False" />
                <line number="87" hits="1" branch="False" />
                <line number="90" hits="1" branch="False" />
                <line number="93" hits="1" branch="False" />
                <line number="96" hits="1" branch="False" />
                <line number="103" hits="1" branch="False" />
                <line number="106" hits="1" branch="False" />
                <line number="107" hits="1" branch="False" />
                <line number="108" hits="1" branch="False" />
                <line number="109" hits="1" branch="False" />
                <line number="110" hits="1" branch="False" />
                <line number="113" hits="1" branch="False" />
                <line number="116" hits="1" branch="False" />
                <line number="119" hits="1" branch="False" />
              </lines>
            </method>
          </methods>
          <lines>
            <line number="130" hits="10" branch="False" />
            <line number="135" hits="12" branch="False" />
            <line number="140" hits="57" branch="False" />
            <line number="145" hits="28" branch="False" />
            <line number="150" hits="29" branch="False" />
            <line number="155" hits="27" branch="False" />
            <line number="160" hits="9" branch="False" />
            <line number="319" hits="9" branch="False" />
            <line number="324" hits="9" branch="True" condition-coverage="100% (2/2)">
              <conditions>
                <condition number="12" type="jump" coverage="100%" />
              </conditions>
            </line>
            <line number="326" hits="8" branch="False" />
            <line number="327" hits="1" branch="True" condition-coverage="50% (1/2)">
              <conditions>
                <condition number="34" type="jump" coverage="50%" />
              </conditions>
            </line>
            <line number="329" hits="1" branch="False" />
            <line number="332" hits="0" branch="False" />
            <line number="335" hits="9" branch="True" condition-coverage="50% (1/2)">
              <conditions>
                <condition number="75" type="jump" coverage="50%" />
              </conditions>
            </line>
            <line number="336" hits="0" branch="False" />
            <line number="343" hits="9" branch="True" condition-coverage="100% (2/2)">
              <conditions>
                <condition number="106" type="jump" coverage="100%" />
              </conditions>
            </line>
            <line number="345" hits="8" branch="False" />
            <line number="346" hits="1" branch="True" condition-coverage="50% (1/2)">
              <conditions>
                <condition number="130" type="jump" coverage="50%" />
              </conditions>
            </line>
            <line number="348" hits="1" branch="False" />
            <line number="351" hits="0" branch="False" />
            <line number="354" hits="9" branch="True" condition-coverage="50% (1/2)">
              <conditions>
                <condition number="181" type="jump" coverage="50%" />
              </conditions>
            </line>
            <line number="355" hits="0" branch="False" />
            <line number="362" hits="9" branch="True" condition-coverage="100% (2/2)">
              <conditions>
                <condition number="214" type="jump" coverage="100%" />
              </conditions>
            </line>
            <line number="364" hits="8" branch="False" />
            <line number="365" hits="1" branch="True" condition-coverage="50% (1/2)">
              <conditions>
                <condition number="238" type="jump" coverage="50%" />
              </conditions>
            </line>
            <line number="367" hits="1" branch="False" />
            <line number="370" hits="0" branch="False" />
            <line number="373" hits="9" branch="True" condition-coverage="50% (1/2)">
              <conditions>
                <condition number="289" type="jump" coverage="50%" />
              </conditions>
            </line>
            <line number="374" hits="0" branch="False" />
            <line number="377" hits="9" branch="False" />
            <line number="393" hits="18" branch="False" />
            <line number="396" hits="18" branch="True" condition-coverage="100% (2/2)">
              <conditions>
                <condition number="4" type="jump" coverage="100%" />
              </conditions>
            </line>
            <line number="397" hits="16" branch="False" />
            <line number="398" hits="16" branch="False" />
            <line number="399" hits="16" branch="True" condition-coverage="50% (1/2)">
              <conditions>
                <condition number="33" type="jump" coverage="50%" />
              </conditions>
            </line>
            <line number="400" hits="16" branch="True" condition-coverage="50% (1/2)">
              <conditions>
                <condition number="67" type="jump" coverage="50%" />
              </conditions>
            </line>
            <line number="401" hits="16" branch="True" condition-coverage="50% (1/2)">
              <conditions>
                <condition number="98" type="jump" coverage="50%" />
              </conditions>
            </line>
            <line number="402" hits="16" branch="True" condition-coverage="50% (1/2)">
              <conditions>
                <condition number="131" type="jump" coverage="50%" />
              </conditions>
            </line>
            <line number="403" hits="16" branch="True" condition-coverage="50% (1/2)">
              <conditions>
                <condition number="164" type="jump" coverage="50%" />
              </conditions>
            </line>
            <line number="404" hits="16" branch="False" />
            <line number="405" hits="16" branch="False" />
            <line number="406" hits="16" branch="False" />
            <line number="409" hits="16" branch="False" />
            <line number="410" hits="16" branch="False" />
            <line number="413" hits="2" branch="False" />
            <line number="414" hits="2" branch="True" condition-coverage="50% (1/2)">
              <conditions>
                <condition number="235" type="jump" coverage="50%" />
              </conditions>
            </line>
            <line number="416" hits="0" branch="False" />
            <line number="417" hits="0" branch="False" />
            <line number="418" hits="0" branch="False" />
            <line number="421" hits="2" branch="False" />
            <line number="423" hits="2" branch="False" />
            <line number="424" hits="2" branch="False" />
            <line number="427" hits="18" branch="False" />
            <line number="435" hits="8" branch="False" />
            <line number="437" hits="8" branch="False" />
            <line number="440" hits="8" branch="True" condition-coverage="50% (1/2)">
              <conditions>
                <condition number="25" type="jump" coverage="50%" />
              </conditions>
            </line>
            <line number="441" hits="8" branch="False" />
            <line number="442" hits="0" branch="True" condition-coverage="0% (0/2)">
              <conditions>
                <condition number="49" type="jump" coverage="0%" />
              </conditions>
            </line>
            <line number="443" hits="0" branch="False" />
            <line number="444" hits="0" branch="True" condition-coverage="0% (0/2)">
              <conditions>
                <condition number="73" type="jump" coverage="0%" />
              </conditions>
            </line>
            <line number="445" hits="0" branch="False" />
            <line number="447" hits="0" branch="True" condition-coverage="0% (0/2)">
              <conditions>
                <condition number="97" type="jump" coverage="0%" />
              </conditions>
            </line>
            <line number="448" hits="0" branch="False" />
            <line number="451" hits="0" branch="False" />
            <line number="452" hits="8" branch="False" />
            <line number="456" hits="9" branch="False" />
            <line number="457" hits="9" branch="True" condition-coverage="100% (2/2)">
              <conditions>
                <condition number="12" type="jump" coverage="100%" />
              </conditions>
            </line>
            <line number="458" hits="1" branch="False" />
            <line number="461" hits="9" branch="True" condition-coverage="50% (1/2)">
              <conditions>
                <condition number="33" type="jump" coverage="50%" />
              </conditions>
            </line>
            <line number="462" hits="9" branch="False" />
            <line number="463" hits="0" branch="True" condition-coverage="0% (0/2)">
              <conditions>
                <condition number="60" type="jump" coverage="0%" />
              </conditions>
            </line>
            <line number="464" hits="0" branch="False" />
            <line number="465" hits="0" branch="True" condition-coverage="0% (0/2)">
              <conditions>
                <condition number="87" type="jump" coverage="0%" />
              </conditions>
            </line>
            <line number="466" hits="0" branch="False" />
            <line number="467" hits="0" branch="True" condition-coverage="0% (0/2)">
              <conditions>
                <condition number="116" type="jump" coverage="0%" />
              </conditions>
            </line>
            <line number="468" hits="0" branch="False" />
            <line number="470" hits="0" branch="False" />
            <line number="471" hits="9" branch="False" />
            <line number="477" hits="8" branch="False" />
            <line number="480" hits="8" branch="True" condition-coverage="50% (1/2)">
              <conditions>
                <condition number="13" type="jump" coverage="50%" />
              </conditions>
            </line>
            <line number="481" hits="8" branch="False" />
            <line number="482" hits="0" branch="True" condition-coverage="0% (0/2)">
              <conditions>
                <condition number="37" type="jump" coverage="0%" />
              </conditions>
            </line>
            <line number="483" hits="0" branch="False" />
            <line number="484" hits="0" branch="True" condition-coverage="0% (0/2)">
              <conditions>
                <condition number="61" type="jump" coverage="0%" />
              </conditions>
            </line>
            <line number="485" hits="0" branch="False" />
            <line number="487" hits="0" branch="True" condition-coverage="0% (0/2)">
              <conditions>
                <condition number="85" type="jump" coverage="0%" />
              </conditions>
            </line>
            <line number="488" hits="0" branch="False" />
            <line number="491" hits="0" branch="False" />
            <line number="492" hits="8" branch="False" />
            <line number="496" hits="9" branch="False" />
            <line number="497" hits="9" branch="True" condition-coverage="100% (2/2)">
              <conditions>
                <condition number="12" type="jump" coverage="100%" />
              </conditions>
            </line>
            <line number="498" hits="9" branch="False" />
            <line number="501" hits="9" branch="True" condition-coverage="50% (1/2)">
              <conditions>
                <condition number="41" type="jump" coverage="50%" />
              </conditions>
            </line>
            <line number="502" hits="9" branch="False" />
            <line number="503" hits="0" branch="True" condition-coverage="0% (0/2)">
              <conditions>
                <condition number="68" type="jump" coverage="0%" />
              </conditions>
            </line>
            <line number="504" hits="0" branch="False" />
            <line number="505" hits="0" branch="True" condition-coverage="0% (0/2)">
              <conditions>
                <condition number="95" type="jump" coverage="0%" />
              </conditions>
            </line>
            <line number="506" hits="0" branch="False" />
            <line number="507" hits="0" branch="True" condition-coverage="0% (0/2)">
              <conditions>
                <condition number="124" type="jump" coverage="0%" />
              </conditions>
            </line>
            <line number="508" hits="0" branch="False" />
            <line number="510" hits="0" branch="False" />
            <line number="511" hits="9" branch="False" />
            <line number="517" hits="8" branch="False" />
            <line number="520" hits="8" branch="True" condition-coverage="50% (1/2)">
              <conditions>
                <condition number="13" type="jump" coverage="50%" />
              </conditions>
            </line>
            <line number="521" hits="8" branch="False" />
            <line number="522" hits="0" branch="True" condition-coverage="0% (0/2)">
              <conditions>
                <condition number="37" type="jump" coverage="0%" />
              </conditions>
            </line>
            <line number="523" hits="0" branch="False" />
            <line number="524" hits="0" branch="True" condition-coverage="0% (0/2)">
              <conditions>
                <condition number="61" type="jump" coverage="0%" />
              </conditions>
            </line>
            <line number="525" hits="0" branch="False" />
            <line number="527" hits="0" branch="True" condition-coverage="0% (0/2)">
              <conditions>
                <condition number="85" type="jump" coverage="0%" />
              </conditions>
            </line>
            <line number="528" hits="0" branch="False" />
            <line number="531" hits="0" branch="False" />
            <line number="532" hits="8" branch="False" />
            <line number="536" hits="9" branch="False" />
            <line number="537" hits="9" branch="True" condition-coverage="100% (2/2)">
              <conditions>
                <condition number="12" type="jump" coverage="100%" />
              </conditions>
            </line>
            <line number="538" hits="9" branch="False" />
            <line number="541" hits="9" branch="True" condition-coverage="50% (1/2)">
              <conditions>
                <condition number="41" type="jump" coverage="50%" />
              </conditions>
            </line>
            <line number="542" hits="9" branch="False" />
            <line number="543" hits="0" branch="True" condition-coverage="0% (0/2)">
              <conditions>
                <condition number="68" type="jump" coverage="0%" />
              </conditions>
            </line>
            <line number="544" hits="0" branch="False" />
            <line number="545" hits="0" branch="True" condition-coverage="0% (0/2)">
              <conditions>
                <condition number="95" type="jump" coverage="0%" />
              </conditions>
            </line>
            <line number="546" hits="0" branch="False" />
            <line number="547" hits="0" branch="True" condition-coverage="0% (0/2)">
              <conditions>
                <condition number="124" type="jump" coverage="0%" />
              </conditions>
            </line>
            <line number="548" hits="0" branch="False" />
            <line number="550" hits="0" branch="False" />
            <line number="551" hits="9" branch="False" />
            <line number="178" hits="8" branch="False" />
            <line number="179" hits="8" branch="False" />
            <line number="180" hits="8" branch="False" />
            <line number="181" hits="8" branch="False" />
            <line number="182" hits="8" branch="False" />
            <line number="183" hits="24" branch="False" />
            <line number="199" hits="1" branch="False" />
            <line number="200" hits="1" branch="False" />
            <line number="201" hits="1" branch="False" />
            <line number="202" hits="1" branch="False" />
            <line number="203" hits="1" branch="False" />
            <line number="204" hits="1" branch="False" />
            <line number="205" hits="2" branch="False" />
            <line number="221" hits="0" branch="False" />
            <line number="222" hits="0" branch="False" />
            <line number="223" hits="0" branch="False" />
            <line number="224" hits="0" branch="False" />
            <line number="225" hits="0" branch="False" />
            <line number="226" hits="0" branch="False" />
            <line number="56" hits="9" branch="False" />
            <line number="57" hits="9" branch="False" />
            <line number="58" hits="9" branch="False" />
            <line number="59" hits="9" branch="False" />
            <line number="242" hits="9" branch="False" />
            <line number="243" hits="9" branch="False" />
            <line number="244" hits="9" branch="False" />
            <line number="245" hits="9" branch="False" />
            <line number="246" hits="9" branch="False" />
            <line number="247" hits="9" branch="False" />
            <line number="248" hits="9" branch="False" />
            <line number="249" hits="9" branch="False" />
            <line number="250" hits="18" branch="False" />
            <line number="252" hits="9" branch="False" />
            <line number="253" hits="9" branch="True" condition-coverage="50% (3/6)">
              <conditions>
                <condition number="40" type="jump" coverage="50%" />
                <condition number="44" type="jump" coverage="50%" />
                <condition number="56" type="jump" coverage="50%" />
              </conditions>
            </line>
            <line number="254" hits="18" branch="False" />
            <line number="255" hits="9" branch="True" condition-coverage="50% (1/2)">
              <conditions>
                <condition number="65" type="jump" coverage="50%" />
              </conditions>
            </line>
            <line number="256" hits="9" branch="False" />
            <line number="258" hits="0" branch="False" />
            <line number="259" hits="9" branch="False" />
            <line number="260" hits="0" branch="False" />
            <line number="261" hits="0" branch="True" condition-coverage="0% (0/2)">
              <conditions>
                <condition number="93" type="jump" coverage="0%" />
              </conditions>
            </line>
            <line number="262" hits="0" branch="False" />
            <line number="264" hits="0" branch="False" />
            <line number="265" hits="0" branch="False" />
            <line number="268" hits="9" branch="False" />
            <line number="269" hits="9" branch="False" />
            <line number="272" hits="18" branch="True" condition-coverage="50% (1/2)">
              <conditions>
                <condition number="146" type="jump" coverage="50%" />
              </conditions>
            </line>
            <line number="273" hits="17" branch="True" condition-coverage="100% (2/2)">
              <conditions>
                <condition number="162" type="jump" coverage="100%" />
              </conditions>
            </line>
            <line number="274" hits="2" branch="True" condition-coverage="50% (1/2)">
              <conditions>
                <condition number="201" type="jump" coverage="50%" />
              </conditions>
            </line>
            <line number="275" hits="0" branch="False" />
            <line number="276" hits="9" branch="False" />
            <line number="277" hits="0" branch="True" condition-coverage="0% (0/4)">
              <conditions>
                <condition number="257" type="jump" coverage="0%" />
                <condition number="275" type="jump" coverage="0%" />
              </conditions>
            </line>
            <line number="278" hits="0" branch="False" />
            <line number="279" hits="0" branch="True" condition-coverage="0% (0/4)">
              <conditions>
                <condition number="294" type="jump" coverage="0%" />
                <condition number="312" type="jump" coverage="0%" />
              </conditions>
            </line>
            <line number="280" hits="0" branch="True" condition-coverage="0% (0/2)">
              <conditions>
                <condition number="333" type="jump" coverage="0%" />
              </conditions>
            </line>
            <line number="282" hits="0" branch="False" />
            <line number="284" hits="0" branch="False" />
            <line number="285" hits="0" branch="False" />
            <line number="286" hits="0" branch="False" />
            <line number="287" hits="0" branch="False" />
            <line number="288" hits="0" branch="False" />
            <line number="291" hits="9" branch="False" />
            <line number="292" hits="9" branch="False" />
            <line number="293" hits="9" branch="False" />
            <line number="294" hits="9" branch="False" />
            <line number="297" hits="9" branch="False" />
            <line number="300" hits="9" branch="False" />
            <line number="301" hits="9" branch="False" />
            <line number="302" hits="9" branch="False" />
            <line number="303" hits="9" branch="False" />
            <line number="306" hits="9" branch="False" />
            <line number="307" hits="9" branch="False" />
            <line number="65" hits="1" branch="False" />
            <line number="67" hits="1" branch="False" />
            <line number="69" hits="1" branch="False" />
            <line number="71" hits="1" branch="False" />
            <line number="73" hits="1" branch="False" />
            <line number="80" hits="1" branch="False" />
            <line number="83" hits="1" branch="False" />
            <line number="84" hits="1" branch="False" />
            <line number="85" hits="1" branch="False" />
            <line number="86" hits="1" branch="False" />
            <line number="87" hits="1" branch="False" />
            <line number="90" hits="1" branch="False" />
            <line number="93" hits="1" branch="False" />
            <line number="96" hits="1" branch="False" />
            <line number="103" hits="1" branch="False" />
            <line number="106" hits="1" branch="False" />
            <line number="107" hits="1" branch="False" />
            <line number="108" hits="1" branch="False" />
            <line number="109" hits="1" branch="False" />
            <line number="110" hits="1" branch="False" />
            <line number="113" hits="1" branch="False" />
            <line number="116" hits="1" branch="False" />
            <line number="119" hits="1" branch="False" />
          </lines>
        </class>
        <class name="HelperAndToolsForTest.IO.OptionsConvention" filename="source\repos\HelperAndToolsForUT\HelperAndToolsForTest\IO\HostTypeConventions.Options.cs" line-rate="0.5512" branch-rate="0.3666" complexity="43">
          <methods>
            <method name="get_HostValidation" signature="()" line-rate="1" branch-rate="1" complexity="1">
              <lines>
                <line number="37" hits="9" branch="False" />
              </lines>
            </method>
            <method name="get_ConventionType" signature="()" line-rate="1" branch-rate="1" complexity="1">
              <lines>
                <line number="42" hits="19" branch="False" />
              </lines>
            </method>
            <method name="get_HostConvention" signature="()" line-rate="1" branch-rate="1" complexity="1">
              <lines>
                <line number="47" hits="9" branch="False" />
              </lines>
            </method>
            <method name="get_Lengths" signature="()" line-rate="1" branch-rate="1" complexity="1">
              <lines>
                <line number="56" hits="9" branch="False" />
              </lines>
            </method>
            <method name="get_CheckEndNameOnPath" signature="()" line-rate="1" branch-rate="1" complexity="1">
              <lines>
                <line number="61" hits="9" branch="False" />
              </lines>
            </method>
            <method name="setRuntimeHostDefaultPolicyOptionsForPathOrFileName" signature="()" line-rate="0.3636" branch-rate="0.125" complexity="8">
              <lines>
                <line number="157" hits="8" branch="False" />
                <line number="159" hits="8" branch="True" condition-coverage="50% (1/2)">
                  <conditions>
                    <condition number="13" type="jump" coverage="50%" />
                  </conditions>
                </line>
                <line number="160" hits="8" branch="False" />
                <line number="161" hits="0" branch="True" condition-coverage="0% (0/2)">
                  <conditions>
                    <condition number="36" type="jump" coverage="0%" />
                  </conditions>
                </line>
                <line number="162" hits="0" branch="False" />
                <line number="163" hits="0" branch="True" condition-coverage="0% (0/2)">
                  <conditions>
                    <condition number="59" type="jump" coverage="0%" />
                  </conditions>
                </line>
                <line number="164" hits="0" branch="False" />
                <line number="166" hits="0" branch="True" condition-coverage="0% (0/2)">
                  <conditions>
                    <condition number="82" type="jump" coverage="0%" />
                  </conditions>
                </line>
                <line number="167" hits="0" branch="False" />
                <line number="170" hits="0" branch="False" />
                <line number="172" hits="8" branch="False" />
              </lines>
            </method>
            <method name="setPickedHostDefaultPolicyOptionsForPathOrFileName" signature="(HelperAndToolsForTest.IO.HostType)" line-rate="0.3636" branch-rate="0.125" complexity="8">
              <lines>
                <line number="174" hits="1" branch="False" />
                <line number="177" hits="1" branch="True" condition-coverage="50% (1/2)">
                  <conditions>
                    <condition number="7" type="jump" coverage="50%" />
                  </conditions>
                </line>
                <line number="178" hits="1" branch="False" />
                <line number="179" hits="0" branch="True" condition-coverage="0% (0/2)">
                  <conditions>
                    <condition number="24" type="jump" coverage="0%" />
                  </conditions>
                </line>
                <line number="180" hits="0" branch="False" />
                <line number="181" hits="0" branch="True" condition-coverage="0% (0/2)">
                  <conditions>
                    <condition number="41" type="jump" coverage="0%" />
                  </conditions>
                </line>
                <line number="182" hits="0" branch="False" />
                <line number="183" hits="0" branch="True" condition-coverage="0% (0/2)">
                  <conditions>
                    <condition number="58" type="jump" coverage="0%" />
                  </conditions>
                </line>
                <line number="184" hits="0" branch="False" />
                <line number="186" hits="0" branch="False" />
                <line number="187" hits="1" branch="False" />
              </lines>
            </method>
            <method name="applyDefaultsOptionsPolicyForOSGeneral" signature="()" line-rate="0" branch-rate="1" complexity="1">
              <lines>
                <line number="199" hits="0" branch="False" />
                <line number="200" hits="0" branch="False" />
                <line number="201" hits="0" branch="False" />
                <line number="202" hits="0" branch="False" />
              </lines>
            </method>
            <method name="applyDefaultsOptionsPolicyForOSWindows" signature="()" line-rate="1" branch-rate="1" complexity="1">
              <lines>
                <line number="205" hits="9" branch="False" />
                <line number="206" hits="9" branch="False" />
                <line number="207" hits="9" branch="False" />
                <line number="208" hits="9" branch="False" />
              </lines>
            </method>
            <method name="applyDefaultsOptionsPolicyForOSX" signature="()" line-rate="0" branch-rate="1" complexity="1">
              <lines>
                <line number="211" hits="0" branch="False" />
                <line number="212" hits="0" branch="False" />
                <line number="213" hits="0" branch="False" />
                <line number="214" hits="0" branch="False" />
              </lines>
            </method>
            <method name="applyDefaultsOptionsPolicyForOSLinux" signature="()" line-rate="0" branch-rate="1" complexity="1">
              <lines>
                <line number="217" hits="0" branch="False" />
                <line number="218" hits="0" branch="False" />
                <line number="219" hits="0" branch="False" />
                <line number="220" hits="0" branch="False" />
              </lines>
            </method>
            <method name="applyDefaultsOptionsPolicyForOSFreeBSD" signature="()" line-rate="0" branch-rate="1" complexity="1">
              <lines>
                <line number="223" hits="0" branch="False" />
                <line number="224" hits="0" branch="False" />
                <line number="225" hits="0" branch="False" />
                <line number="226" hits="0" branch="False" />
              </lines>
            </method>
            <method name=".ctor" signature="(System.Nullable`1&lt;System.Boolean&gt;)" line-rate="1" branch-rate="1" complexity="1">
              <lines>
                <line number="72" hits="8" branch="False" />
                <line number="73" hits="16" branch="False" />
              </lines>
            </method>
            <method name=".ctor" signature="(HelperAndToolsForTest.IO.HostType)" line-rate="1" branch-rate="1" complexity="1">
              <lines>
                <line number="81" hits="1" branch="False" />
                <line number="82" hits="2" branch="False" />
              </lines>
            </method>
            <method name=".ctor" signature="(System.String,HelperAndToolsForTest.IO.OptionsConvention)" line-rate="0" branch-rate="1" complexity="1">
              <lines>
                <line number="92" hits="0" branch="False" />
                <line number="93" hits="0" branch="False" />
              </lines>
            </method>
            <method name=".ctor" signature="(System.Boolean,System.Nullable`1&lt;HelperAndToolsForTest.IO.HostType&gt;,HelperAndToolsForTest.IO.OptionsConvention,System.String)" line-rate="0.88" branch-rate="0.6428" complexity="14">
              <lines>
                <line number="106" hits="9" branch="False" />
                <line number="107" hits="9" branch="False" />
                <line number="108" hits="9" branch="False" />
                <line number="109" hits="9" branch="False" />
                <line number="110" hits="9" branch="False" />
                <line number="111" hits="9" branch="False" />
                <line number="112" hits="9" branch="False" />
                <line number="114" hits="9" branch="False" />
                <line number="116" hits="17" branch="True" condition-coverage="100% (2/2)">
                  <conditions>
                    <condition number="17" type="jump" coverage="100%" />
                  </conditions>
                </line>
                <line number="117" hits="8" branch="True" condition-coverage="50% (1/2)">
                  <conditions>
                    <condition number="26" type="jump" coverage="50%" />
                  </conditions>
                </line>
                <line number="118" hits="8" branch="False" />
                <line number="120" hits="2" branch="True" condition-coverage="50% (2/4)">
                  <conditions>
                    <condition number="38" type="jump" coverage="50%" />
                    <condition number="54" type="jump" coverage="50%" />
                  </conditions>
                </line>
                <line number="121" hits="1" branch="True" condition-coverage="50% (1/2)">
                  <conditions>
                    <condition number="65" type="jump" coverage="50%" />
                  </conditions>
                </line>
                <line number="122" hits="1" branch="False" />
                <line number="123" hits="0" branch="False" />
                <line number="126" hits="9" branch="False" />
                <line number="127" hits="9" branch="False" />
                <line number="134" hits="9" branch="True" condition-coverage="100% (2/2)">
                  <conditions>
                    <condition number="123" type="jump" coverage="100%" />
                  </conditions>
                </line>
                <line number="136" hits="8" branch="False" />
                <line number="137" hits="1" branch="True" condition-coverage="50% (1/2)">
                  <conditions>
                    <condition number="147" type="jump" coverage="50%" />
                  </conditions>
                </line>
                <line number="139" hits="1" branch="False" />
                <line number="141" hits="0" branch="False" />
                <line number="144" hits="0" branch="False" />
                <line number="148" hits="9" branch="False" />
                <line number="150" hits="9" branch="False" />
              </lines>
            </method>
          </methods>
          <lines>
            <line number="37" hits="9" branch="False" />
            <line number="42" hits="19" branch="False" />
            <line number="47" hits="9" branch="False" />
            <line number="56" hits="9" branch="False" />
            <line number="61" hits="9" branch="False" />
            <line number="157" hits="8" branch="False" />
            <line number="159" hits="8" branch="True" condition-coverage="50% (1/2)">
              <conditions>
                <condition number="13" type="jump" coverage="50%" />
              </conditions>
            </line>
            <line number="160" hits="8" branch="False" />
            <line number="161" hits="0" branch="True" condition-coverage="0% (0/2)">
              <conditions>
                <condition number="36" type="jump" coverage="0%" />
              </conditions>
            </line>
            <line number="162" hits="0" branch="False" />
            <line number="163" hits="0" branch="True" condition-coverage="0% (0/2)">
              <conditions>
                <condition number="59" type="jump" coverage="0%" />
              </conditions>
            </line>
            <line number="164" hits="0" branch="False" />
            <line number="166" hits="0" branch="True" condition-coverage="0% (0/2)">
              <conditions>
                <condition number="82" type="jump" coverage="0%" />
              </conditions>
            </line>
            <line number="167" hits="0" branch="False" />
            <line number="170" hits="0" branch="False" />
            <line number="172" hits="8" branch="False" />
            <line number="174" hits="1" branch="False" />
            <line number="177" hits="1" branch="True" condition-coverage="50% (1/2)">
              <conditions>
                <condition number="7" type="jump" coverage="50%" />
              </conditions>
            </line>
            <line number="178" hits="1" branch="False" />
            <line number="179" hits="0" branch="True" condition-coverage="0% (0/2)">
              <conditions>
                <condition number="24" type="jump" coverage="0%" />
              </conditions>
            </line>
            <line number="180" hits="0" branch="False" />
            <line number="181" hits="0" branch="True" condition-coverage="0% (0/2)">
              <conditions>
                <condition number="41" type="jump" coverage="0%" />
              </conditions>
            </line>
            <line number="182" hits="0" branch="False" />
            <line number="183" hits="0" branch="True" condition-coverage="0% (0/2)">
              <conditions>
                <condition number="58" type="jump" coverage="0%" />
              </conditions>
            </line>
            <line number="184" hits="0" branch="False" />
            <line number="186" hits="0" branch="False" />
            <line number="187" hits="1" branch="False" />
            <line number="199" hits="0" branch="False" />
            <line number="200" hits="0" branch="False" />
            <line number="201" hits="0" branch="False" />
            <line number="202" hits="0" branch="False" />
            <line number="205" hits="9" branch="False" />
            <line number="206" hits="9" branch="False" />
            <line number="207" hits="9" branch="False" />
            <line number="208" hits="9" branch="False" />
            <line number="211" hits="0" branch="False" />
            <line number="212" hits="0" branch="False" />
            <line number="213" hits="0" branch="False" />
            <line number="214" hits="0" branch="False" />
            <line number="217" hits="0" branch="False" />
            <line number="218" hits="0" branch="False" />
            <line number="219" hits="0" branch="False" />
            <line number="220" hits="0" branch="False" />
            <line number="223" hits="0" branch="False" />
            <line number="224" hits="0" branch="False" />
            <line number="225" hits="0" branch="False" />
            <line number="226" hits="0" branch="False" />
            <line number="72" hits="8" branch="False" />
            <line number="73" hits="16" branch="False" />
            <line number="81" hits="1" branch="False" />
            <line number="82" hits="2" branch="False" />
            <line number="92" hits="0" branch="False" />
            <line number="93" hits="0" branch="False" />
            <line number="106" hits="9" branch="False" />
            <line number="107" hits="9" branch="False" />
            <line number="108" hits="9" branch="False" />
            <line number="109" hits="9" branch="False" />
            <line number="110" hits="9" branch="False" />
            <line number="111" hits="9" branch="False" />
            <line number="112" hits="9" branch="False" />
            <line number="114" hits="9" branch="False" />
            <line number="116" hits="17" branch="True" condition-coverage="100% (2/2)">
              <conditions>
                <condition number="17" type="jump" coverage="100%" />
              </conditions>
            </line>
            <line number="117" hits="8" branch="True" condition-coverage="50% (1/2)">
              <conditions>
                <condition number="26" type="jump" coverage="50%" />
              </conditions>
            </line>
            <line number="118" hits="8" branch="False" />
            <line number="120" hits="2" branch="True" condition-coverage="50% (2/4)">
              <conditions>
                <condition number="38" type="jump" coverage="50%" />
                <condition number="54" type="jump" coverage="50%" />
              </conditions>
            </line>
            <line number="121" hits="1" branch="True" condition-coverage="50% (1/2)">
              <conditions>
                <condition number="65" type="jump" coverage="50%" />
              </conditions>
            </line>
            <line number="122" hits="1" branch="False" />
            <line number="123" hits="0" branch="False" />
            <line number="126" hits="9" branch="False" />
            <line number="127" hits="9" branch="False" />
            <line number="134" hits="9" branch="True" condition-coverage="100% (2/2)">
              <conditions>
                <condition number="123" type="jump" coverage="100%" />
              </conditions>
            </line>
            <line number="136" hits="8" branch="False" />
            <line number="137" hits="1" branch="True" condition-coverage="50% (1/2)">
              <conditions>
                <condition number="147" type="jump" coverage="50%" />
              </conditions>
            </line>
            <line number="139" hits="1" branch="False" />
            <line number="141" hits="0" branch="False" />
            <line number="144" hits="0" branch="False" />
            <line number="148" hits="9" branch="False" />
            <line number="150" hits="9" branch="False" />
          </lines>
        </class>
        <class name="HelperAndToolsForTest.IO.PathEqualityComparer" filename="source\repos\HelperAndToolsForUT\HelperAndToolsForTest\IO\PathEquality.cs" line-rate="0" branch-rate="0" complexity="3">
          <methods>
            <method name="Equals" signature="(System.String,System.String)" line-rate="0" branch-rate="1" complexity="1">
              <lines>
                <line number="18" hits="0" branch="False" />
                <line number="19" hits="0" branch="False" />
                <line number="20" hits="0" branch="False" />
              </lines>
            </method>
            <method name="GetHashCode" signature="(System.String)" line-rate="0" branch-rate="0" complexity="2">
              <lines>
                <line number="26" hits="0" branch="False" />
                <line number="27" hits="0" branch="True" condition-coverage="0% (0/2)">
                  <conditions>
                    <condition number="9" type="jump" coverage="0%" />
                  </conditions>
                </line>
                <line number="28" hits="0" branch="False" />
                <line number="30" hits="0" branch="False" />
                <line number="31" hits="0" branch="False" />
              </lines>
            </method>
          </methods>
          <lines>
            <line number="18" hits="0" branch="False" />
            <line number="19" hits="0" branch="False" />
            <line number="20" hits="0" branch="False" />
            <line number="26" hits="0" branch="False" />
            <line number="27" hits="0" branch="True" condition-coverage="0% (0/2)">
              <conditions>
                <condition number="9" type="jump" coverage="0%" />
              </conditions>
            </line>
            <line number="28" hits="0" branch="False" />
            <line number="30" hits="0" branch="False" />
            <line number="31" hits="0" branch="False" />
          </lines>
        </class>
        <class name="HelperAndToolsForTest.IO.PathUtils" filename="source\repos\HelperAndToolsForUT\HelperAndToolsForTest\IO\PathUtils.cs" line-rate="0.2341" branch-rate="0.17370000000000002" complexity="332">
          <methods>
            <method name="get_FullPathOfCurrentContextBin" signature="()" line-rate="0" branch-rate="0" complexity="4">
              <lines>
                <line number="166" hits="0" branch="False" />
                <line number="167" hits="0" branch="True" condition-coverage="0% (0/2)">
                  <conditions>
                    <condition number="13" type="jump" coverage="0%" />
                  </conditions>
                </line>
                <line number="168" hits="0" branch="False" />
                <line number="169" hits="0" branch="True" condition-coverage="0% (0/2)">
                  <conditions>
                    <condition number="22" type="jump" coverage="0%" />
                  </conditions>
                </line>
                <line number="170" hits="0" branch="False" />
                <line number="171" hits="0" branch="False" />
                <line number="172" hits="0" branch="False" />
                <line number="173" hits="0" branch="False" />
              </lines>
            </method>
            <method name="AnalyzeStringPathOrFileQualifier" signature="(System.String,System.Boolean,System.Boolean&amp;,System.Boolean&amp;,System.String&amp;,System.String&amp;,System.String&amp;,System.String&amp;,HelperAndToolsForTest.IO.HostTypeConvention)" line-rate="0.7345999999999999" branch-rate="0.8461" complexity="26">
              <lines>
                <line number="234" hits="8" branch="False" />
                <line number="236" hits="29" branch="True" condition-coverage="100% (2/2)">
                  <conditions>
                    <condition number="16" type="jump" coverage="100%" />
                  </conditions>
                </line>
                <line number="239" hits="40" branch="False" />
                <line number="241" hits="16" branch="False" />
                <line number="245" hits="15" branch="True" condition-coverage="100% (4/4)">
                  <conditions>
                    <condition number="62" type="jump" coverage="100%" />
                    <condition number="77" type="jump" coverage="100%" />
                  </conditions>
                </line>
                <line number="246" hits="7" branch="False" />
                <line number="247" hits="7" branch="False" />
                <line number="248" hits="7" branch="False" />
                <line number="250" hits="1" branch="False" />
                <line number="253" hits="8" branch="True" condition-coverage="100% (2/2)">
                  <conditions>
                    <condition number="122" type="jump" coverage="100%" />
                  </conditions>
                </line>
                <line number="254" hits="7" branch="False" />
                <line number="256" hits="1" branch="False" />
                <line number="260" hits="10" branch="True" condition-coverage="100% (2/2)">
                  <conditions>
                    <condition number="163" type="jump" coverage="100%" />
                  </conditions>
                </line>
                <line number="261" hits="2" branch="False" />
                <line number="262" hits="2" branch="False" />
                <line number="263" hits="2" branch="False" />
                <line number="266" hits="8" branch="False" />
                <line number="267" hits="9" branch="True" condition-coverage="100% (2/2)">
                  <conditions>
                    <condition number="197" type="jump" coverage="100%" />
                  </conditions>
                </line>
                <line number="268" hits="2" branch="False" />
                <line number="269" hits="1" branch="False" />
                <line number="270" hits="9" branch="True" condition-coverage="100% (2/2)">
                  <conditions>
                    <condition number="231" type="jump" coverage="100%" />
                  </conditions>
                </line>
                <line number="271" hits="1" branch="False" />
                <line number="272" hits="1" branch="False" />
                <line number="276" hits="7" branch="True" condition-coverage="100% (2/2)">
                  <conditions>
                    <condition number="290" type="jump" coverage="100%" />
                  </conditions>
                </line>
                <line number="277" hits="1" branch="False" />
                <line number="278" hits="1" branch="False" />
                <line number="279" hits="1" branch="True" condition-coverage="50% (1/2)">
                  <conditions>
                    <condition number="323" type="jump" coverage="50%" />
[...]
          <methods>
            <method name="Load" signature="(Microsoft.Extensions.DependencyInjection.IServiceCollection)" line-rate="1" branch-rate="1" complexity="1">
              <lines>
                <line number="13" hits="1" branch="False" />
                <line number="14" hits="1" branch="False" />
                <line number="15" hits="1" branch="False" />
                <line number="16" hits="1" branch="False" />
                <line number="17" hits="1" branch="False" />
              </lines>
            </method>
          </methods>
          <lines>
            <line number="13" hits="1" branch="False" />
            <line number="14" hits="1" branch="False" />
            <line number="15" hits="1" branch="False" />
            <line number="16" hits="1" branch="False" />
            <line number="17" hits="1" branch="False" />
          </lines>
        </class>
        <class name="HelperAndToolsForUT.Helper.Test.IocModule.BaseTests.ParameterizedModule" filename="source\repos\HelperAndToolsForUT\HelperAndToolsForTest.Test\IoCModule\BaseTests\ParametrizedModule.cs" line-rate="1" branch-rate="1" complexity="2">
          <methods>
            <method name="Load" signature="(Microsoft.Extensions.DependencyInjection.IServiceCollection)" line-rate="1" branch-rate="1" complexity="1">
              <lines>
                <line number="18" hits="1" branch="False" />
                <line number="19" hits="1" branch="False" />
                <line number="20" hits="1" branch="False" />
                <line number="21" hits="1" branch="False" />
              </lines>
            </method>
            <method name=".ctor" signature="(HelperAndToolsForUT.Helper.Test.IocModule.IService)" line-rate="1" branch-rate="1" complexity="1">
              <lines>
                <line number="12" hits="1" branch="False" />
                <line number="13" hits="1" branch="False" />
                <line number="14" hits="1" branch="False" />
                <line number="15" hits="1" branch="False" />
              </lines>
            </method>
          </methods>
          <lines>
            <line number="18" hits="1" branch="False" />
            <line number="19" hits="1" branch="False" />
            <line number="20" hits="1" branch="False" />
            <line number="21" hits="1" branch="False" />
            <line number="12" hits="1" branch="False" />
            <line number="13" hits="1" branch="False" />
            <line number="14" hits="1" branch="False" />
            <line number="15" hits="1" branch="False" />
          </lines>
        </class>
        <class name="HelperAndToolsForUT.Helper.Test.IocModule.BaseTests.Service2Impl1" filename="source\repos\HelperAndToolsForUT\HelperAndToolsForTest.Test\IoCModule\BaseTests\Service2Impl.cs" line-rate="1" branch-rate="1" complexity="2">
          <methods>
            <method name="Message" signature="()" line-rate="1" branch-rate="1" complexity="1">
              <lines>
                <line number="14" hits="1" branch="False" />
              </lines>
            </method>
            <method name=".ctor" signature="(HelperAndToolsForUT.Helper.Test.IocModule.IService)" line-rate="1" branch-rate="1" complexity="1">
              <lines>
                <line number="9" hits="1" branch="False" />
                <line number="10" hits="1" branch="False" />
                <line number="11" hits="1" branch="False" />
                <line number="12" hits="1" branch="False" />
              </lines>
            </method>
          </methods>
          <lines>
            <line number="14" hits="1" branch="False" />
            <line number="9" hits="1" branch="False" />
            <line number="10" hits="1" branch="False" />
            <line number="11" hits="1" branch="False" />
            <line number="12" hits="1" branch="False" />
          </lines>
        </class>
        <class name="HelperAndToolsForUT.Helper.Test.IocModule.BaseTests.ServiceImpl1" filename="source\repos\HelperAndToolsForUT\HelperAndToolsForTest.Test\IoCModule\BaseTests\ServiceImpl1.cs" line-rate="0" branch-rate="1" complexity="1">
          <methods>
            <method name="Message" signature="()" line-rate="0" branch-rate="1" complexity="1">
              <lines>
                <line number="7" hits="0" branch="False" />
              </lines>
            </method>
          </methods>
          <lines>
            <line number="7" hits="0" branch="False" />
          </lines>
        </class>
        <class name="HelperAndToolsForUT.Helper.Test.IocModule.BaseTests.ServiceImpl2" filename="source\repos\HelperAndToolsForUT\HelperAndToolsForTest.Test\IoCModule\BaseTests\ServiceImpl2.cs" line-rate="1" branch-rate="1" complexity="1">
          <methods>
            <method name="Message" signature="()" line-rate="1" branch-rate="1" complexity="1">
              <lines>
                <line number="7" hits="2" branch="False" />
              </lines>
            </method>
          </methods>
          <lines>
            <line number="7" hits="2" branch="False" />
          </lines>
        </class>
        <class name="HelperAndToolsForUT.Helper.Test.IocModule.BaseTests.TestModule" filename="source\repos\HelperAndToolsForUT\HelperAndToolsForTest.Test\IoCModule\BaseTests\TestModule.cs" line-rate="1" branch-rate="0.5" complexity="2">
          <methods>
            <method name="Load" signature="(Microsoft.Extensions.DependencyInjection.IServiceCollection)" line-rate="1" branch-rate="0.5" complexity="2">
              <lines>
                <line number="14" hits="1" branch="False" />
                <line number="15" hits="1" branch="False" />
                <line number="16" hits="7" branch="True" condition-coverage="50% (1/2)">
                  <conditions>
                    <condition number="47" type="jump" coverage="50%" />
                  </conditions>
                </line>
                <line number="17" hits="1" branch="False" />
              </lines>
            </method>
          </methods>
          <lines>
            <line number="14" hits="1" branch="False" />
            <line number="15" hits="1" branch="False" />
            <line number="16" hits="7" branch="True" condition-coverage="50% (1/2)">
              <conditions>
                <condition number="47" type="jump" coverage="50%" />
              </conditions>
            </line>
            <line number="17" hits="1" branch="False" />
          </lines>
        </class>
        <class name="HelperAndToolsForUT.Helper.Test.FluentAssertions.ItsTests" filename="source\repos\HelperAndToolsForUT\HelperAndToolsForTest.Test\FluentAssertions\TestFluentAssertions.cs" line-rate="1" branch-rate="1" complexity="8">
          <methods>
            <method name="TestInitialize" signature="()" line-rate="1" branch-rate="1" complexity="1">
              <lines>
                <line number="24" hits="7" branch="False" />
                <line number="25" hits="7" branch="False" />
                <line number="26" hits="7" branch="False" />
                <line number="27" hits="7" branch="False" />
              </lines>
            </method>
            <method name="EquivalentTo_Matches_Same_Complex_Types" signature="()" line-rate="1" branch-rate="1" complexity="1">
              <lines>
                <line number="31" hits="1" branch="False" />
                <line number="32" hits="1" branch="False" />
                <line number="34" hits="1" branch="False" />
                <line number="36" hits="1" branch="False" />
                <line number="37" hits="1" branch="False" />
              </lines>
            </method>
            <method name="EquivalentTo_Matches_Two_Different_Complex_Types_With_Same_Data" signature="()" line-rate="1" branch-rate="1" complexity="1">
              <lines>
                <line number="41" hits="1" branch="False" />
                <line number="42" hits="1" branch="False" />
                <line number="43" hits="1" branch="False" />
                <line number="45" hits="1" branch="False" />
                <line number="47" hits="1" branch="False" />
                <line number="48" hits="1" branch="False" />
              </lines>
            </method>
            <method name="EquivalentTo_Does_Not_Match_Two_Complex_Types_If_Child_Property_Has_Different_Value" signature="()" line-rate="1" branch-rate="1" complexity="1">
              <lines>
                <line number="52" hits="1" branch="False" />
                <line number="53" hits="1" branch="False" />
                <line number="55" hits="1" branch="False" />
                <line number="56" hits="1" branch="False" />
                <line number="58" hits="1" branch="False" />
                <line number="60" hits="2" branch="False" />
                <line number="61" hits="1" branch="False" />
                <line number="62" hits="1" branch="False" />
              </lines>
            </method>
            <method name="EquivalentTo_Matches_Two_Complex_Types_If_Child_Property_Has_Different_Value_But_Its_Ignored" signature="()" line-rate="1" branch-rate="1" complexity="1">
              <lines>
                <line number="66" hits="1" branch="False" />
                <line number="67" hits="1" branch="False" />
                <line number="69" hits="1" branch="False" />
                <line number="70" hits="1" branch="False" />
                <line number="72" hits="1" branch="False" />
                <line number="74" hits="1" branch="False" />
                <line number="75" hits="1" branch="False" />
                <line number="76" hits="1" branch="False" />
                <line number="77" hits="1" branch="False" />
                <line number="78" hits="1" branch="False" />
              </lines>
            </method>
            <method name="EquivalentTo_Matches_If_Actual_And_Expected_Are_Null" signature="()" line-rate="1" branch-rate="1" complexity="1">
              <lines>
                <line number="82" hits="1" branch="False" />
                <line number="83" hits="1" branch="False" />
                <line number="85" hits="1" branch="False" />
                <line number="86" hits="1" branch="False" />
              </lines>
            </method>
            <method name="EquivalentTo_Does_Not_Match_If_Actual_Object_Has_Value_And_Expected_Object_Is_Null" signature="()" line-rate="1" branch-rate="1" complexity="1">
              <lines>
                <line number="90" hits="1" branch="False" />
                <line number="91" hits="1" branch="False" />
                <line number="93" hits="1" branch="False" />
                <line number="95" hits="2" branch="False" />
                <line number="96" hits="1" branch="False" />
                <line number="97" hits="1" branch="False" />
              </lines>
            </method>
            <method name="EquivalentTo_Does_Not_Match_If_Actual_Object_Is_Null_And_Expected_Object_Has_Value" signature="()" line-rate="1" branch-rate="1" complexity="1">
              <lines>
                <line number="101" hits="1" branch="False" />
                <line number="102" hits="1" branch="False" />
                <line number="104" hits="1" branch="False" />
                <line number="106" hits="2" branch="False" />
                <line number="107" hits="1" branch="False" />
                <line number="108" hits="1" branch="False" />
              </lines>
            </method>
          </methods>
          <lines>
            <line number="24" hits="7" branch="False" />
            <line number="25" hits="7" branch="False" />
            <line number="26" hits="7" branch="False" />
            <line number="27" hits="7" branch="False" />
            <line number="31" hits="1" branch="False" />
            <line number="32" hits="1" branch="False" />
            <line number="34" hits="1" branch="False" />
            <line number="36" hits="1" branch="False" />
            <line number="37" hits="1" branch="False" />
            <line number="41" hits="1" branch="False" />
            <line number="42" hits="1" branch="False" />
            <line number="43" hits="1" branch="False" />
            <line number="45" hits="1" branch="False" />
            <line number="47" hits="1" branch="False" />
            <line number="48" hits="1" branch="False" />
            <line number="52" hits="1" branch="False" />
            <line number="53" hits="1" branch="False" />
            <line number="55" hits="1" branch="False" />
            <line number="56" hits="1" branch="False" />
            <line number="58" hits="1" branch="False" />
            <line number="60" hits="2" branch="False" />
            <line number="61" hits="1" branch="False" />
            <line number="62" hits="1" branch="False" />
            <line number="66" hits="1" branch="False" />
            <line number="67" hits="1" branch="False" />
            <line number="69" hits="1" branch="False" />
            <line number="70" hits="1" branch="False" />
            <line number="72" hits="1" branch="False" />
            <line number="74" hits="1" branch="False" />
            <line number="75" hits="1" branch="False" />
            <line number="76" hits="1" branch="False" />
            <line number="77" hits="1" branch="False" />
            <line number="78" hits="1" branch="False" />
            <line number="82" hits="1" branch="False" />
            <line number="83" hits="1" branch="False" />
            <line number="85" hits="1" branch="False" />
            <line number="86" hits="1" branch="False" />
            <line number="90" hits="1" branch="False" />
            <line number="91" hits="1" branch="False" />
            <line number="93" hits="1" branch="False" />
            <line number="95" hits="2" branch="False" />
            <line number="96" hits="1" branch="False" />
            <line number="97" hits="1" branch="False" />
            <line number="101" hits="1" branch="False" />
            <line number="102" hits="1" branch="False" />
            <line number="104" hits="1" branch="False" />
            <line number="106" hits="2" branch="False" />
            <line number="107" hits="1" branch="False" />
            <line number="108" hits="1" branch="False" />
          </lines>
        </class>
        <class name="HelperAndToolsForUT.Helper.Test.FluentAssertions.Tools.Punctuation" filename="source\repos\HelperAndToolsForUT\HelperAndToolsForTest.Test\FluentAssertions\TestTools.cs" line-rate="0" branch-rate="1" complexity="1">
          <methods>
            <method name="AddExclamationPoint" signature="(System.String)" line-rate="0" branch-rate="1" complexity="1">
              <lines>
                <line number="21" hits="0" branch="False" />
                <line number="22" hits="0" branch="False" />
                <line number="23" hits="0" branch="False" />
              </lines>
            </method>
          </methods>
          <lines>
            <line number="21" hits="0" branch="False" />
            <line number="22" hits="0" branch="False" />
            <line number="23" hits="0" branch="False" />
          </lines>
        </class>
        <class name="HelperAndToolsForUT.Helper.Test.FluentAssertions.Tools.ComplexType" filename="source\repos\HelperAndToolsForUT\HelperAndToolsForTest.Test\FluentAssertions\TestTools.cs" line-rate="1" branch-rate="1" complexity="6">
          <methods>
            <method name="get_IntProperty" signature="()" line-rate="1" branch-rate="1" complexity="1">
              <lines>
                <line number="28" hits="20" branch="False" />
              </lines>
            </method>
            <method name="get_StringProperty" signature="()" line-rate="1" branch-rate="1" complexity="1">
              <lines>
                <line number="30" hits="20" branch="False" />
              </lines>
            </method>
            <method name="get_GuidProperty" signature="()" line-rate="1" branch-rate="1" complexity="1">
              <lines>
                <line number="32" hits="20" branch="False" />
              </lines>
            </method>
            <method name="get_ComplexTypeProperty" signature="()" line-rate="1" branch-rate="1" complexity="1">
              <lines>
                <line number="34" hits="25" branch="False" />
              </lines>
            </method>
            <method name="get_ListProperty" signature="()" line-rate="1" branch-rate="1" complexity="1">
              <lines>
                <line number="36" hits="20" branch="False" />
              </lines>
            </method>
            <method name="Copy" signature="()" line-rate="1" branch-rate="1" complexity="1">
              <lines>
                <line number="46" hits="3" branch="False" />
                <line number="47" hits="3" branch="False" />
                <line number="48" hits="3" branch="False" />
                <line number="49" hits="3" branch="False" />
                <line number="50" hits="3" branch="False" />
                <line number="51" hits="3" branch="False" />
                <line number="52" hits="3" branch="False" />
                <line number="53" hits="3" branch="False" />
                <line number="54" hits="3" branch="False" />
                <line number="55" hits="3" branch="False" />
                <line number="56" hits="3" branch="False" />
                <line number="57" hits="9" branch="False" />
                <line number="58" hits="3" branch="False" />
                <line number="59" hits="3" branch="False" />
              </lines>
            </method>
          </methods>
          <lines>
            <line number="28" hits="20" branch="False" />
            <line number="30" hits="20" branch="False" />
            <line number="32" hits="20" branch="False" />
            <line number="34" hits="25" branch="False" />
            <line number="36" hits="20" branch="False" />
            <line number="46" hits="3" branch="False" />
            <line number="47" hits="3" branch="False" />
            <line number="48" hits="3" branch="False" />
            <line number="49" hits="3" branch="False" />
            <line number="50" hits="3" branch="False" />
            <line number="51" hits="3" branch="False" />
            <line number="52" hits="3" branch="False" />
            <line number="53" hits="3" branch="False" />
            <line number="54" hits="3" branch="False" />
            <line number="55" hits="3" branch="False" />
            <line number="56" hits="3" branch="False" />
            <line number="57" hits="9" branch="False" />
            <line number="58" hits="3" branch="False" />
            <line number="59" hits="3" branch="False" />
          </lines>
        </class>
        <class name="HelperAndToolsForUT.Helper.Test.FluentAssertions.Tools.ComplexType/AnotherComplexType" filename="source\repos\HelperAndToolsForUT\HelperAndToolsForTest.Test\FluentAssertions\TestTools.cs" line-rate="1" branch-rate="1" complexity="2">
          <methods>
            <method name="get_IntProperty" signature="()" line-rate="1" branch-rate="1" complexity="1">
              <lines>
                <line number="40" hits="22" branch="False" />
              </lines>
            </method>
            <method name="get_StringProperty" signature="()" line-rate="1" branch-rate="1" complexity="1">
              <lines>
                <line number="42" hits="20" branch="False" />
              </lines>
            </method>
          </methods>
          <lines>
            <line number="40" hits="22" branch="False" />
            <line number="42" hits="20" branch="False" />
          </lines>
        </class>
      </classes>
    </package>
  </packages>
</coverage>